Resolving data files: 100%|██████████████████████████████████████████████████████| 2000/2000 [00:00<00:00, 54931.62it/s]
Resolving data files: 100%|███████████████████████████████████████████████████████| 200/200 [00:00<00:00, 912797.39it/s]
Starting MobilePipe training...
===== STARTING CONFIG TEST 1
===== STARTING CONFIG TEST 2
===== STARTING CONFIG TEST 3
1 8.739453633626303
2 6.748290618260701
3 8.801703294118246
Selected: 2
Starting main training...
epoch 1 | step 0/15 | loss = 1.4951 | global_step = 1/15 | 6.727380275726318
epoch 1 | step 1/15 | loss = 1.4065 | global_step = 2/15 | 6.298167943954468
epoch 1 | step 2/15 | loss = 1.2830 | global_step = 3/15 | 6.444184064865112
epoch 1 | step 3/15 | loss = 1.2002 | global_step = 4/15 | 6.484819173812866
epoch 1 | step 4/15 | loss = 1.1344 | global_step = 5/15 | 6.807352066040039
epoch 1 | step 5/15 | loss = 1.1560 | global_step = 6/15 | 6.6335999965667725
epoch 1 | step 6/15 | loss = 1.1286 | global_step = 7/15 | 6.648457050323486
epoch 1 | step 7/15 | loss = 0.9979 | global_step = 8/15 | 6.40026593208313
epoch 1 | step 8/15 | loss = 0.9990 | global_step = 9/15 | 6.476355791091919
epoch 1 | step 9/15 | loss = 0.9454 | global_step = 10/15 | 6.383399963378906
epoch 1 | step 10/15 | loss = 0.9785 | global_step = 11/15 | 6.444357872009277
epoch 1 | step 11/15 | loss = 0.9279 | global_step = 12/15 | 6.597118854522705
epoch 1 | step 12/15 | loss = 0.8821 | global_step = 13/15 | 6.34293007850647
epoch 1 | step 13/15 | loss = 0.7201 | global_step = 14/15 | 6.3991241455078125
epoch 1 | step 14/15 | loss = 0.8082 | global_step = 15/15 | 6.316775798797607

