MICROBATCH_SIZE: 2
NOF MICROBATCHES: 32
Resolving data files: 100%|██████████████████████████████████████████████████████| 2000/2000 [00:00<00:00, 58016.52it/s]
Resolving data files: 100%|███████████████████████████████████████████████████████| 200/200 [00:00<00:00, 946795.49it/s]
Starting MobilePipe training...
===== STARTING CONFIG TEST 1
===== STARTING CONFIG TEST 2
===== STARTING CONFIG TEST 3
1 4.680055697758992
2 2.6530629793802896
3 3.021265665690104
Selected: 2
Starting main training...
epoch 1 | step 0/31 | loss = 1.6112 | global_step = 1/31 | 2.4346728324890137
epoch 1 | step 1/31 | loss = 1.5349 | global_step = 2/31 | 2.8039910793304443
epoch 1 | step 2/31 | loss = 1.4517 | global_step = 3/31 | 2.4673640727996826
epoch 1 | step 3/31 | loss = 1.3928 | global_step = 4/31 | 2.4734349250793457
epoch 1 | step 4/31 | loss = 1.3796 | global_step = 5/31 | 2.4475162029266357
epoch 1 | step 5/31 | loss = 1.4787 | global_step = 6/31 | 2.447646141052246
epoch 1 | step 6/31 | loss = 1.3887 | global_step = 7/31 | 2.4665043354034424
epoch 1 | step 7/31 | loss = 1.3272 | global_step = 8/31 | 2.4515299797058105
epoch 1 | step 8/31 | loss = 1.3524 | global_step = 9/31 | 2.440869092941284
epoch 1 | step 9/31 | loss = 1.3856 | global_step = 10/31 | 2.4586520195007324
epoch 1 | step 10/31 | loss = 1.2138 | global_step = 11/31 | 2.4566099643707275
epoch 1 | step 11/31 | loss = 1.2624 | global_step = 12/31 | 2.460231065750122
epoch 1 | step 12/31 | loss = 1.2399 | global_step = 13/31 | 2.471132755279541
epoch 1 | step 13/31 | loss = 1.2266 | global_step = 14/31 | 2.47182297706604
epoch 1 | step 14/31 | loss = 1.2493 | global_step = 15/31 | 2.4517691135406494
epoch 1 | step 15/31 | loss = 1.1543 | global_step = 16/31 | 2.460613965988159
epoch 1 | step 16/31 | loss = 1.2217 | global_step = 17/31 | 2.464148998260498
epoch 1 | step 17/31 | loss = 1.2071 | global_step = 18/31 | 2.458012819290161
epoch 1 | step 18/31 | loss = 1.1254 | global_step = 19/31 | 2.4511799812316895
epoch 1 | step 19/31 | loss = 1.0886 | global_step = 20/31 | 2.447460889816284
epoch 1 | step 20/31 | loss = 1.1070 | global_step = 21/31 | 2.4573559761047363
epoch 1 | step 21/31 | loss = 0.9817 | global_step = 22/31 | 2.479393720626831
epoch 1 | step 22/31 | loss = 1.0425 | global_step = 23/31 | 2.464306116104126
epoch 1 | step 23/31 | loss = 1.0906 | global_step = 24/31 | 2.4675629138946533
epoch 1 | step 24/31 | loss = 1.0864 | global_step = 25/31 | 2.4755859375
epoch 1 | step 25/31 | loss = 0.9982 | global_step = 26/31 | 2.4675309658050537
epoch 1 | step 26/31 | loss = 0.9151 | global_step = 27/31 | 2.4657628536224365
epoch 1 | step 27/31 | loss = 0.9966 | global_step = 28/31 | 2.4729690551757812
epoch 1 | step 28/31 | loss = 1.1720 | global_step = 29/31 | 2.470154047012329
epoch 1 | step 29/31 | loss = 1.1586 | global_step = 30/31 | 2.4713149070739746
epoch 1 | step 30/31 | loss = 1.0392 | global_step = 31/31 | 2.4666860103607178

