MICROBATCH_SIZE 2
NOF MICROBATCHS 32
Resolving data files: 100%|█████████████████████████████████████| 2000/2000 [00:00<00:00, 117306.78it/s]
Resolving data files: 100%|████████████████████████████████████████| 200/200 [00:00<00:00, 34276.99it/s]
Starting MobilePipe training...
===== STARTING CONFIG TEST 1
===== STARTING CONFIG TEST 2
===== STARTING CONFIG TEST 3
1 5.00102702776591
2 4.265136003494263
3 6.472564299901326
Selected: 2
Starting main training...
epoch 1 | step 0/31 | loss = 1.3124 | global_step = 1/31 | 3.2897233963012695
epoch 1 | step 1/31 | loss = 1.5255 | global_step = 2/31 | 3.3188648223876953
epoch 1 | step 2/31 | loss = 1.4238 | global_step = 3/31 | 3.2856647968292236
epoch 1 | step 3/31 | loss = 1.2618 | global_step = 4/31 | 3.3011982440948486
epoch 1 | step 4/31 | loss = 1.2298 | global_step = 5/31 | 3.3311378955841064
epoch 1 | step 5/31 | loss = 1.2543 | global_step = 6/31 | 3.328357458114624
epoch 1 | step 6/31 | loss = 1.2535 | global_step = 7/31 | 3.3329784870147705
epoch 1 | step 7/31 | loss = 1.2077 | global_step = 8/31 | 3.315992593765259
epoch 1 | step 8/31 | loss = 1.1920 | global_step = 9/31 | 3.306270122528076
epoch 1 | step 9/31 | loss = 1.2133 | global_step = 10/31 | 3.2978076934814453
epoch 1 | step 10/31 | loss = 1.2245 | global_step = 11/31 | 3.321552038192749
epoch 1 | step 11/31 | loss = 1.1783 | global_step = 12/31 | 3.315936326980591
epoch 1 | step 12/31 | loss = 1.1733 | global_step = 13/31 | 3.3144893646240234
epoch 1 | step 13/31 | loss = 1.0950 | global_step = 14/31 | 3.3030753135681152
epoch 1 | step 14/31 | loss = 1.0472 | global_step = 15/31 | 3.3299615383148193
epoch 1 | step 15/31 | loss = 1.0707 | global_step = 16/31 | 3.331352472305298
epoch 1 | step 16/31 | loss = 1.0209 | global_step = 17/31 | 3.32381534576416
epoch 1 | step 17/31 | loss = 1.0660 | global_step = 18/31 | 3.310285806655884
epoch 1 | step 18/31 | loss = 1.0206 | global_step = 19/31 | 3.3066601753234863
epoch 1 | step 19/31 | loss = 0.9397 | global_step = 20/31 | 3.363898754119873
epoch 1 | step 20/31 | loss = 1.0216 | global_step = 21/31 | 3.341339111328125
epoch 1 | step 21/31 | loss = 1.0652 | global_step = 22/31 | 3.3170230388641357
epoch 1 | step 22/31 | loss = 1.0292 | global_step = 23/31 | 3.3167316913604736
epoch 1 | step 23/31 | loss = 0.9655 | global_step = 24/31 | 3.3326361179351807
epoch 1 | step 24/31 | loss = 0.8836 | global_step = 25/31 | 3.3238348960876465
epoch 1 | step 25/31 | loss = 0.8577 | global_step = 26/31 | 3.3270103931427
epoch 1 | step 26/31 | loss = 0.7647 | global_step = 27/31 | 3.3364555835723877
epoch 1 | step 27/31 | loss = 0.8105 | global_step = 28/31 | 3.3412461280822754
epoch 1 | step 28/31 | loss = 0.7996 | global_step = 29/31 | 3.330552339553833
epoch 1 | step 29/31 | loss = 0.7138 | global_step = 30/31 | 3.321035146713257
epoch 1 | step 30/31 | loss = 1.0336 | global_step = 31/31 | 3.3310208320617676

