MICROBATCH_SIZE: 4
NOF MICROBATCHES: 32
Resolving data files: 100%|██████████████████████████████████████████████████████| 2000/2000 [00:00<00:00, 53443.22it/s]
Resolving data files: 100%|███████████████████████████████████████████████████████| 200/200 [00:00<00:00, 943600.45it/s]
Starting MobilePipe training...
===== STARTING CONFIG TEST 1
===== STARTING CONFIG TEST 2
===== STARTING CONFIG TEST 3
1 8.351325114568075
2 4.892096201578776
3 4.963695287704468
Selected: 2
Starting main training...
epoch 1 | step 0/15 | loss = 1.5800 | global_step = 1/15 | 4.469067811965942
epoch 1 | step 1/15 | loss = 1.3818 | global_step = 2/15 | 4.479339122772217
epoch 1 | step 2/15 | loss = 1.2468 | global_step = 3/15 | 4.492476224899292
epoch 1 | step 3/15 | loss = 1.1920 | global_step = 4/15 | 4.513219833374023
epoch 1 | step 4/15 | loss = 1.1737 | global_step = 5/15 | 4.481082916259766
epoch 1 | step 5/15 | loss = 1.1562 | global_step = 6/15 | 4.483569145202637
epoch 1 | step 6/15 | loss = 1.0664 | global_step = 7/15 | 4.470947027206421
epoch 1 | step 7/15 | loss = 1.0210 | global_step = 8/15 | 4.503512144088745
epoch 1 | step 8/15 | loss = 0.9356 | global_step = 9/15 | 4.511833190917969
epoch 1 | step 9/15 | loss = 0.9843 | global_step = 10/15 | 4.485424280166626
epoch 1 | step 10/15 | loss = 0.9186 | global_step = 11/15 | 4.512453079223633
epoch 1 | step 11/15 | loss = 0.9139 | global_step = 12/15 | 4.485436916351318
epoch 1 | step 12/15 | loss = 0.8926 | global_step = 13/15 | 4.490720987319946
epoch 1 | step 13/15 | loss = 0.8218 | global_step = 14/15 | 4.460613250732422
epoch 1 | step 14/15 | loss = 0.8543 | global_step = 15/15 | 4.48150897026062

