MICROBATCH_SIZE: 8
Resolving data files: 100%|██████████████████████████████████████████████████████| 2000/2000 [00:00<00:00, 55969.20it/s]
Resolving data files: 100%|███████████████████████████████████████████████████████| 200/200 [00:00<00:00, 873813.33it/s]
Starting MobilePipe training...
===== STARTING CONFIG TEST 1
===== STARTING CONFIG TEST 2
===== STARTING CONFIG TEST 3
1 7.998371442159017
2 5.068863709767659
3 4.451050917307536
Selected: 3
Starting main training...
epoch 1 | step 0/15 | loss = 1.6053 | global_step = 1/15 | 4.038100004196167
epoch 1 | step 1/15 | loss = 1.3539 | global_step = 2/15 | 4.102710008621216
epoch 1 | step 2/15 | loss = 1.2552 | global_step = 3/15 | 3.8323211669921875
epoch 1 | step 3/15 | loss = 1.2190 | global_step = 4/15 | 3.71458101272583
epoch 1 | step 4/15 | loss = 1.1766 | global_step = 5/15 | 3.83276104927063
epoch 1 | step 5/15 | loss = 1.0426 | global_step = 6/15 | 3.750108003616333
epoch 1 | step 6/15 | loss = 1.0413 | global_step = 7/15 | 3.913585901260376
epoch 1 | step 7/15 | loss = 0.9514 | global_step = 8/15 | 3.709696054458618
epoch 1 | step 8/15 | loss = 1.0086 | global_step = 9/15 | 4.118226051330566
epoch 1 | step 9/15 | loss = 0.9584 | global_step = 10/15 | 3.958874225616455
epoch 1 | step 10/15 | loss = 0.8955 | global_step = 11/15 | 3.840491771697998
epoch 1 | step 11/15 | loss = 0.8667 | global_step = 12/15 | 4.12604022026062
epoch 1 | step 12/15 | loss = 0.8720 | global_step = 13/15 | 4.037379264831543
epoch 1 | step 13/15 | loss = 0.8096 | global_step = 14/15 | 4.0544328689575195
epoch 1 | step 14/15 | loss = 0.7781 | global_step = 15/15 | 4.10628867149353

