Starting MobilePipe training...
===== STARTING CONFIG TEST 1
===== STARTING CONFIG TEST 2
===== STARTING CONFIG TEST 3
1 5.147510528564453
2 4.543797731399536
3 6.367328882217407
Selected: 2
Starting main training...
epoch 1 | step 0/78 | loss = 2.5818 | global_step = 1/780 | 3.5211262702941895
epoch 1 | step 1/78 | loss = 2.5322 | global_step = 2/780 | 3.47416353225708
epoch 1 | step 2/78 | loss = 2.5350 | global_step = 3/780 | 3.487070083618164
epoch 1 | step 3/78 | loss = 2.2198 | global_step = 4/780 | 3.4901182651519775
epoch 1 | step 4/78 | loss = 2.2510 | global_step = 5/780 | 3.477828025817871
epoch 1 | step 5/78 | loss = 2.2346 | global_step = 6/780 | 3.477235794067383
epoch 1 | step 6/78 | loss = 2.1202 | global_step = 7/780 | 3.5209553241729736
epoch 1 | step 7/78 | loss = 2.1507 | global_step = 8/780 | 3.530754566192627
epoch 1 | step 8/78 | loss = 1.9978 | global_step = 9/780 | 3.462675094604492
epoch 1 | step 9/78 | loss = 2.0491 | global_step = 10/780 | 3.4978201389312744
epoch 1 | step 10/78 | loss = 1.9809 | global_step = 11/780 | 3.524646759033203
epoch 1 | step 11/78 | loss = 2.1208 | global_step = 12/780 | 3.5432472229003906
epoch 1 | step 12/78 | loss = 1.8642 | global_step = 13/780 | 3.490051746368408
epoch 1 | step 13/78 | loss = 1.9083 | global_step = 14/780 | 3.4734511375427246
epoch 1 | step 14/78 | loss = 2.0477 | global_step = 15/780 | 3.5305697917938232
epoch 1 | step 15/78 | loss = 1.9160 | global_step = 16/780 | 3.5474305152893066
epoch 1 | step 16/78 | loss = 1.8859 | global_step = 17/780 | 3.4641690254211426
epoch 1 | step 17/78 | loss = 1.8011 | global_step = 18/780 | 3.4739561080932617
epoch 1 | step 18/78 | loss = 1.9056 | global_step = 19/780 | 3.48750901222229
epoch 1 | step 19/78 | loss = 1.8054 | global_step = 20/780 | 3.4761059284210205
epoch 1 | step 20/78 | loss = 1.7792 | global_step = 21/780 | 3.4788167476654053
epoch 1 | step 21/78 | loss = 1.7685 | global_step = 22/780 | 3.4688611030578613
epoch 1 | step 22/78 | loss = 1.8401 | global_step = 23/780 | 3.4699366092681885
epoch 1 | step 23/78 | loss = 1.6689 | global_step = 24/780 | 3.53456974029541
epoch 1 | step 24/78 | loss = 1.6333 | global_step = 25/780 | 3.510218381881714
epoch 1 | step 25/78 | loss = 1.6719 | global_step = 26/780 | 3.4807634353637695
epoch 1 | step 26/78 | loss = 1.5833 | global_step = 27/780 | 3.4724574089050293
epoch 1 | step 27/78 | loss = 1.5104 | global_step = 28/780 | 3.5408806800842285
epoch 1 | step 28/78 | loss = 1.6252 | global_step = 29/780 | 3.566633701324463
epoch 1 | step 29/78 | loss = 1.6535 | global_step = 30/780 | 3.494758367538452
epoch 1 | step 30/78 | loss = 1.5727 | global_step = 31/780 | 3.4772610664367676
epoch 1 | step 31/78 | loss = 1.5132 | global_step = 32/780 | 3.543797492980957
epoch 1 | step 32/78 | loss = 1.4793 | global_step = 33/780 | 3.5504140853881836
epoch 1 | step 33/78 | loss = 1.5710 | global_step = 34/780 | 3.4933021068573
epoch 1 | step 34/78 | loss = 1.4408 | global_step = 35/780 | 3.4619977474212646
epoch 1 | step 35/78 | loss = 1.4137 | global_step = 36/780 | 3.496913433074951
epoch 1 | step 36/78 | loss = 1.2878 | global_step = 37/780 | 3.4644110202789307
epoch 1 | step 37/78 | loss = 1.3599 | global_step = 38/780 | 3.504617214202881
epoch 1 | step 38/78 | loss = 1.4653 | global_step = 39/780 | 3.508563995361328
epoch 1 | step 39/78 | loss = 1.2620 | global_step = 40/780 | 3.504323959350586
epoch 1 | step 40/78 | loss = 1.3765 | global_step = 41/780 | 3.4780843257904053
epoch 1 | step 41/78 | loss = 1.3664 | global_step = 42/780 | 3.551715135574341
epoch 1 | step 42/78 | loss = 1.3108 | global_step = 43/780 | 3.50465726852417
epoch 1 | step 43/78 | loss = 1.4726 | global_step = 44/780 | 3.530503511428833
epoch 1 | step 44/78 | loss = 1.2472 | global_step = 45/780 | 3.5553476810455322
epoch 1 | step 45/78 | loss = 1.1537 | global_step = 46/780 | 3.477600336074829
epoch 1 | step 46/78 | loss = 1.0307 | global_step = 47/780 | 3.5034923553466797
epoch 1 | step 47/78 | loss = 1.2001 | global_step = 48/780 | 3.496058464050293
epoch 1 | step 48/78 | loss = 1.2509 | global_step = 49/780 | 3.4701156616210938
epoch 1 | step 49/78 | loss = 1.1687 | global_step = 50/780 | 3.474480152130127
epoch 1 | step 50/78 | loss = 0.9626 | global_step = 51/780 | 3.4795751571655273
epoch 1 | step 51/78 | loss = 1.0338 | global_step = 52/780 | 3.545494556427002
epoch 1 | step 52/78 | loss = 1.1243 | global_step = 53/780 | 3.560683488845825
epoch 1 | step 53/78 | loss = 1.2256 | global_step = 54/780 | 3.4866907596588135
epoch 1 | step 54/78 | loss = 1.1263 | global_step = 55/780 | 3.460258960723877
epoch 1 | step 55/78 | loss = 0.9992 | global_step = 56/780 | 3.4979140758514404
epoch 1 | step 56/78 | loss = 0.9666 | global_step = 57/780 | 3.494084596633911
epoch 1 | step 57/78 | loss = 0.9583 | global_step = 58/780 | 3.482698678970337
epoch 1 | step 58/78 | loss = 1.0814 | global_step = 59/780 | 3.4894063472747803
epoch 1 | step 59/78 | loss = 1.1609 | global_step = 60/780 | 3.5030360221862793
epoch 1 | step 60/78 | loss = 1.0932 | global_step = 61/780 | 3.4766929149627686
epoch 1 | step 61/78 | loss = 0.9359 | global_step = 62/780 | 3.5066938400268555
epoch 1 | step 62/78 | loss = 1.0053 | global_step = 63/780 | 3.5219149589538574
epoch 1 | step 63/78 | loss = 0.9999 | global_step = 64/780 | 3.572843313217163
epoch 1 | step 64/78 | loss = 0.8645 | global_step = 65/780 | 3.504884958267212
epoch 1 | step 65/78 | loss = 0.8984 | global_step = 66/780 | 3.5065882205963135
epoch 1 | step 66/78 | loss = 0.8671 | global_step = 67/780 | 3.4877328872680664
epoch 1 | step 67/78 | loss = 1.1188 | global_step = 68/780 | 3.4811999797821045
epoch 1 | step 68/78 | loss = 0.7681 | global_step = 69/780 | 3.490886926651001
epoch 1 | step 69/78 | loss = 0.7793 | global_step = 70/780 | 3.480910301208496
epoch 1 | step 70/78 | loss = 0.8379 | global_step = 71/780 | 3.4814565181732178
epoch 1 | step 71/78 | loss = 0.9191 | global_step = 72/780 | 3.4852676391601562
epoch 1 | step 72/78 | loss = 0.8763 | global_step = 73/780 | 3.4838345050811768
epoch 1 | step 73/78 | loss = 0.8972 | global_step = 74/780 | 3.569204568862915
epoch 1 | step 74/78 | loss = 0.7431 | global_step = 75/780 | 3.559593677520752
epoch 1 | step 75/78 | loss = 0.8175 | global_step = 76/780 | 3.5232534408569336
epoch 1 | step 76/78 | loss = 0.8959 | global_step = 77/780 | 3.4929866790771484
epoch 1 | step 77/78 | loss = 0.6780 | global_step = 78/780 | 3.557792901992798
epoch 2 | step 0/78 | loss = 0.8705 | global_step = 79/780 | 3.5758841037750244
epoch 2 | step 1/78 | loss = 0.7147 | global_step = 80/780 | 3.546173572540283
epoch 2 | step 2/78 | loss = 0.7529 | global_step = 81/780 | 3.489588975906372
epoch 2 | step 3/78 | loss = 0.7207 | global_step = 82/780 | 3.4818639755249023
epoch 2 | step 4/78 | loss = 0.7883 | global_step = 83/780 | 3.5630276203155518
epoch 2 | step 5/78 | loss = 0.7132 | global_step = 84/780 | 3.4854323863983154
epoch 2 | step 6/78 | loss = 0.6041 | global_step = 85/780 | 3.495312452316284
epoch 2 | step 7/78 | loss = 0.6469 | global_step = 86/780 | 3.571533679962158
epoch 2 | step 8/78 | loss = 0.6256 | global_step = 87/780 | 3.4526593685150146
epoch 2 | step 9/78 | loss = 0.5221 | global_step = 88/780 | 3.4708268642425537
epoch 2 | step 10/78 | loss = 0.5948 | global_step = 89/780 | 3.454448699951172
epoch 2 | step 11/78 | loss = 0.5876 | global_step = 90/780 | 3.4896085262298584
epoch 2 | step 12/78 | loss = 0.6615 | global_step = 91/780 | 3.480720043182373
epoch 2 | step 13/78 | loss = 0.6315 | global_step = 92/780 | 3.47511625289917
epoch 2 | step 14/78 | loss = 0.5096 | global_step = 93/780 | 3.4673306941986084
epoch 2 | step 15/78 | loss = 0.6558 | global_step = 94/780 | 3.4748196601867676
epoch 2 | step 16/78 | loss = 0.6819 | global_step = 95/780 | 3.474720001220703
epoch 2 | step 17/78 | loss = 0.5561 | global_step = 96/780 | 3.4842758178710938
epoch 2 | step 18/78 | loss = 0.7849 | global_step = 97/780 | 3.492608070373535
epoch 2 | step 19/78 | loss = 0.6357 | global_step = 98/780 | 3.500338554382324
epoch 2 | step 20/78 | loss = 0.6816 | global_step = 99/780 | 3.501173257827759
epoch 2 | step 21/78 | loss = 0.6603 | global_step = 100/780 | 3.483187437057495
epoch 2 | step 22/78 | loss = 0.6511 | global_step = 101/780 | 3.502163887023926
epoch 2 | step 23/78 | loss = 0.6526 | global_step = 102/780 | 3.4739513397216797
epoch 2 | step 24/78 | loss = 0.6101 | global_step = 103/780 | 3.555116653442383
epoch 2 | step 25/78 | loss = 0.5856 | global_step = 104/780 | 3.5517661571502686
epoch 2 | step 26/78 | loss = 0.6298 | global_step = 105/780 | 3.4905385971069336
epoch 2 | step 27/78 | loss = 0.5393 | global_step = 106/780 | 3.476311206817627
epoch 2 | step 28/78 | loss = 0.6907 | global_step = 107/780 | 3.4935836791992188
epoch 2 | step 29/78 | loss = 0.5032 | global_step = 108/780 | 3.4699907302856445
epoch 2 | step 30/78 | loss = 0.6543 | global_step = 109/780 | 3.480318307876587
epoch 2 | step 31/78 | loss = 0.6246 | global_step = 110/780 | 3.469635009765625
epoch 2 | step 32/78 | loss = 0.5844 | global_step = 111/780 | 3.5428497791290283
epoch 2 | step 33/78 | loss = 0.7145 | global_step = 112/780 | 3.4747769832611084
epoch 2 | step 34/78 | loss = 0.6215 | global_step = 113/780 | 3.500938653945923
epoch 2 | step 35/78 | loss = 0.6978 | global_step = 114/780 | 3.483830213546753
epoch 2 | step 36/78 | loss = 0.5529 | global_step = 115/780 | 3.477205514907837
epoch 2 | step 37/78 | loss = 0.8572 | global_step = 116/780 | 3.4960379600524902
epoch 2 | step 38/78 | loss = 0.7337 | global_step = 117/780 | 3.485983371734619
epoch 2 | step 39/78 | loss = 0.6095 | global_step = 118/780 | 3.4858901500701904
epoch 2 | step 40/78 | loss = 0.5838 | global_step = 119/780 | 3.5152530670166016
epoch 2 | step 41/78 | loss = 0.4598 | global_step = 120/780 | 3.4721219539642334
epoch 2 | step 42/78 | loss = 0.5762 | global_step = 121/780 | 3.485574245452881
epoch 2 | step 43/78 | loss = 0.6993 | global_step = 122/780 | 3.566577672958374
epoch 2 | step 44/78 | loss = 0.5406 | global_step = 123/780 | 3.4715750217437744
epoch 2 | step 45/78 | loss = 0.6278 | global_step = 124/780 | 3.476806402206421
epoch 2 | step 46/78 | loss = 0.4800 | global_step = 125/780 | 3.5028505325317383
epoch 2 | step 47/78 | loss = 0.5181 | global_step = 126/780 | 3.47973895072937
epoch 2 | step 48/78 | loss = 0.4554 | global_step = 127/780 | 3.4727814197540283
epoch 2 | step 49/78 | loss = 0.5603 | global_step = 128/780 | 3.473609209060669
epoch 2 | step 50/78 | loss = 0.7137 | global_step = 129/780 | 3.4921696186065674
epoch 2 | step 51/78 | loss = 0.5525 | global_step = 130/780 | 3.4767398834228516
epoch 2 | step 52/78 | loss = 0.4977 | global_step = 131/780 | 3.4877638816833496
epoch 2 | step 53/78 | loss = 0.5492 | global_step = 132/780 | 3.469977378845215
epoch 2 | step 54/78 | loss = 0.4514 | global_step = 133/780 | 3.472682237625122
epoch 2 | step 55/78 | loss = 0.6755 | global_step = 134/780 | 3.4971320629119873
epoch 2 | step 56/78 | loss = 0.4820 | global_step = 135/780 | 3.486685037612915
epoch 2 | step 57/78 | loss = 0.4487 | global_step = 136/780 | 3.5086052417755127
epoch 2 | step 58/78 | loss = 0.4626 | global_step = 137/780 | 3.4844300746917725
epoch 2 | step 59/78 | loss = 0.3305 | global_step = 138/780 | 3.4796979427337646
epoch 2 | step 60/78 | loss = 0.4154 | global_step = 139/780 | 3.454876184463501
epoch 2 | step 61/78 | loss = 0.3654 | global_step = 140/780 | 3.5356192588806152
epoch 2 | step 62/78 | loss = 0.4047 | global_step = 141/780 | 3.574676275253296
epoch 2 | step 63/78 | loss = 0.3702 | global_step = 142/780 | 3.474903106689453
epoch 2 | step 64/78 | loss = 0.3761 | global_step = 143/780 | 3.480661630630493
epoch 2 | step 65/78 | loss = 0.5426 | global_step = 144/780 | 3.469843864440918
epoch 2 | step 66/78 | loss = 0.5706 | global_step = 145/780 | 3.483818531036377
epoch 2 | step 67/78 | loss = 0.4704 | global_step = 146/780 | 3.470996618270874
epoch 2 | step 68/78 | loss = 0.4020 | global_step = 147/780 | 3.5572171211242676
epoch 2 | step 69/78 | loss = 0.5047 | global_step = 148/780 | 3.510282039642334
epoch 2 | step 70/78 | loss = 0.4954 | global_step = 149/780 | 3.5020675659179688
epoch 2 | step 71/78 | loss = 0.5503 | global_step = 150/780 | 3.5928001403808594
epoch 2 | step 72/78 | loss = 0.4413 | global_step = 151/780 | 3.5522372722625732
epoch 2 | step 73/78 | loss = 0.4849 | global_step = 152/780 | 3.519033908843994
epoch 2 | step 74/78 | loss = 0.5044 | global_step = 153/780 | 3.484919548034668
epoch 2 | step 75/78 | loss = 0.4541 | global_step = 154/780 | 3.5475478172302246
epoch 2 | step 76/78 | loss = 0.5004 | global_step = 155/780 | 3.5402402877807617
epoch 2 | step 77/78 | loss = 0.4724 | global_step = 156/780 | 3.4800798892974854
epoch 3 | step 0/78 | loss = 0.3527 | global_step = 157/780 | 3.4667656421661377
epoch 3 | step 1/78 | loss = 0.2443 | global_step = 158/780 | 3.4796454906463623
epoch 3 | step 2/78 | loss = 0.4543 | global_step = 159/780 | 3.502413272857666
epoch 3 | step 3/78 | loss = 0.5149 | global_step = 160/780 | 3.4899988174438477
epoch 3 | step 4/78 | loss = 0.3025 | global_step = 161/780 | 3.482757091522217
epoch 3 | step 5/78 | loss = 0.2419 | global_step = 162/780 | 3.529136896133423
epoch 3 | step 6/78 | loss = 0.3045 | global_step = 163/780 | 3.4679670333862305
epoch 3 | step 7/78 | loss = 0.6016 | global_step = 164/780 | 3.469531297683716
epoch 3 | step 8/78 | loss = 0.3685 | global_step = 165/780 | 3.4788849353790283
epoch 3 | step 9/78 | loss = 0.4299 | global_step = 166/780 | 3.4860947132110596
epoch 3 | step 10/78 | loss = 0.3288 | global_step = 167/780 | 3.480949640274048
epoch 3 | step 11/78 | loss = 0.5608 | global_step = 168/780 | 3.4817757606506348
epoch 3 | step 12/78 | loss = 0.3567 | global_step = 169/780 | 3.467756748199463
epoch 3 | step 13/78 | loss = 0.3028 | global_step = 170/780 | 3.47370982170105
epoch 3 | step 14/78 | loss = 0.2845 | global_step = 171/780 | 3.4792282581329346
epoch 3 | step 15/78 | loss = 0.3989 | global_step = 172/780 | 3.489800214767456
epoch 3 | step 16/78 | loss = 0.3622 | global_step = 173/780 | 3.488111972808838
epoch 3 | step 17/78 | loss = 0.6268 | global_step = 174/780 | 3.484901189804077
epoch 3 | step 18/78 | loss = 0.2963 | global_step = 175/780 | 3.497819662094116
epoch 3 | step 19/78 | loss = 0.4041 | global_step = 176/780 | 3.480550765991211
epoch 3 | step 20/78 | loss = 0.4631 | global_step = 177/780 | 3.4771246910095215
epoch 3 | step 21/78 | loss = 0.3729 | global_step = 178/780 | 3.4684319496154785
epoch 3 | step 22/78 | loss = 0.3695 | global_step = 179/780 | 3.482534170150757
epoch 3 | step 23/78 | loss = 0.3808 | global_step = 180/780 | 3.5467543601989746
epoch 3 | step 24/78 | loss = 0.4319 | global_step = 181/780 | 3.5199930667877197
epoch 3 | step 25/78 | loss = 0.3168 | global_step = 182/780 | 3.4804649353027344
epoch 3 | step 26/78 | loss = 0.3328 | global_step = 183/780 | 3.5206735134124756
epoch 3 | step 27/78 | loss = 0.2959 | global_step = 184/780 | 3.5260844230651855
epoch 3 | step 28/78 | loss = 0.4789 | global_step = 185/780 | 3.5359716415405273
epoch 3 | step 29/78 | loss = 0.3883 | global_step = 186/780 | 3.5595149993896484
epoch 3 | step 30/78 | loss = 0.3545 | global_step = 187/780 | 3.479675769805908
epoch 3 | step 31/78 | loss = 0.4470 | global_step = 188/780 | 3.48167085647583
epoch 3 | step 32/78 | loss = 0.3220 | global_step = 189/780 | 3.4940476417541504
epoch 3 | step 33/78 | loss = 0.3595 | global_step = 190/780 | 3.5064990520477295
epoch 3 | step 34/78 | loss = 0.5303 | global_step = 191/780 | 3.500535488128662
epoch 3 | step 35/78 | loss = 0.3252 | global_step = 192/780 | 3.4700958728790283
epoch 3 | step 36/78 | loss = 0.2879 | global_step = 193/780 | 3.492055654525757
epoch 3 | step 37/78 | loss = 0.3925 | global_step = 194/780 | 3.474360942840576
epoch 3 | step 38/78 | loss = 0.4248 | global_step = 195/780 | 3.555833101272583
epoch 3 | step 39/78 | loss = 0.3300 | global_step = 196/780 | 3.5763397216796875
epoch 3 | step 40/78 | loss = 0.3980 | global_step = 197/780 | 3.4912359714508057
epoch 3 | step 41/78 | loss = 0.2296 | global_step = 198/780 | 3.4722139835357666
epoch 3 | step 42/78 | loss = 0.2934 | global_step = 199/780 | 3.4801459312438965
epoch 3 | step 43/78 | loss = 0.3744 | global_step = 200/780 | 3.4867329597473145
epoch 3 | step 44/78 | loss = 0.4066 | global_step = 201/780 | 3.4681503772735596
epoch 3 | step 45/78 | loss = 0.3759 | global_step = 202/780 | 3.4747352600097656
epoch 3 | step 46/78 | loss = 0.2572 | global_step = 203/780 | 3.476421356201172
epoch 3 | step 47/78 | loss = 0.3556 | global_step = 204/780 | 3.575871229171753
epoch 3 | step 48/78 | loss = 0.3154 | global_step = 205/780 | 3.5544934272766113
epoch 3 | step 49/78 | loss = 0.4802 | global_step = 206/780 | 3.5505154132843018
epoch 3 | step 50/78 | loss = 0.4178 | global_step = 207/780 | 3.4897265434265137
epoch 3 | step 51/78 | loss = 0.3034 | global_step = 208/780 | 3.475895404815674
epoch 3 | step 52/78 | loss = 0.2946 | global_step = 209/780 | 3.541487216949463
epoch 3 | step 53/78 | loss = 0.3196 | global_step = 210/780 | 3.50052809715271
epoch 3 | step 54/78 | loss = 0.2993 | global_step = 211/780 | 3.483930826187134
epoch 3 | step 55/78 | loss = 0.3297 | global_step = 212/780 | 3.5861456394195557
epoch 3 | step 56/78 | loss = 0.3194 | global_step = 213/780 | 3.4846527576446533
epoch 3 | step 57/78 | loss = 0.3147 | global_step = 214/780 | 3.4840376377105713
epoch 3 | step 58/78 | loss = 0.3254 | global_step = 215/780 | 3.5103907585144043
epoch 3 | step 59/78 | loss = 0.3767 | global_step = 216/780 | 3.476691246032715
epoch 3 | step 60/78 | loss = 0.3522 | global_step = 217/780 | 3.49560284614563
epoch 3 | step 61/78 | loss = 0.2806 | global_step = 218/780 | 3.4757635593414307
epoch 3 | step 62/78 | loss = 0.4395 | global_step = 219/780 | 3.478240966796875
epoch 3 | step 63/78 | loss = 0.3171 | global_step = 220/780 | 3.491644859313965
epoch 3 | step 64/78 | loss = 0.4688 | global_step = 221/780 | 3.4702558517456055
epoch 3 | step 65/78 | loss = 0.4186 | global_step = 222/780 | 3.5615947246551514
epoch 3 | step 66/78 | loss = 0.3082 | global_step = 223/780 | 3.4789206981658936
epoch 3 | step 67/78 | loss = 0.3186 | global_step = 224/780 | 3.494380474090576
epoch 3 | step 68/78 | loss = 0.3188 | global_step = 225/780 | 3.4981942176818848
epoch 3 | step 69/78 | loss = 0.3211 | global_step = 226/780 | 3.488184928894043
epoch 3 | step 70/78 | loss = 0.2263 | global_step = 227/780 | 3.531632423400879
epoch 3 | step 71/78 | loss = 0.2675 | global_step = 228/780 | 3.537757635116577
epoch 3 | step 72/78 | loss = 0.4072 | global_step = 229/780 | 3.5176496505737305
epoch 3 | step 73/78 | loss = 0.3454 | global_step = 230/780 | 3.5345921516418457
epoch 3 | step 74/78 | loss = 0.2683 | global_step = 231/780 | 3.496389150619507
epoch 3 | step 75/78 | loss = 0.3840 | global_step = 232/780 | 3.483426332473755
epoch 3 | step 76/78 | loss = 0.3024 | global_step = 233/780 | 3.480231761932373
epoch 3 | step 77/78 | loss = 0.3874 | global_step = 234/780 | 3.4766151905059814
epoch 4 | step 0/78 | loss = 0.3551 | global_step = 235/780 | 3.516726016998291
epoch 4 | step 1/78 | loss = 0.2179 | global_step = 236/780 | 3.544830560684204
epoch 4 | step 2/78 | loss = 0.2718 | global_step = 237/780 | 3.5047717094421387
epoch 4 | step 3/78 | loss = 0.1652 | global_step = 238/780 | 3.4866912364959717
epoch 4 | step 4/78 | loss = 0.1427 | global_step = 239/780 | 3.4920856952667236
epoch 4 | step 5/78 | loss = 0.1430 | global_step = 240/780 | 3.487701892852783
epoch 4 | step 6/78 | loss = 0.2593 | global_step = 241/780 | 3.4928476810455322
epoch 4 | step 7/78 | loss = 0.1957 | global_step = 242/780 | 3.500540256500244
epoch 4 | step 8/78 | loss = 0.2658 | global_step = 243/780 | 3.542956829071045
epoch 4 | step 9/78 | loss = 0.2053 | global_step = 244/780 | 3.5503735542297363
epoch 4 | step 10/78 | loss = 0.2694 | global_step = 245/780 | 3.4897615909576416
epoch 4 | step 11/78 | loss = 0.3950 | global_step = 246/780 | 3.477980852127075
epoch 4 | step 12/78 | loss = 0.2638 | global_step = 247/780 | 3.561992883682251
epoch 4 | step 13/78 | loss = 0.2621 | global_step = 248/780 | 3.4846699237823486
epoch 4 | step 14/78 | loss = 0.2417 | global_step = 249/780 | 3.4981842041015625
epoch 4 | step 15/78 | loss = 0.1430 | global_step = 250/780 | 3.4977102279663086
epoch 4 | step 16/78 | loss = 0.1405 | global_step = 251/780 | 3.4712274074554443
epoch 4 | step 17/78 | loss = 0.2191 | global_step = 252/780 | 3.47884202003479
epoch 4 | step 18/78 | loss = 0.2510 | global_step = 253/780 | 3.4770798683166504
epoch 4 | step 19/78 | loss = 0.2049 | global_step = 254/780 | 3.5035338401794434
epoch 4 | step 20/78 | loss = 0.2206 | global_step = 255/780 | 3.5507328510284424
epoch 4 | step 21/78 | loss = 0.2879 | global_step = 256/780 | 3.488588809967041
epoch 4 | step 22/78 | loss = 0.3853 | global_step = 257/780 | 3.466439962387085
epoch 4 | step 23/78 | loss = 0.1767 | global_step = 258/780 | 3.523364305496216
epoch 4 | step 24/78 | loss = 0.1413 | global_step = 259/780 | 3.564281702041626
epoch 4 | step 25/78 | loss = 0.3607 | global_step = 260/780 | 3.49684739112854
epoch 4 | step 26/78 | loss = 0.1455 | global_step = 261/780 | 3.5042996406555176
epoch 4 | step 27/78 | loss = 0.1952 | global_step = 262/780 | 3.532339334487915
epoch 4 | step 28/78 | loss = 0.1433 | global_step = 263/780 | 3.477884292602539
epoch 4 | step 29/78 | loss = 0.3368 | global_step = 264/780 | 3.495372772216797
epoch 4 | step 30/78 | loss = 0.1761 | global_step = 265/780 | 3.5269620418548584
epoch 4 | step 31/78 | loss = 0.2671 | global_step = 266/780 | 3.562577486038208
epoch 4 | step 32/78 | loss = 0.3109 | global_step = 267/780 | 3.4846761226654053
epoch 4 | step 33/78 | loss = 0.1806 | global_step = 268/780 | 3.46671462059021
epoch 4 | step 34/78 | loss = 0.3018 | global_step = 269/780 | 3.571915864944458
epoch 4 | step 35/78 | loss = 0.2385 | global_step = 270/780 | 3.532787561416626
epoch 4 | step 36/78 | loss = 0.2916 | global_step = 271/780 | 3.509967565536499
epoch 4 | step 37/78 | loss = 0.2913 | global_step = 272/780 | 3.472426176071167
epoch 4 | step 38/78 | loss = 0.2830 | global_step = 273/780 | 3.5384361743927
epoch 4 | step 39/78 | loss = 0.2519 | global_step = 274/780 | 3.489866018295288
epoch 4 | step 40/78 | loss = 0.2967 | global_step = 275/780 | 3.4815945625305176
epoch 4 | step 41/78 | loss = 0.2376 | global_step = 276/780 | 3.477809190750122
epoch 4 | step 42/78 | loss = 0.2447 | global_step = 277/780 | 3.44997501373291
epoch 4 | step 43/78 | loss = 0.2945 | global_step = 278/780 | 3.517848253250122
epoch 4 | step 44/78 | loss = 0.1849 | global_step = 279/780 | 3.4808192253112793
epoch 4 | step 45/78 | loss = 0.3831 | global_step = 280/780 | 3.468169689178467
epoch 4 | step 46/78 | loss = 0.2061 | global_step = 281/780 | 3.4676513671875
epoch 4 | step 47/78 | loss = 0.2973 | global_step = 282/780 | 3.5364737510681152
epoch 4 | step 48/78 | loss = 0.2019 | global_step = 283/780 | 3.486807346343994
epoch 4 | step 49/78 | loss = 0.3029 | global_step = 284/780 | 3.488960027694702
epoch 4 | step 50/78 | loss = 0.2518 | global_step = 285/780 | 3.4871537685394287
epoch 4 | step 51/78 | loss = 0.4164 | global_step = 286/780 | 3.4645862579345703
epoch 4 | step 52/78 | loss = 0.3472 | global_step = 287/780 | 3.467066526412964
epoch 4 | step 53/78 | loss = 0.3390 | global_step = 288/780 | 3.4923794269561768
epoch 4 | step 54/78 | loss = 0.3501 | global_step = 289/780 | 3.4752590656280518
epoch 4 | step 55/78 | loss = 0.2304 | global_step = 290/780 | 3.5249216556549072
epoch 4 | step 56/78 | loss = 0.1540 | global_step = 291/780 | 3.483278751373291
epoch 4 | step 57/78 | loss = 0.1480 | global_step = 292/780 | 3.460089921951294
epoch 4 | step 58/78 | loss = 0.2712 | global_step = 293/780 | 3.473203659057617
epoch 4 | step 59/78 | loss = 0.1300 | global_step = 294/780 | 3.4667935371398926
epoch 4 | step 60/78 | loss = 0.2194 | global_step = 295/780 | 3.4637575149536133
epoch 4 | step 61/78 | loss = 0.1608 | global_step = 296/780 | 3.4837520122528076
epoch 4 | step 62/78 | loss = 0.1511 | global_step = 297/780 | 3.4720816612243652
epoch 4 | step 63/78 | loss = 0.1594 | global_step = 298/780 | 3.4769954681396484
epoch 4 | step 64/78 | loss = 0.1748 | global_step = 299/780 | 3.50138783454895
epoch 4 | step 65/78 | loss = 0.1729 | global_step = 300/780 | 3.484314203262329
epoch 4 | step 66/78 | loss = 0.3356 | global_step = 301/780 | 3.475264310836792
epoch 4 | step 67/78 | loss = 0.1834 | global_step = 302/780 | 3.472727060317993
epoch 4 | step 68/78 | loss = 0.1849 | global_step = 303/780 | 3.4981610774993896
epoch 4 | step 69/78 | loss = 0.1886 | global_step = 304/780 | 3.470834255218506
epoch 4 | step 70/78 | loss = 0.2590 | global_step = 305/780 | 3.47233247756958
epoch 4 | step 71/78 | loss = 0.2760 | global_step = 306/780 | 3.494563341140747
epoch 4 | step 72/78 | loss = 0.3044 | global_step = 307/780 | 3.5173709392547607
epoch 4 | step 73/78 | loss = 0.3863 | global_step = 308/780 | 3.4736602306365967
epoch 4 | step 74/78 | loss = 0.1867 | global_step = 309/780 | 3.489932060241699
epoch 4 | step 75/78 | loss = 0.1775 | global_step = 310/780 | 3.4620978832244873
epoch 4 | step 76/78 | loss = 0.2151 | global_step = 311/780 | 3.5539839267730713
epoch 4 | step 77/78 | loss = 0.2865 | global_step = 312/780 | 3.4715707302093506
epoch 5 | step 0/78 | loss = 0.2184 | global_step = 313/780 | 3.4826064109802246
epoch 5 | step 1/78 | loss = 0.1606 | global_step = 314/780 | 3.500131607055664
epoch 5 | step 2/78 | loss = 0.1625 | global_step = 315/780 | 3.4885997772216797
epoch 5 | step 3/78 | loss = 0.2887 | global_step = 316/780 | 3.458041191101074
epoch 5 | step 4/78 | loss = 0.0746 | global_step = 317/780 | 3.4968388080596924
epoch 5 | step 5/78 | loss = 0.2183 | global_step = 318/780 | 3.463468551635742
epoch 5 | step 6/78 | loss = 0.4244 | global_step = 319/780 | 3.548492670059204
epoch 5 | step 7/78 | loss = 0.3443 | global_step = 320/780 | 3.540565013885498
epoch 5 | step 8/78 | loss = 0.2086 | global_step = 321/780 | 3.5334835052490234
epoch 5 | step 9/78 | loss = 0.1690 | global_step = 322/780 | 3.4890050888061523
epoch 5 | step 10/78 | loss = 0.1751 | global_step = 323/780 | 3.462209701538086
epoch 5 | step 11/78 | loss = 0.2332 | global_step = 324/780 | 3.4814236164093018
epoch 5 | step 12/78 | loss = 0.2337 | global_step = 325/780 | 3.4933881759643555
epoch 5 | step 13/78 | loss = 0.2038 | global_step = 326/780 | 3.460233449935913
epoch 5 | step 14/78 | loss = 0.1101 | global_step = 327/780 | 3.4684691429138184
epoch 5 | step 15/78 | loss = 0.0948 | global_step = 328/780 | 3.476386070251465
epoch 5 | step 16/78 | loss = 0.1019 | global_step = 329/780 | 3.5200390815734863
epoch 5 | step 17/78 | loss = 0.0933 | global_step = 330/780 | 3.540095329284668
epoch 5 | step 18/78 | loss = 0.1676 | global_step = 331/780 | 3.484787940979004
epoch 5 | step 19/78 | loss = 0.1931 | global_step = 332/780 | 3.4806861877441406
epoch 5 | step 20/78 | loss = 0.2339 | global_step = 333/780 | 3.4750194549560547
epoch 5 | step 21/78 | loss = 0.1344 | global_step = 334/780 | 3.506387233734131
epoch 5 | step 22/78 | loss = 0.0958 | global_step = 335/780 | 3.5465378761291504
epoch 5 | step 23/78 | loss = 0.1198 | global_step = 336/780 | 3.470586061477661
epoch 5 | step 24/78 | loss = 0.1606 | global_step = 337/780 | 3.4707083702087402
epoch 5 | step 25/78 | loss = 0.1345 | global_step = 338/780 | 3.4877398014068604
epoch 5 | step 26/78 | loss = 0.1109 | global_step = 339/780 | 3.479912042617798
epoch 5 | step 27/78 | loss = 0.1526 | global_step = 340/780 | 3.481346845626831
epoch 5 | step 28/78 | loss = 0.2282 | global_step = 341/780 | 3.4998977184295654
epoch 5 | step 29/78 | loss = 0.1602 | global_step = 342/780 | 3.4928507804870605
epoch 5 | step 30/78 | loss = 0.1339 | global_step = 343/780 | 3.4771456718444824
epoch 5 | step 31/78 | loss = 0.1109 | global_step = 344/780 | 3.491480827331543
epoch 5 | step 32/78 | loss = 0.3597 | global_step = 345/780 | 3.557758331298828
epoch 5 | step 33/78 | loss = 0.2152 | global_step = 346/780 | 3.534268617630005
epoch 5 | step 34/78 | loss = 0.1282 | global_step = 347/780 | 3.482377529144287
epoch 5 | step 35/78 | loss = 0.2358 | global_step = 348/780 | 3.4810116291046143
epoch 5 | step 36/78 | loss = 0.2841 | global_step = 349/780 | 3.468050956726074
epoch 5 | step 37/78 | loss = 0.1111 | global_step = 350/780 | 3.476714611053467
epoch 5 | step 38/78 | loss = 0.2665 | global_step = 351/780 | 3.4608187675476074
epoch 5 | step 39/78 | loss = 0.1280 | global_step = 352/780 | 3.470393657684326
epoch 5 | step 40/78 | loss = 0.1200 | global_step = 353/780 | 3.486499786376953
epoch 5 | step 41/78 | loss = 0.1119 | global_step = 354/780 | 3.4823756217956543
epoch 5 | step 42/78 | loss = 0.0571 | global_step = 355/780 | 3.4721271991729736
epoch 5 | step 43/78 | loss = 0.1756 | global_step = 356/780 | 3.4796032905578613
epoch 5 | step 44/78 | loss = 0.2372 | global_step = 357/780 | 3.4717540740966797
epoch 5 | step 45/78 | loss = 0.1947 | global_step = 358/780 | 3.550692319869995
epoch 5 | step 46/78 | loss = 0.1644 | global_step = 359/780 | 3.5392348766326904
epoch 5 | step 47/78 | loss = 0.1729 | global_step = 360/780 | 3.5097620487213135
epoch 5 | step 48/78 | loss = 0.1380 | global_step = 361/780 | 3.5554676055908203
epoch 5 | step 49/78 | loss = 0.1627 | global_step = 362/780 | 3.494229793548584
epoch 5 | step 50/78 | loss = 0.1146 | global_step = 363/780 | 3.4733245372772217
epoch 5 | step 51/78 | loss = 0.1310 | global_step = 364/780 | 3.462251663208008
epoch 5 | step 52/78 | loss = 0.1106 | global_step = 365/780 | 3.4672420024871826
epoch 5 | step 53/78 | loss = 0.3200 | global_step = 366/780 | 3.497408866882324
epoch 5 | step 54/78 | loss = 0.1790 | global_step = 367/780 | 3.452850341796875
epoch 5 | step 55/78 | loss = 0.1665 | global_step = 368/780 | 3.458732843399048
epoch 5 | step 56/78 | loss = 0.1698 | global_step = 369/780 | 3.4738540649414062
epoch 5 | step 57/78 | loss = 0.1833 | global_step = 370/780 | 3.4710566997528076
epoch 5 | step 58/78 | loss = 0.1793 | global_step = 371/780 | 3.4802229404449463
epoch 5 | step 59/78 | loss = 0.2130 | global_step = 372/780 | 3.477060317993164
epoch 5 | step 60/78 | loss = 0.2773 | global_step = 373/780 | 3.4577090740203857
epoch 5 | step 61/78 | loss = 0.1546 | global_step = 374/780 | 3.4528801441192627
epoch 5 | step 62/78 | loss = 0.1487 | global_step = 375/780 | 3.4689455032348633
epoch 5 | step 63/78 | loss = 0.1271 | global_step = 376/780 | 3.467755079269409
epoch 5 | step 64/78 | loss = 0.0960 | global_step = 377/780 | 3.477816104888916
epoch 5 | step 65/78 | loss = 0.2191 | global_step = 378/780 | 3.4611358642578125
epoch 5 | step 66/78 | loss = 0.1341 | global_step = 379/780 | 3.4851834774017334
epoch 5 | step 67/78 | loss = 0.1618 | global_step = 380/780 | 3.4663329124450684
epoch 5 | step 68/78 | loss = 0.1943 | global_step = 381/780 | 3.523503303527832
epoch 5 | step 69/78 | loss = 0.2131 | global_step = 382/780 | 3.525618076324463
epoch 5 | step 70/78 | loss = 0.2550 | global_step = 383/780 | 3.526059627532959
epoch 5 | step 71/78 | loss = 0.0990 | global_step = 384/780 | 3.4834489822387695
epoch 5 | step 72/78 | loss = 0.1274 | global_step = 385/780 | 3.4702024459838867
epoch 5 | step 73/78 | loss = 0.0604 | global_step = 386/780 | 3.4631810188293457
epoch 5 | step 74/78 | loss = 0.2610 | global_step = 387/780 | 3.4556217193603516
epoch 5 | step 75/78 | loss = 0.1408 | global_step = 388/780 | 3.484424591064453
epoch 5 | step 76/78 | loss = 0.0782 | global_step = 389/780 | 3.4591665267944336
epoch 5 | step 77/78 | loss = 0.1968 | global_step = 390/780 | 3.481064558029175
epoch 6 | step 0/78 | loss = 0.1372 | global_step = 391/780 | 3.4706408977508545
epoch 6 | step 1/78 | loss = 0.1348 | global_step = 392/780 | 3.4632115364074707
epoch 6 | step 2/78 | loss = 0.1253 | global_step = 393/780 | 3.45953369140625
epoch 6 | step 3/78 | loss = 0.1510 | global_step = 394/780 | 3.497016191482544
epoch 6 | step 4/78 | loss = 0.2214 | global_step = 395/780 | 3.475858211517334
epoch 6 | step 5/78 | loss = 0.1645 | global_step = 396/780 | 3.473017454147339
epoch 6 | step 6/78 | loss = 0.0830 | global_step = 397/780 | 3.4747302532196045
epoch 6 | step 7/78 | loss = 0.0590 | global_step = 398/780 | 3.5447275638580322
epoch 6 | step 8/78 | loss = 0.0793 | global_step = 399/780 | 3.541926145553589
epoch 6 | step 9/78 | loss = 0.0649 | global_step = 400/780 | 3.501922845840454
epoch 6 | step 10/78 | loss = 0.1040 | global_step = 401/780 | 3.4674010276794434
epoch 6 | step 11/78 | loss = 0.0667 | global_step = 402/780 | 3.5355873107910156
epoch 6 | step 12/78 | loss = 0.0486 | global_step = 403/780 | 3.5039143562316895
epoch 6 | step 13/78 | loss = 0.1006 | global_step = 404/780 | 3.4514176845550537
epoch 6 | step 14/78 | loss = 0.1239 | global_step = 405/780 | 3.4886627197265625
epoch 6 | step 15/78 | loss = 0.0694 | global_step = 406/780 | 3.4840054512023926
epoch 6 | step 16/78 | loss = 0.1114 | global_step = 407/780 | 3.5315043926239014
epoch 6 | step 17/78 | loss = 0.0510 | global_step = 408/780 | 3.50760555267334
epoch 6 | step 18/78 | loss = 0.1516 | global_step = 409/780 | 3.4858169555664062
epoch 6 | step 19/78 | loss = 0.0646 | global_step = 410/780 | 3.4835081100463867
epoch 6 | step 20/78 | loss = 0.0718 | global_step = 411/780 | 3.4836111068725586
epoch 6 | step 21/78 | loss = 0.1429 | global_step = 412/780 | 3.4661338329315186
epoch 6 | step 22/78 | loss = 0.1273 | global_step = 413/780 | 3.48583984375
epoch 6 | step 23/78 | loss = 0.1242 | global_step = 414/780 | 3.4638192653656006
epoch 6 | step 24/78 | loss = 0.1725 | global_step = 415/780 | 3.527729034423828
epoch 6 | step 25/78 | loss = 0.1183 | global_step = 416/780 | 3.5466458797454834
epoch 6 | step 26/78 | loss = 0.0376 | global_step = 417/780 | 3.4794530868530273
epoch 6 | step 27/78 | loss = 0.1007 | global_step = 418/780 | 3.468879222869873
epoch 6 | step 28/78 | loss = 0.1398 | global_step = 419/780 | 3.5163168907165527
epoch 6 | step 29/78 | loss = 0.1074 | global_step = 420/780 | 3.5474841594696045
epoch 6 | step 30/78 | loss = 0.1748 | global_step = 421/780 | 3.467543363571167
epoch 6 | step 31/78 | loss = 0.0989 | global_step = 422/780 | 3.479069471359253
epoch 6 | step 32/78 | loss = 0.0770 | global_step = 423/780 | 3.4709222316741943
epoch 6 | step 33/78 | loss = 0.1032 | global_step = 424/780 | 3.487399101257324
epoch 6 | step 34/78 | loss = 0.1291 | global_step = 425/780 | 3.5003395080566406
epoch 6 | step 35/78 | loss = 0.0990 | global_step = 426/780 | 3.546250343322754
epoch 6 | step 36/78 | loss = 0.0858 | global_step = 427/780 | 3.4642419815063477
epoch 6 | step 37/78 | loss = 0.0444 | global_step = 428/780 | 3.5366737842559814
epoch 6 | step 38/78 | loss = 0.1322 | global_step = 429/780 | 3.536191701889038
epoch 6 | step 39/78 | loss = 0.1026 | global_step = 430/780 | 3.4721078872680664
epoch 6 | step 40/78 | loss = 0.1108 | global_step = 431/780 | 3.480727195739746
epoch 6 | step 41/78 | loss = 0.0686 | global_step = 432/780 | 3.489520311355591
epoch 6 | step 42/78 | loss = 0.2205 | global_step = 433/780 | 3.4695379734039307
epoch 6 | step 43/78 | loss = 0.0659 | global_step = 434/780 | 3.4655630588531494
epoch 6 | step 44/78 | loss = 0.2146 | global_step = 435/780 | 3.532261610031128
epoch 6 | step 45/78 | loss = 0.1483 | global_step = 436/780 | 3.4823219776153564
epoch 6 | step 46/78 | loss = 0.0766 | global_step = 437/780 | 3.4764304161071777
epoch 6 | step 47/78 | loss = 0.0511 | global_step = 438/780 | 3.5278384685516357
epoch 6 | step 48/78 | loss = 0.2719 | global_step = 439/780 | 3.5439305305480957
epoch 6 | step 49/78 | loss = 0.2139 | global_step = 440/780 | 3.46789288520813
epoch 6 | step 50/78 | loss = 0.1621 | global_step = 441/780 | 3.4760801792144775
epoch 6 | step 51/78 | loss = 0.1112 | global_step = 442/780 | 3.536349296569824
epoch 6 | step 52/78 | loss = 0.1612 | global_step = 443/780 | 3.524545431137085
epoch 6 | step 53/78 | loss = 0.1248 | global_step = 444/780 | 3.471970796585083
epoch 6 | step 54/78 | loss = 0.1541 | global_step = 445/780 | 3.4504916667938232
epoch 6 | step 55/78 | loss = 0.1079 | global_step = 446/780 | 3.528414011001587
epoch 6 | step 56/78 | loss = 0.1549 | global_step = 447/780 | 3.5084214210510254
epoch 6 | step 57/78 | loss = 0.1475 | global_step = 448/780 | 3.5071661472320557
epoch 6 | step 58/78 | loss = 0.0950 | global_step = 449/780 | 3.4810776710510254
epoch 6 | step 59/78 | loss = 0.1956 | global_step = 450/780 | 3.463200092315674
epoch 6 | step 60/78 | loss = 0.0890 | global_step = 451/780 | 3.526920795440674
epoch 6 | step 61/78 | loss = 0.0835 | global_step = 452/780 | 3.5346832275390625
epoch 6 | step 62/78 | loss = 0.1662 | global_step = 453/780 | 3.5318429470062256
epoch 6 | step 63/78 | loss = 0.2363 | global_step = 454/780 | 3.5257327556610107
epoch 6 | step 64/78 | loss = 0.1216 | global_step = 455/780 | 3.5345299243927
epoch 6 | step 65/78 | loss = 0.2305 | global_step = 456/780 | 3.5582680702209473
epoch 6 | step 66/78 | loss = 0.1185 | global_step = 457/780 | 3.477492332458496
epoch 6 | step 67/78 | loss = 0.0964 | global_step = 458/780 | 3.4710898399353027
epoch 6 | step 68/78 | loss = 0.0815 | global_step = 459/780 | 3.501570224761963
epoch 6 | step 69/78 | loss = 0.0889 | global_step = 460/780 | 3.4831323623657227
epoch 6 | step 70/78 | loss = 0.0765 | global_step = 461/780 | 3.4737870693206787
epoch 6 | step 71/78 | loss = 0.0821 | global_step = 462/780 | 3.5425326824188232
epoch 6 | step 72/78 | loss = 0.1931 | global_step = 463/780 | 3.4819040298461914
epoch 6 | step 73/78 | loss = 0.0519 | global_step = 464/780 | 3.4526333808898926
epoch 6 | step 74/78 | loss = 0.0760 | global_step = 465/780 | 3.5255868434906006
epoch 6 | step 75/78 | loss = 0.3218 | global_step = 466/780 | 3.549015760421753
epoch 6 | step 76/78 | loss = 0.3165 | global_step = 467/780 | 3.474356174468994
epoch 6 | step 77/78 | loss = 0.3107 | global_step = 468/780 | 3.4562768936157227
epoch 7 | step 0/78 | loss = 0.1083 | global_step = 469/780 | 3.468275785446167
epoch 7 | step 1/78 | loss = 0.0941 | global_step = 470/780 | 3.5044500827789307
epoch 7 | step 2/78 | loss = 0.0782 | global_step = 471/780 | 3.542630672454834
epoch 7 | step 3/78 | loss = 0.0517 | global_step = 472/780 | 3.5089223384857178
epoch 7 | step 4/78 | loss = 0.0496 | global_step = 473/780 | 3.5274429321289062
epoch 7 | step 5/78 | loss = 0.0707 | global_step = 474/780 | 3.4801151752471924
epoch 7 | step 6/78 | loss = 0.0286 | global_step = 475/780 | 3.460763454437256
epoch 7 | step 7/78 | loss = 0.1235 | global_step = 476/780 | 3.5333261489868164
epoch 7 | step 8/78 | loss = 0.1581 | global_step = 477/780 | 3.5229339599609375
epoch 7 | step 9/78 | loss = 0.1059 | global_step = 478/780 | 3.5482735633850098
epoch 7 | step 10/78 | loss = 0.1910 | global_step = 479/780 | 3.4671294689178467
epoch 7 | step 11/78 | loss = 0.0717 | global_step = 480/780 | 3.4724278450012207
epoch 7 | step 12/78 | loss = 0.0657 | global_step = 481/780 | 3.461083173751831
epoch 7 | step 13/78 | loss = 0.1042 | global_step = 482/780 | 3.467569351196289
epoch 7 | step 14/78 | loss = 0.0662 | global_step = 483/780 | 3.4758384227752686
epoch 7 | step 15/78 | loss = 0.0352 | global_step = 484/780 | 3.496666431427002
epoch 7 | step 16/78 | loss = 0.0660 | global_step = 485/780 | 3.4926021099090576
epoch 7 | step 17/78 | loss = 0.0592 | global_step = 486/780 | 3.4855122566223145
epoch 7 | step 18/78 | loss = 0.1138 | global_step = 487/780 | 3.47739839553833
epoch 7 | step 19/78 | loss = 0.0851 | global_step = 488/780 | 3.4967987537384033
epoch 7 | step 20/78 | loss = 0.1266 | global_step = 489/780 | 3.4504799842834473
epoch 7 | step 21/78 | loss = 0.0492 | global_step = 490/780 | 3.467827796936035
epoch 7 | step 22/78 | loss = 0.0664 | global_step = 491/780 | 3.4869885444641113
epoch 7 | step 23/78 | loss = 0.0588 | global_step = 492/780 | 3.547638416290283
epoch 7 | step 24/78 | loss = 0.1462 | global_step = 493/780 | 3.546096086502075
epoch 7 | step 25/78 | loss = 0.0884 | global_step = 494/780 | 3.5316498279571533
epoch 7 | step 26/78 | loss = 0.0290 | global_step = 495/780 | 3.483687162399292
epoch 7 | step 27/78 | loss = 0.0595 | global_step = 496/780 | 3.4668188095092773
epoch 7 | step 28/78 | loss = 0.0768 | global_step = 497/780 | 3.5301413536071777
epoch 7 | step 29/78 | loss = 0.0750 | global_step = 498/780 | 3.4909684658050537
epoch 7 | step 30/78 | loss = 0.0899 | global_step = 499/780 | 3.4799156188964844
epoch 7 | step 31/78 | loss = 0.0580 | global_step = 500/780 | 3.508267879486084
epoch 7 | step 32/78 | loss = 0.0315 | global_step = 501/780 | 3.4715030193328857
epoch 7 | step 33/78 | loss = 0.0407 | global_step = 502/780 | 3.4723854064941406
epoch 7 | step 34/78 | loss = 0.0448 | global_step = 503/780 | 3.4853334426879883
epoch 7 | step 35/78 | loss = 0.0558 | global_step = 504/780 | 3.48258900642395
epoch 7 | step 36/78 | loss = 0.0858 | global_step = 505/780 | 3.4596784114837646
epoch 7 | step 37/78 | loss = 0.0227 | global_step = 506/780 | 3.457836151123047
epoch 7 | step 38/78 | loss = 0.0858 | global_step = 507/780 | 3.4768524169921875
epoch 7 | step 39/78 | loss = 0.1102 | global_step = 508/780 | 3.465846061706543
epoch 7 | step 40/78 | loss = 0.0828 | global_step = 509/780 | 3.4892055988311768
epoch 7 | step 41/78 | loss = 0.1032 | global_step = 510/780 | 3.4824106693267822
epoch 7 | step 42/78 | loss = 0.0497 | global_step = 511/780 | 3.4762167930603027
epoch 7 | step 43/78 | loss = 0.0797 | global_step = 512/780 | 3.540132761001587
epoch 7 | step 44/78 | loss = 0.0631 | global_step = 513/780 | 3.476064443588257
epoch 7 | step 45/78 | loss = 0.0594 | global_step = 514/780 | 3.4644386768341064
epoch 7 | step 46/78 | loss = 0.0542 | global_step = 515/780 | 3.5294880867004395
epoch 7 | step 47/78 | loss = 0.0329 | global_step = 516/780 | 3.5442216396331787
epoch 7 | step 48/78 | loss = 0.0428 | global_step = 517/780 | 3.528170347213745
epoch 7 | step 49/78 | loss = 0.0454 | global_step = 518/780 | 3.489227294921875
epoch 7 | step 50/78 | loss = 0.0460 | global_step = 519/780 | 3.492964744567871
epoch 7 | step 51/78 | loss = 0.1359 | global_step = 520/780 | 3.5272762775421143
epoch 7 | step 52/78 | loss = 0.0202 | global_step = 521/780 | 3.540235996246338
epoch 7 | step 53/78 | loss = 0.1034 | global_step = 522/780 | 3.5490427017211914
epoch 7 | step 54/78 | loss = 0.0618 | global_step = 523/780 | 3.4943952560424805
epoch 7 | step 55/78 | loss = 0.0456 | global_step = 524/780 | 3.455329179763794
epoch 7 | step 56/78 | loss = 0.0461 | global_step = 525/780 | 3.5652761459350586
epoch 7 | step 57/78 | loss = 0.0755 | global_step = 526/780 | 3.4890007972717285
epoch 7 | step 58/78 | loss = 0.1034 | global_step = 527/780 | 3.48337721824646
epoch 7 | step 59/78 | loss = 0.1149 | global_step = 528/780 | 3.5501677989959717
epoch 7 | step 60/78 | loss = 0.0728 | global_step = 529/780 | 3.530949115753174
epoch 7 | step 61/78 | loss = 0.0453 | global_step = 530/780 | 3.5474815368652344
epoch 7 | step 62/78 | loss = 0.0108 | global_step = 531/780 | 3.532550096511841
epoch 7 | step 63/78 | loss = 0.0519 | global_step = 532/780 | 3.4768786430358887
epoch 7 | step 64/78 | loss = 0.0992 | global_step = 533/780 | 3.4849560260772705
epoch 7 | step 65/78 | loss = 0.0747 | global_step = 534/780 | 3.481689691543579
epoch 7 | step 66/78 | loss = 0.1124 | global_step = 535/780 | 3.4535512924194336
epoch 7 | step 67/78 | loss = 0.0997 | global_step = 536/780 | 3.478271722793579
epoch 7 | step 68/78 | loss = 0.0689 | global_step = 537/780 | 3.4609875679016113
epoch 7 | step 69/78 | loss = 0.1283 | global_step = 538/780 | 3.4573006629943848
epoch 7 | step 70/78 | loss = 0.1041 | global_step = 539/780 | 3.466099262237549
epoch 7 | step 71/78 | loss = 0.0494 | global_step = 540/780 | 3.486144781112671
epoch 7 | step 72/78 | loss = 0.0509 | global_step = 541/780 | 3.4766788482666016
epoch 7 | step 73/78 | loss = 0.0562 | global_step = 542/780 | 3.5128350257873535
epoch 7 | step 74/78 | loss = 0.0157 | global_step = 543/780 | 3.4828734397888184
epoch 7 | step 75/78 | loss = 0.0908 | global_step = 544/780 | 3.477262258529663
epoch 7 | step 76/78 | loss = 0.1039 | global_step = 545/780 | 3.509425163269043
epoch 7 | step 77/78 | loss = 0.0397 | global_step = 546/780 | 3.4763717651367188
epoch 8 | step 0/78 | loss = 0.0782 | global_step = 547/780 | 3.4615933895111084
epoch 8 | step 1/78 | loss = 0.0306 | global_step = 548/780 | 3.4880948066711426
epoch 8 | step 2/78 | loss = 0.0464 | global_step = 549/780 | 3.5166356563568115
epoch 8 | step 3/78 | loss = 0.0521 | global_step = 550/780 | 3.5404112339019775
epoch 8 | step 4/78 | loss = 0.0325 | global_step = 551/780 | 3.550558090209961
epoch 8 | step 5/78 | loss = 0.0522 | global_step = 552/780 | 3.4877970218658447
epoch 8 | step 6/78 | loss = 0.0177 | global_step = 553/780 | 3.497302770614624
epoch 8 | step 7/78 | loss = 0.0391 | global_step = 554/780 | 3.490936517715454
epoch 8 | step 8/78 | loss = 0.0516 | global_step = 555/780 | 3.4870524406433105
epoch 8 | step 9/78 | loss = 0.0279 | global_step = 556/780 | 3.4626190662384033
epoch 8 | step 10/78 | loss = 0.0816 | global_step = 557/780 | 3.4640743732452393
epoch 8 | step 11/78 | loss = 0.0397 | global_step = 558/780 | 3.4817776679992676
epoch 8 | step 12/78 | loss = 0.0524 | global_step = 559/780 | 3.469883680343628
epoch 8 | step 13/78 | loss = 0.0232 | global_step = 560/780 | 3.489548921585083
epoch 8 | step 14/78 | loss = 0.0400 | global_step = 561/780 | 3.483175754547119
epoch 8 | step 15/78 | loss = 0.0224 | global_step = 562/780 | 3.4687860012054443
epoch 8 | step 16/78 | loss = 0.0331 | global_step = 563/780 | 3.4657418727874756
epoch 8 | step 17/78 | loss = 0.0240 | global_step = 564/780 | 3.47808575630188
epoch 8 | step 18/78 | loss = 0.0343 | global_step = 565/780 | 3.485943078994751
epoch 8 | step 19/78 | loss = 0.0736 | global_step = 566/780 | 3.4734973907470703
epoch 8 | step 20/78 | loss = 0.0427 | global_step = 567/780 | 3.5246939659118652
epoch 8 | step 21/78 | loss = 0.0352 | global_step = 568/780 | 3.5029385089874268
epoch 8 | step 22/78 | loss = 0.0320 | global_step = 569/780 | 3.4743049144744873
epoch 8 | step 23/78 | loss = 0.0444 | global_step = 570/780 | 3.5934081077575684
epoch 8 | step 24/78 | loss = 0.0739 | global_step = 571/780 | 3.50545334815979
epoch 8 | step 25/78 | loss = 0.0726 | global_step = 572/780 | 3.511817216873169
epoch 8 | step 26/78 | loss = 0.0583 | global_step = 573/780 | 3.479099988937378
epoch 8 | step 27/78 | loss = 0.0418 | global_step = 574/780 | 3.462850570678711
epoch 8 | step 28/78 | loss = 0.0839 | global_step = 575/780 | 3.4999122619628906
epoch 8 | step 29/78 | loss = 0.0292 | global_step = 576/780 | 3.473745822906494
epoch 8 | step 30/78 | loss = 0.0729 | global_step = 577/780 | 3.467367649078369
epoch 8 | step 31/78 | loss = 0.0267 | global_step = 578/780 | 3.4708006381988525
epoch 8 | step 32/78 | loss = 0.0534 | global_step = 579/780 | 3.501929521560669
epoch 8 | step 33/78 | loss = 0.0421 | global_step = 580/780 | 3.4834656715393066
epoch 8 | step 34/78 | loss = 0.0317 | global_step = 581/780 | 3.5319759845733643
epoch 8 | step 35/78 | loss = 0.0804 | global_step = 582/780 | 3.4919257164001465
epoch 8 | step 36/78 | loss = 0.0516 | global_step = 583/780 | 3.484668254852295
epoch 8 | step 37/78 | loss = 0.0263 | global_step = 584/780 | 3.4648654460906982
epoch 8 | step 38/78 | loss = 0.0331 | global_step = 585/780 | 3.4925055503845215
epoch 8 | step 39/78 | loss = 0.0395 | global_step = 586/780 | 3.514636516571045
epoch 8 | step 40/78 | loss = 0.0323 | global_step = 587/780 | 3.4836971759796143
epoch 8 | step 41/78 | loss = 0.0435 | global_step = 588/780 | 3.489962100982666
epoch 8 | step 42/78 | loss = 0.0260 | global_step = 589/780 | 3.542198896408081
epoch 8 | step 43/78 | loss = 0.0658 | global_step = 590/780 | 3.5360448360443115
epoch 8 | step 44/78 | loss = 0.0625 | global_step = 591/780 | 3.4691762924194336
epoch 8 | step 45/78 | loss = 0.0628 | global_step = 592/780 | 3.4715967178344727
epoch 8 | step 46/78 | loss = 0.0699 | global_step = 593/780 | 3.491203784942627
epoch 8 | step 47/78 | loss = 0.0582 | global_step = 594/780 | 3.4682857990264893
epoch 8 | step 48/78 | loss = 0.0253 | global_step = 595/780 | 3.5560011863708496
epoch 8 | step 49/78 | loss = 0.0461 | global_step = 596/780 | 3.556002378463745
epoch 8 | step 50/78 | loss = 0.0472 | global_step = 597/780 | 3.492908239364624
epoch 8 | step 51/78 | loss = 0.0430 | global_step = 598/780 | 3.4692976474761963
epoch 8 | step 52/78 | loss = 0.0427 | global_step = 599/780 | 3.549532413482666
epoch 8 | step 53/78 | loss = 0.0639 | global_step = 600/780 | 3.463665246963501
epoch 8 | step 54/78 | loss = 0.0613 | global_step = 601/780 | 3.466702461242676
epoch 8 | step 55/78 | loss = 0.0511 | global_step = 602/780 | 3.5247015953063965
epoch 8 | step 56/78 | loss = 0.0794 | global_step = 603/780 | 3.472871780395508
epoch 8 | step 57/78 | loss = 0.1702 | global_step = 604/780 | 3.4864449501037598
epoch 8 | step 58/78 | loss = 0.0580 | global_step = 605/780 | 3.470576524734497
epoch 8 | step 59/78 | loss = 0.1578 | global_step = 606/780 | 3.464625835418701
epoch 8 | step 60/78 | loss = 0.0543 | global_step = 607/780 | 3.5378737449645996
epoch 8 | step 61/78 | loss = 0.0588 | global_step = 608/780 | 3.481377363204956
epoch 8 | step 62/78 | loss = 0.0663 | global_step = 609/780 | 3.4804818630218506
epoch 8 | step 63/78 | loss = 0.0575 | global_step = 610/780 | 3.5619490146636963
epoch 8 | step 64/78 | loss = 0.0821 | global_step = 611/780 | 3.4792914390563965
epoch 8 | step 65/78 | loss = 0.0691 | global_step = 612/780 | 3.4864611625671387
epoch 8 | step 66/78 | loss = 0.0590 | global_step = 613/780 | 3.489668607711792
epoch 8 | step 67/78 | loss = 0.0807 | global_step = 614/780 | 3.4827990531921387
epoch 8 | step 68/78 | loss = 0.0430 | global_step = 615/780 | 3.572035789489746
epoch 8 | step 69/78 | loss = 0.0140 | global_step = 616/780 | 3.471651315689087
epoch 8 | step 70/78 | loss = 0.0318 | global_step = 617/780 | 3.47687029838562
epoch 8 | step 71/78 | loss = 0.0572 | global_step = 618/780 | 3.5753369331359863
epoch 8 | step 72/78 | loss = 0.0971 | global_step = 619/780 | 3.4937376976013184
epoch 8 | step 73/78 | loss = 0.1244 | global_step = 620/780 | 3.4895637035369873
epoch 8 | step 74/78 | loss = 0.1396 | global_step = 621/780 | 3.499706268310547
epoch 8 | step 75/78 | loss = 0.1707 | global_step = 622/780 | 3.4895598888397217
epoch 8 | step 76/78 | loss = 0.0300 | global_step = 623/780 | 3.483882188796997
epoch 8 | step 77/78 | loss = 0.0778 | global_step = 624/780 | 3.477097988128662
epoch 9 | step 0/78 | loss = 0.0429 | global_step = 625/780 | 3.471282482147217
epoch 9 | step 1/78 | loss = 0.0191 | global_step = 626/780 | 3.5079193115234375
epoch 9 | step 2/78 | loss = 0.0460 | global_step = 627/780 | 3.484884738922119
epoch 9 | step 3/78 | loss = 0.0481 | global_step = 628/780 | 3.4757018089294434
epoch 9 | step 4/78 | loss = 0.0873 | global_step = 629/780 | 3.500977039337158
epoch 9 | step 5/78 | loss = 0.0501 | global_step = 630/780 | 3.523660659790039
epoch 9 | step 6/78 | loss = 0.0129 | global_step = 631/780 | 3.558201789855957
epoch 9 | step 7/78 | loss = 0.0187 | global_step = 632/780 | 3.4944159984588623
epoch 9 | step 8/78 | loss = 0.0190 | global_step = 633/780 | 3.471950054168701
epoch 9 | step 9/78 | loss = 0.0164 | global_step = 634/780 | 3.5516252517700195
epoch 9 | step 10/78 | loss = 0.0414 | global_step = 635/780 | 3.7285780906677246
epoch 9 | step 11/78 | loss = 0.0436 | global_step = 636/780 | 3.543233871459961
epoch 9 | step 12/78 | loss = 0.0305 | global_step = 637/780 | 3.5311689376831055
epoch 9 | step 13/78 | loss = 0.0517 | global_step = 638/780 | 3.486067533493042
epoch 9 | step 14/78 | loss = 0.0687 | global_step = 639/780 | 3.4652767181396484
epoch 9 | step 15/78 | loss = 0.0270 | global_step = 640/780 | 3.5579605102539062
epoch 9 | step 16/78 | loss = 0.0379 | global_step = 641/780 | 3.4979846477508545
epoch 9 | step 17/78 | loss = 0.0502 | global_step = 642/780 | 3.4760477542877197
epoch 9 | step 18/78 | loss = 0.0433 | global_step = 643/780 | 3.562572956085205
epoch 9 | step 19/78 | loss = 0.0395 | global_step = 644/780 | 3.486605167388916
epoch 9 | step 20/78 | loss = 0.0339 | global_step = 645/780 | 3.4845571517944336
epoch 9 | step 21/78 | loss = 0.0364 | global_step = 646/780 | 3.49107027053833
epoch 9 | step 22/78 | loss = 0.0396 | global_step = 647/780 | 3.4934911727905273
epoch 9 | step 23/78 | loss = 0.0129 | global_step = 648/780 | 3.5013484954833984
epoch 9 | step 24/78 | loss = 0.0578 | global_step = 649/780 | 3.4692776203155518
epoch 9 | step 25/78 | loss = 0.0136 | global_step = 650/780 | 3.496326446533203
epoch 9 | step 26/78 | loss = 0.0364 | global_step = 651/780 | 3.4932239055633545
epoch 9 | step 27/78 | loss = 0.0592 | global_step = 652/780 | 3.4655330181121826
epoch 9 | step 28/78 | loss = 0.0217 | global_step = 653/780 | 3.5109126567840576
epoch 9 | step 29/78 | loss = 0.0216 | global_step = 654/780 | 3.5588769912719727
epoch 9 | step 30/78 | loss = 0.0318 | global_step = 655/780 | 3.4938955307006836
epoch 9 | step 31/78 | loss = 0.0167 | global_step = 656/780 | 3.486772298812866
epoch 9 | step 32/78 | loss = 0.0338 | global_step = 657/780 | 3.477506399154663
epoch 9 | step 33/78 | loss = 0.0188 | global_step = 658/780 | 3.4726686477661133
epoch 9 | step 34/78 | loss = 0.0211 | global_step = 659/780 | 3.4673757553100586
epoch 9 | step 35/78 | loss = 0.0336 | global_step = 660/780 | 3.4777071475982666
epoch 9 | step 36/78 | loss = 0.0293 | global_step = 661/780 | 3.534391403198242
epoch 9 | step 37/78 | loss = 0.0279 | global_step = 662/780 | 3.541159152984619
epoch 9 | step 38/78 | loss = 0.0268 | global_step = 663/780 | 3.5039799213409424
epoch 9 | step 39/78 | loss = 0.0237 | global_step = 664/780 | 3.478200674057007
epoch 9 | step 40/78 | loss = 0.0508 | global_step = 665/780 | 3.486013889312744
epoch 9 | step 41/78 | loss = 0.0361 | global_step = 666/780 | 3.473215341567993
epoch 9 | step 42/78 | loss = 0.0809 | global_step = 667/780 | 3.472817897796631
epoch 9 | step 43/78 | loss = 0.0534 | global_step = 668/780 | 3.4691410064697266
epoch 9 | step 44/78 | loss = 0.0377 | global_step = 669/780 | 3.474144220352173
epoch 9 | step 45/78 | loss = 0.0329 | global_step = 670/780 | 3.475783109664917
epoch 9 | step 46/78 | loss = 0.0246 | global_step = 671/780 | 3.485198974609375
epoch 9 | step 47/78 | loss = 0.0697 | global_step = 672/780 | 3.4740278720855713
epoch 9 | step 48/78 | loss = 0.0203 | global_step = 673/780 | 3.4786484241485596
epoch 9 | step 49/78 | loss = 0.0336 | global_step = 674/780 | 3.4643642902374268
epoch 9 | step 50/78 | loss = 0.0258 | global_step = 675/780 | 3.466660261154175
epoch 9 | step 51/78 | loss = 0.0448 | global_step = 676/780 | 3.471491575241089
epoch 9 | step 52/78 | loss = 0.0342 | global_step = 677/780 | 3.4656870365142822
epoch 9 | step 53/78 | loss = 0.0215 | global_step = 678/780 | 3.5063490867614746
epoch 9 | step 54/78 | loss = 0.0264 | global_step = 679/780 | 3.4743828773498535
epoch 9 | step 55/78 | loss = 0.0187 | global_step = 680/780 | 3.4691998958587646
epoch 9 | step 56/78 | loss = 0.0456 | global_step = 681/780 | 3.4822702407836914
epoch 9 | step 57/78 | loss = 0.0497 | global_step = 682/780 | 3.4650754928588867
epoch 9 | step 58/78 | loss = 0.0490 | global_step = 683/780 | 3.483445167541504
epoch 9 | step 59/78 | loss = 0.0640 | global_step = 684/780 | 3.474414110183716
epoch 9 | step 60/78 | loss = 0.0591 | global_step = 685/780 | 3.489640235900879
epoch 9 | step 61/78 | loss = 0.0394 | global_step = 686/780 | 3.457125425338745
epoch 9 | step 62/78 | loss = 0.0159 | global_step = 687/780 | 3.477426052093506
epoch 9 | step 63/78 | loss = 0.0307 | global_step = 688/780 | 3.4693210124969482
epoch 9 | step 64/78 | loss = 0.0534 | global_step = 689/780 | 3.4860951900482178
epoch 9 | step 65/78 | loss = 0.0202 | global_step = 690/780 | 3.478675127029419
epoch 9 | step 66/78 | loss = 0.0129 | global_step = 691/780 | 3.555253744125366
epoch 9 | step 67/78 | loss = 0.0583 | global_step = 692/780 | 3.4817302227020264
epoch 9 | step 68/78 | loss = 0.1121 | global_step = 693/780 | 3.4698281288146973
epoch 9 | step 69/78 | loss = 0.0255 | global_step = 694/780 | 3.4713737964630127
epoch 9 | step 70/78 | loss = 0.0121 | global_step = 695/780 | 3.525346517562866
epoch 9 | step 71/78 | loss = 0.0338 | global_step = 696/780 | 3.470397710800171
epoch 9 | step 72/78 | loss = 0.0343 | global_step = 697/780 | 3.4869210720062256
epoch 9 | step 73/78 | loss = 0.0247 | global_step = 698/780 | 3.461601972579956
epoch 9 | step 74/78 | loss = 0.0680 | global_step = 699/780 | 3.489171028137207
epoch 9 | step 75/78 | loss = 0.0174 | global_step = 700/780 | 3.4689958095550537
epoch 9 | step 76/78 | loss = 0.0425 | global_step = 701/780 | 3.486696243286133
epoch 9 | step 77/78 | loss = 0.0299 | global_step = 702/780 | 3.4736969470977783
epoch 10 | step 0/78 | loss = 0.0115 | global_step = 703/780 | 3.4664981365203857
epoch 10 | step 1/78 | loss = 0.0174 | global_step = 704/780 | 3.493269681930542
epoch 10 | step 2/78 | loss = 0.0176 | global_step = 705/780 | 3.486802816390991
epoch 10 | step 3/78 | loss = 0.0190 | global_step = 706/780 | 3.5153658390045166
epoch 10 | step 4/78 | loss = 0.0144 | global_step = 707/780 | 3.496748447418213
epoch 10 | step 5/78 | loss = 0.0131 | global_step = 708/780 | 3.4765636920928955
epoch 10 | step 6/78 | loss = 0.0164 | global_step = 709/780 | 3.476638078689575
epoch 10 | step 7/78 | loss = 0.0301 | global_step = 710/780 | 3.486382007598877
epoch 10 | step 8/78 | loss = 0.0186 | global_step = 711/780 | 3.4736602306365967
epoch 10 | step 9/78 | loss = 0.0226 | global_step = 712/780 | 3.475126028060913
epoch 10 | step 10/78 | loss = 0.0296 | global_step = 713/780 | 3.4609670639038086
epoch 10 | step 11/78 | loss = 0.0118 | global_step = 714/780 | 3.4829351902008057
epoch 10 | step 12/78 | loss = 0.0065 | global_step = 715/780 | 3.477714776992798
epoch 10 | step 13/78 | loss = 0.0173 | global_step = 716/780 | 3.4638452529907227
epoch 10 | step 14/78 | loss = 0.0152 | global_step = 717/780 | 3.4623966217041016
epoch 10 | step 15/78 | loss = 0.0211 | global_step = 718/780 | 3.4690964221954346
epoch 10 | step 16/78 | loss = 0.0141 | global_step = 719/780 | 3.4595699310302734
epoch 10 | step 17/78 | loss = 0.0134 | global_step = 720/780 | 3.482546806335449
epoch 10 | step 18/78 | loss = 0.0164 | global_step = 721/780 | 3.4471237659454346
epoch 10 | step 19/78 | loss = 0.0087 | global_step = 722/780 | 3.4484870433807373
epoch 10 | step 20/78 | loss = 0.0213 | global_step = 723/780 | 3.4692742824554443
epoch 10 | step 21/78 | loss = 0.0198 | global_step = 724/780 | 3.462498903274536
epoch 10 | step 22/78 | loss = 0.0093 | global_step = 725/780 | 3.4846692085266113
epoch 10 | step 23/78 | loss = 0.0088 | global_step = 726/780 | 3.457242250442505
epoch 10 | step 24/78 | loss = 0.0134 | global_step = 727/780 | 3.461432456970215
epoch 10 | step 25/78 | loss = 0.0157 | global_step = 728/780 | 3.4650564193725586
epoch 10 | step 26/78 | loss = 0.0250 | global_step = 729/780 | 3.4550087451934814
epoch 10 | step 27/78 | loss = 0.0144 | global_step = 730/780 | 3.480236053466797
epoch 10 | step 28/78 | loss = 0.0218 | global_step = 731/780 | 3.4553778171539307
epoch 10 | step 29/78 | loss = 0.0218 | global_step = 732/780 | 3.4612295627593994
epoch 10 | step 30/78 | loss = 0.0535 | global_step = 733/780 | 3.4593148231506348
epoch 10 | step 31/78 | loss = 0.0247 | global_step = 734/780 | 3.454411268234253
epoch 10 | step 32/78 | loss = 0.0071 | global_step = 735/780 | 3.455371379852295
epoch 10 | step 33/78 | loss = 0.0101 | global_step = 736/780 | 3.454030990600586
epoch 10 | step 34/78 | loss = 0.0629 | global_step = 737/780 | 3.4804575443267822
epoch 10 | step 35/78 | loss = 0.0172 | global_step = 738/780 | 3.4627954959869385
epoch 10 | step 36/78 | loss = 0.0199 | global_step = 739/780 | 3.46740984916687
epoch 10 | step 37/78 | loss = 0.0437 | global_step = 740/780 | 3.461461067199707
epoch 10 | step 38/78 | loss = 0.0367 | global_step = 741/780 | 3.4767110347747803
epoch 10 | step 39/78 | loss = 0.0316 | global_step = 742/780 | 3.4850239753723145
epoch 10 | step 40/78 | loss = 0.0153 | global_step = 743/780 | 3.466600179672241
epoch 10 | step 41/78 | loss = 0.0185 | global_step = 744/780 | 3.4690098762512207
epoch 10 | step 42/78 | loss = 0.0392 | global_step = 745/780 | 3.4462101459503174
epoch 10 | step 43/78 | loss = 0.0157 | global_step = 746/780 | 3.475266933441162
epoch 10 | step 44/78 | loss = 0.0165 | global_step = 747/780 | 3.4527437686920166
epoch 10 | step 45/78 | loss = 0.0300 | global_step = 748/780 | 3.4731905460357666
epoch 10 | step 46/78 | loss = 0.0319 | global_step = 749/780 | 3.452397108078003
epoch 10 | step 47/78 | loss = 0.0207 | global_step = 750/780 | 3.4560654163360596
epoch 10 | step 48/78 | loss = 0.0192 | global_step = 751/780 | 3.4647579193115234
epoch 10 | step 49/78 | loss = 0.0109 | global_step = 752/780 | 3.481872797012329
epoch 10 | step 50/78 | loss = 0.0432 | global_step = 753/780 | 3.454500913619995
epoch 10 | step 51/78 | loss = 0.0380 | global_step = 754/780 | 3.4781272411346436
epoch 10 | step 52/78 | loss = 0.0109 | global_step = 755/780 | 3.4657633304595947
epoch 10 | step 53/78 | loss = 0.0175 | global_step = 756/780 | 3.4751944541931152
epoch 10 | step 54/78 | loss = 0.0065 | global_step = 757/780 | 3.471261978149414
epoch 10 | step 55/78 | loss = 0.0125 | global_step = 758/780 | 3.4694910049438477
epoch 10 | step 56/78 | loss = 0.0226 | global_step = 759/780 | 3.4715211391448975
epoch 10 | step 57/78 | loss = 0.1368 | global_step = 760/780 | 3.470863103866577
epoch 10 | step 58/78 | loss = 0.0295 | global_step = 761/780 | 3.478093147277832
epoch 10 | step 59/78 | loss = 0.0279 | global_step = 762/780 | 3.4778966903686523
epoch 10 | step 60/78 | loss = 0.0137 | global_step = 763/780 | 3.459618091583252
epoch 10 | step 61/78 | loss = 0.0228 | global_step = 764/780 | 3.4631359577178955
epoch 10 | step 62/78 | loss = 0.0161 | global_step = 765/780 | 3.461341142654419
epoch 10 | step 63/78 | loss = 0.0687 | global_step = 766/780 | 3.459381103515625
epoch 10 | step 64/78 | loss = 0.0201 | global_step = 767/780 | 3.4540772438049316
epoch 10 | step 65/78 | loss = 0.0158 | global_step = 768/780 | 3.4605343341827393
epoch 10 | step 66/78 | loss = 0.0170 | global_step = 769/780 | 3.4639992713928223
epoch 10 | step 67/78 | loss = 0.0160 | global_step = 770/780 | 3.4694149494171143
epoch 10 | step 68/78 | loss = 0.0244 | global_step = 771/780 | 3.4602184295654297
epoch 10 | step 69/78 | loss = 0.0204 | global_step = 772/780 | 3.457463264465332
epoch 10 | step 70/78 | loss = 0.0102 | global_step = 773/780 | 3.4723575115203857
epoch 10 | step 71/78 | loss = 0.0100 | global_step = 774/780 | 3.4673993587493896
epoch 10 | step 72/78 | loss = 0.0255 | global_step = 775/780 | 3.4706339836120605
epoch 10 | step 73/78 | loss = 0.0355 | global_step = 776/780 | 3.445526123046875
epoch 10 | step 74/78 | loss = 0.0236 | global_step = 777/780 | 3.465871572494507
epoch 10 | step 75/78 | loss = 0.0108 | global_step = 778/780 | 3.491492509841919
epoch 10 | step 76/78 | loss = 0.0105 | global_step = 779/780 | 3.472158908843994
epoch 10 | step 77/78 | loss = 0.0204 | global_step = 780/780 | 3.4703774452209473
