Starting MobilePipe training...
===== STARTING CONFIG TEST 1
===== STARTING CONFIG TEST 2
===== STARTING CONFIG TEST 3
1 4.974989175796509
2 4.478476285934448
3 6.292343378067017
Selected: 2
Starting main training...
epoch 1 | step 0/78 | loss = 2.6878 | global_step = 1/780 | 3.5195858478546143
epoch 1 | step 1/78 | loss = 2.6240 | global_step = 2/780 | 3.5905256271362305
epoch 1 | step 2/78 | loss = 2.3529 | global_step = 3/780 | 3.516908884048462
epoch 1 | step 3/78 | loss = 2.3895 | global_step = 4/780 | 3.5753538608551025
epoch 1 | step 4/78 | loss = 2.2820 | global_step = 5/780 | 3.481574535369873
epoch 1 | step 5/78 | loss = 2.2209 | global_step = 6/780 | 3.4806413650512695
epoch 1 | step 6/78 | loss = 2.2063 | global_step = 7/780 | 3.4810447692871094
epoch 1 | step 7/78 | loss = 2.2790 | global_step = 8/780 | 3.5188159942626953
epoch 1 | step 8/78 | loss = 2.1979 | global_step = 9/780 | 3.491234540939331
epoch 1 | step 9/78 | loss = 2.0932 | global_step = 10/780 | 3.5215933322906494
epoch 1 | step 10/78 | loss = 2.1079 | global_step = 11/780 | 3.485865592956543
epoch 1 | step 11/78 | loss = 1.9703 | global_step = 12/780 | 3.4877994060516357
epoch 1 | step 12/78 | loss = 1.9736 | global_step = 13/780 | 3.486713171005249
epoch 1 | step 13/78 | loss = 1.9475 | global_step = 14/780 | 3.5592775344848633
epoch 1 | step 14/78 | loss = 1.9093 | global_step = 15/780 | 3.5098185539245605
epoch 1 | step 15/78 | loss = 1.8524 | global_step = 16/780 | 3.5081450939178467
epoch 1 | step 16/78 | loss = 1.8524 | global_step = 17/780 | 3.482119560241699
epoch 1 | step 17/78 | loss = 1.8481 | global_step = 18/780 | 3.477749824523926
epoch 1 | step 18/78 | loss = 1.9250 | global_step = 19/780 | 3.485280990600586
epoch 1 | step 19/78 | loss = 1.8545 | global_step = 20/780 | 3.496168375015259
epoch 1 | step 20/78 | loss = 1.8267 | global_step = 21/780 | 3.5547034740448
epoch 1 | step 21/78 | loss = 1.8294 | global_step = 22/780 | 3.4708285331726074
epoch 1 | step 22/78 | loss = 1.7261 | global_step = 23/780 | 3.498406171798706
epoch 1 | step 23/78 | loss = 1.7984 | global_step = 24/780 | 3.4983699321746826
epoch 1 | step 24/78 | loss = 1.7414 | global_step = 25/780 | 3.5163931846618652
epoch 1 | step 25/78 | loss = 1.6333 | global_step = 26/780 | 3.5228023529052734
epoch 1 | step 26/78 | loss = 1.6868 | global_step = 27/780 | 3.486717939376831
epoch 1 | step 27/78 | loss = 1.6802 | global_step = 28/780 | 3.482407331466675
epoch 1 | step 28/78 | loss = 1.6139 | global_step = 29/780 | 3.5118966102600098
epoch 1 | step 29/78 | loss = 1.5732 | global_step = 30/780 | 3.478018045425415
epoch 1 | step 30/78 | loss = 1.6920 | global_step = 31/780 | 3.488163948059082
epoch 1 | step 31/78 | loss = 1.4747 | global_step = 32/780 | 3.4822616577148438
epoch 1 | step 32/78 | loss = 1.5874 | global_step = 33/780 | 3.5103023052215576
epoch 1 | step 33/78 | loss = 1.4542 | global_step = 34/780 | 3.4837112426757812
epoch 1 | step 34/78 | loss = 1.5081 | global_step = 35/780 | 3.513131856918335
epoch 1 | step 35/78 | loss = 1.4152 | global_step = 36/780 | 3.488227128982544
epoch 1 | step 36/78 | loss = 1.3477 | global_step = 37/780 | 3.4621479511260986
epoch 1 | step 37/78 | loss = 1.3867 | global_step = 38/780 | 3.4863781929016113
epoch 1 | step 38/78 | loss = 1.2046 | global_step = 39/780 | 3.5204885005950928
epoch 1 | step 39/78 | loss = 1.4820 | global_step = 40/780 | 3.4831879138946533
epoch 1 | step 40/78 | loss = 1.3054 | global_step = 41/780 | 3.498844623565674
epoch 1 | step 41/78 | loss = 1.3114 | global_step = 42/780 | 3.5199482440948486
epoch 1 | step 42/78 | loss = 1.2127 | global_step = 43/780 | 3.4907619953155518
epoch 1 | step 43/78 | loss = 1.2730 | global_step = 44/780 | 3.498565435409546
epoch 1 | step 44/78 | loss = 1.0972 | global_step = 45/780 | 3.4997851848602295
epoch 1 | step 45/78 | loss = 1.2378 | global_step = 46/780 | 3.521554708480835
epoch 1 | step 46/78 | loss = 1.3737 | global_step = 47/780 | 3.5050246715545654
epoch 1 | step 47/78 | loss = 1.1619 | global_step = 48/780 | 3.502610921859741
epoch 1 | step 48/78 | loss = 1.2209 | global_step = 49/780 | 3.513707399368286
epoch 1 | step 49/78 | loss = 0.9678 | global_step = 50/780 | 3.482194423675537
epoch 1 | step 50/78 | loss = 1.1379 | global_step = 51/780 | 3.501431941986084
epoch 1 | step 51/78 | loss = 1.0557 | global_step = 52/780 | 3.539031505584717
epoch 1 | step 52/78 | loss = 1.0474 | global_step = 53/780 | 3.496894598007202
epoch 1 | step 53/78 | loss = 1.0803 | global_step = 54/780 | 3.524261474609375
epoch 1 | step 54/78 | loss = 0.9092 | global_step = 55/780 | 3.6065189838409424
epoch 1 | step 55/78 | loss = 1.1302 | global_step = 56/780 | 3.530482769012451
epoch 1 | step 56/78 | loss = 1.1204 | global_step = 57/780 | 3.511505603790283
epoch 1 | step 57/78 | loss = 1.0327 | global_step = 58/780 | 3.4849796295166016
epoch 1 | step 58/78 | loss = 1.0025 | global_step = 59/780 | 3.490381956100464
epoch 1 | step 59/78 | loss = 0.8940 | global_step = 60/780 | 3.485154628753662
epoch 1 | step 60/78 | loss = 1.0457 | global_step = 61/780 | 3.49501633644104
epoch 1 | step 61/78 | loss = 0.9930 | global_step = 62/780 | 3.513523578643799
epoch 1 | step 62/78 | loss = 1.0230 | global_step = 63/780 | 3.5009653568267822
epoch 1 | step 63/78 | loss = 0.9920 | global_step = 64/780 | 3.4884538650512695
epoch 1 | step 64/78 | loss = 1.0628 | global_step = 65/780 | 3.489114284515381
epoch 1 | step 65/78 | loss = 0.9284 | global_step = 66/780 | 3.479548215866089
epoch 1 | step 66/78 | loss = 0.8181 | global_step = 67/780 | 3.4744365215301514
epoch 1 | step 67/78 | loss = 0.7639 | global_step = 68/780 | 3.5035924911499023
epoch 1 | step 68/78 | loss = 0.6946 | global_step = 69/780 | 3.4881951808929443
epoch 1 | step 69/78 | loss = 0.8767 | global_step = 70/780 | 3.468968391418457
epoch 1 | step 70/78 | loss = 0.7910 | global_step = 71/780 | 3.480377435684204
epoch 1 | step 71/78 | loss = 0.9273 | global_step = 72/780 | 3.4788269996643066
epoch 1 | step 72/78 | loss = 0.8174 | global_step = 73/780 | 3.4781975746154785
epoch 1 | step 73/78 | loss = 0.7868 | global_step = 74/780 | 3.494222402572632
epoch 1 | step 74/78 | loss = 0.7290 | global_step = 75/780 | 3.5280890464782715
epoch 1 | step 75/78 | loss = 0.9109 | global_step = 76/780 | 3.5092928409576416
epoch 1 | step 76/78 | loss = 0.7495 | global_step = 77/780 | 3.4792113304138184
epoch 1 | step 77/78 | loss = 0.7749 | global_step = 78/780 | 3.4848809242248535
epoch 2 | step 0/78 | loss = 0.7967 | global_step = 79/780 | 3.4750962257385254
epoch 2 | step 1/78 | loss = 0.7016 | global_step = 80/780 | 3.506286859512329
epoch 2 | step 2/78 | loss = 0.5788 | global_step = 81/780 | 3.498281717300415
epoch 2 | step 3/78 | loss = 0.9161 | global_step = 82/780 | 3.4999914169311523
epoch 2 | step 4/78 | loss = 0.8086 | global_step = 83/780 | 3.48395037651062
epoch 2 | step 5/78 | loss = 0.8903 | global_step = 84/780 | 3.483278512954712
epoch 2 | step 6/78 | loss = 0.5952 | global_step = 85/780 | 3.518202304840088
epoch 2 | step 7/78 | loss = 0.8393 | global_step = 86/780 | 3.4919190406799316
epoch 2 | step 8/78 | loss = 0.5045 | global_step = 87/780 | 3.482032537460327
epoch 2 | step 9/78 | loss = 0.6801 | global_step = 88/780 | 3.523606538772583
epoch 2 | step 10/78 | loss = 0.6361 | global_step = 89/780 | 3.5023770332336426
epoch 2 | step 11/78 | loss = 0.5676 | global_step = 90/780 | 3.4883711338043213
epoch 2 | step 12/78 | loss = 0.7351 | global_step = 91/780 | 3.5680506229400635
epoch 2 | step 13/78 | loss = 0.5878 | global_step = 92/780 | 3.506025791168213
epoch 2 | step 14/78 | loss = 0.6400 | global_step = 93/780 | 3.504751205444336
epoch 2 | step 15/78 | loss = 0.6258 | global_step = 94/780 | 3.5348989963531494
epoch 2 | step 16/78 | loss = 0.6153 | global_step = 95/780 | 3.487736701965332
epoch 2 | step 17/78 | loss = 0.7112 | global_step = 96/780 | 3.4863946437835693
epoch 2 | step 18/78 | loss = 0.6962 | global_step = 97/780 | 3.499363422393799
epoch 2 | step 19/78 | loss = 0.5814 | global_step = 98/780 | 3.502317428588867
epoch 2 | step 20/78 | loss = 0.4158 | global_step = 99/780 | 3.4824700355529785
epoch 2 | step 21/78 | loss = 0.4409 | global_step = 100/780 | 3.4753222465515137
epoch 2 | step 22/78 | loss = 0.4772 | global_step = 101/780 | 3.516510009765625
epoch 2 | step 23/78 | loss = 0.4123 | global_step = 102/780 | 3.4989893436431885
epoch 2 | step 24/78 | loss = 0.5498 | global_step = 103/780 | 3.4910619258880615
epoch 2 | step 25/78 | loss = 0.5534 | global_step = 104/780 | 3.5142195224761963
epoch 2 | step 26/78 | loss = 0.5788 | global_step = 105/780 | 3.5198967456817627
epoch 2 | step 27/78 | loss = 0.5108 | global_step = 106/780 | 3.5105063915252686
epoch 2 | step 28/78 | loss = 0.5348 | global_step = 107/780 | 3.51847505569458
epoch 2 | step 29/78 | loss = 0.7336 | global_step = 108/780 | 3.489971160888672
epoch 2 | step 30/78 | loss = 0.5291 | global_step = 109/780 | 3.495452880859375
epoch 2 | step 31/78 | loss = 0.6197 | global_step = 110/780 | 3.5052974224090576
epoch 2 | step 32/78 | loss = 0.4524 | global_step = 111/780 | 3.462984561920166
epoch 2 | step 33/78 | loss = 0.6439 | global_step = 112/780 | 3.486295223236084
epoch 2 | step 34/78 | loss = 0.4759 | global_step = 113/780 | 3.5454368591308594
epoch 2 | step 35/78 | loss = 0.4278 | global_step = 114/780 | 3.486703634262085
epoch 2 | step 36/78 | loss = 0.4399 | global_step = 115/780 | 3.4946725368499756
epoch 2 | step 37/78 | loss = 0.4833 | global_step = 116/780 | 3.5060276985168457
epoch 2 | step 38/78 | loss = 0.9024 | global_step = 117/780 | 3.506784677505493
epoch 2 | step 39/78 | loss = 0.5557 | global_step = 118/780 | 3.505035400390625
epoch 2 | step 40/78 | loss = 0.6322 | global_step = 119/780 | 3.485330581665039
epoch 2 | step 41/78 | loss = 0.5688 | global_step = 120/780 | 3.489353895187378
epoch 2 | step 42/78 | loss = 0.5707 | global_step = 121/780 | 3.4868810176849365
epoch 2 | step 43/78 | loss = 0.6423 | global_step = 122/780 | 3.4828503131866455
epoch 2 | step 44/78 | loss = 0.6750 | global_step = 123/780 | 3.489323854446411
epoch 2 | step 45/78 | loss = 0.4405 | global_step = 124/780 | 3.4825403690338135
epoch 2 | step 46/78 | loss = 0.4225 | global_step = 125/780 | 3.5466806888580322
epoch 2 | step 47/78 | loss = 0.7591 | global_step = 126/780 | 3.4912946224212646
epoch 2 | step 48/78 | loss = 0.4852 | global_step = 127/780 | 3.4980337619781494
epoch 2 | step 49/78 | loss = 0.3417 | global_step = 128/780 | 3.496595621109009
epoch 2 | step 50/78 | loss = 0.5462 | global_step = 129/780 | 3.5507733821868896
epoch 2 | step 51/78 | loss = 0.6235 | global_step = 130/780 | 3.4806668758392334
epoch 2 | step 52/78 | loss = 0.5773 | global_step = 131/780 | 3.4953136444091797
epoch 2 | step 53/78 | loss = 0.5029 | global_step = 132/780 | 3.4999582767486572
epoch 2 | step 54/78 | loss = 0.4822 | global_step = 133/780 | 3.525804042816162
epoch 2 | step 55/78 | loss = 0.3957 | global_step = 134/780 | 3.4954257011413574
epoch 2 | step 56/78 | loss = 0.4280 | global_step = 135/780 | 3.4781899452209473
epoch 2 | step 57/78 | loss = 0.7751 | global_step = 136/780 | 3.5365047454833984
epoch 2 | step 58/78 | loss = 0.7878 | global_step = 137/780 | 3.4922432899475098
epoch 2 | step 59/78 | loss = 0.3707 | global_step = 138/780 | 3.5101864337921143
epoch 2 | step 60/78 | loss = 0.6159 | global_step = 139/780 | 3.5099756717681885
epoch 2 | step 61/78 | loss = 0.4820 | global_step = 140/780 | 3.5057342052459717
epoch 2 | step 62/78 | loss = 0.4869 | global_step = 141/780 | 3.481442451477051
epoch 2 | step 63/78 | loss = 0.5822 | global_step = 142/780 | 3.5199058055877686
epoch 2 | step 64/78 | loss = 0.4038 | global_step = 143/780 | 3.4963583946228027
epoch 2 | step 65/78 | loss = 0.5385 | global_step = 144/780 | 3.474915027618408
epoch 2 | step 66/78 | loss = 0.4908 | global_step = 145/780 | 3.4936978816986084
epoch 2 | step 67/78 | loss = 0.3143 | global_step = 146/780 | 3.4786832332611084
epoch 2 | step 68/78 | loss = 0.4976 | global_step = 147/780 | 3.481920003890991
epoch 2 | step 69/78 | loss = 0.4591 | global_step = 148/780 | 3.525608777999878
epoch 2 | step 70/78 | loss = 0.3698 | global_step = 149/780 | 3.4893791675567627
epoch 2 | step 71/78 | loss = 0.4632 | global_step = 150/780 | 3.5005276203155518
epoch 2 | step 72/78 | loss = 0.2392 | global_step = 151/780 | 3.488461494445801
epoch 2 | step 73/78 | loss = 0.4405 | global_step = 152/780 | 3.514267683029175
epoch 2 | step 74/78 | loss = 0.3931 | global_step = 153/780 | 3.4875307083129883
epoch 2 | step 75/78 | loss = 0.3099 | global_step = 154/780 | 3.509514808654785
epoch 2 | step 76/78 | loss = 0.4801 | global_step = 155/780 | 3.5081026554107666
epoch 2 | step 77/78 | loss = 0.5697 | global_step = 156/780 | 3.483154535293579
epoch 3 | step 0/78 | loss = 0.4784 | global_step = 157/780 | 3.4866018295288086
epoch 3 | step 1/78 | loss = 0.3111 | global_step = 158/780 | 3.5101873874664307
epoch 3 | step 2/78 | loss = 0.3898 | global_step = 159/780 | 3.5086872577667236
epoch 3 | step 3/78 | loss = 0.3840 | global_step = 160/780 | 3.541304588317871
epoch 3 | step 4/78 | loss = 0.4642 | global_step = 161/780 | 3.505941152572632
epoch 3 | step 5/78 | loss = 0.2793 | global_step = 162/780 | 3.5007526874542236
epoch 3 | step 6/78 | loss = 0.2659 | global_step = 163/780 | 3.4994618892669678
epoch 3 | step 7/78 | loss = 0.3559 | global_step = 164/780 | 3.4738895893096924
epoch 3 | step 8/78 | loss = 0.3542 | global_step = 165/780 | 3.4890267848968506
epoch 3 | step 9/78 | loss = 0.3164 | global_step = 166/780 | 3.4986062049865723
epoch 3 | step 10/78 | loss = 0.3688 | global_step = 167/780 | 3.4796035289764404
epoch 3 | step 11/78 | loss = 0.3735 | global_step = 168/780 | 3.4904656410217285
epoch 3 | step 12/78 | loss = 0.4100 | global_step = 169/780 | 3.484808921813965
epoch 3 | step 13/78 | loss = 0.2156 | global_step = 170/780 | 3.493778705596924
epoch 3 | step 14/78 | loss = 0.3293 | global_step = 171/780 | 3.4825873374938965
epoch 3 | step 15/78 | loss = 0.2319 | global_step = 172/780 | 3.4845430850982666
epoch 3 | step 16/78 | loss = 0.3440 | global_step = 173/780 | 3.489792823791504
epoch 3 | step 17/78 | loss = 0.5076 | global_step = 174/780 | 3.501037120819092
epoch 3 | step 18/78 | loss = 0.3295 | global_step = 175/780 | 3.488431215286255
epoch 3 | step 19/78 | loss = 0.2143 | global_step = 176/780 | 3.500023603439331
epoch 3 | step 20/78 | loss = 0.3634 | global_step = 177/780 | 3.5322465896606445
epoch 3 | step 21/78 | loss = 0.3574 | global_step = 178/780 | 3.49773907661438
epoch 3 | step 22/78 | loss = 0.2568 | global_step = 179/780 | 3.508349895477295
epoch 3 | step 23/78 | loss = 0.2599 | global_step = 180/780 | 3.491974115371704
epoch 3 | step 24/78 | loss = 0.4477 | global_step = 181/780 | 3.4853389263153076
epoch 3 | step 25/78 | loss = 0.4927 | global_step = 182/780 | 3.5400679111480713
epoch 3 | step 26/78 | loss = 0.3855 | global_step = 183/780 | 3.4922292232513428
epoch 3 | step 27/78 | loss = 0.4755 | global_step = 184/780 | 3.456105947494507
epoch 3 | step 28/78 | loss = 0.4669 | global_step = 185/780 | 3.5457279682159424
epoch 3 | step 29/78 | loss = 0.3873 | global_step = 186/780 | 3.485633134841919
epoch 3 | step 30/78 | loss = 0.4752 | global_step = 187/780 | 3.5117807388305664
epoch 3 | step 31/78 | loss = 0.4577 | global_step = 188/780 | 3.5013504028320312
epoch 3 | step 32/78 | loss = 0.3901 | global_step = 189/780 | 3.4591829776763916
epoch 3 | step 33/78 | loss = 0.3240 | global_step = 190/780 | 3.482581615447998
epoch 3 | step 34/78 | loss = 0.3909 | global_step = 191/780 | 3.5008723735809326
epoch 3 | step 35/78 | loss = 0.4379 | global_step = 192/780 | 3.4984841346740723
epoch 3 | step 36/78 | loss = 0.4130 | global_step = 193/780 | 3.498135566711426
epoch 3 | step 37/78 | loss = 0.2264 | global_step = 194/780 | 3.4654600620269775
epoch 3 | step 38/78 | loss = 0.1753 | global_step = 195/780 | 3.497441291809082
epoch 3 | step 39/78 | loss = 0.3467 | global_step = 196/780 | 3.4846856594085693
epoch 3 | step 40/78 | loss = 0.4022 | global_step = 197/780 | 3.4721760749816895
epoch 3 | step 41/78 | loss = 0.3432 | global_step = 198/780 | 3.5159573554992676
epoch 3 | step 42/78 | loss = 0.2275 | global_step = 199/780 | 3.4798431396484375
epoch 3 | step 43/78 | loss = 0.2822 | global_step = 200/780 | 3.4760327339172363
epoch 3 | step 44/78 | loss = 0.5934 | global_step = 201/780 | 3.4935295581817627
epoch 3 | step 45/78 | loss = 0.1668 | global_step = 202/780 | 3.4921765327453613
epoch 3 | step 46/78 | loss = 0.3832 | global_step = 203/780 | 3.483675956726074
epoch 3 | step 47/78 | loss = 0.4931 | global_step = 204/780 | 3.481823682785034
epoch 3 | step 48/78 | loss = 0.3576 | global_step = 205/780 | 3.4904932975769043
epoch 3 | step 49/78 | loss = 0.3522 | global_step = 206/780 | 3.4907827377319336
epoch 3 | step 50/78 | loss = 0.2501 | global_step = 207/780 | 3.5045840740203857
epoch 3 | step 51/78 | loss = 0.2833 | global_step = 208/780 | 3.496875286102295
epoch 3 | step 52/78 | loss = 0.2303 | global_step = 209/780 | 3.51895809173584
epoch 3 | step 53/78 | loss = 0.2977 | global_step = 210/780 | 3.493363857269287
epoch 3 | step 54/78 | loss = 0.3709 | global_step = 211/780 | 3.48341965675354
epoch 3 | step 55/78 | loss = 0.3302 | global_step = 212/780 | 3.4914612770080566
epoch 3 | step 56/78 | loss = 0.3201 | global_step = 213/780 | 3.52907657623291
epoch 3 | step 57/78 | loss = 0.6357 | global_step = 214/780 | 3.479966163635254
epoch 3 | step 58/78 | loss = 0.3445 | global_step = 215/780 | 3.504185914993286
epoch 3 | step 59/78 | loss = 0.3554 | global_step = 216/780 | 3.554744243621826
epoch 3 | step 60/78 | loss = 0.1901 | global_step = 217/780 | 3.497396230697632
epoch 3 | step 61/78 | loss = 0.3123 | global_step = 218/780 | 3.494030714035034
epoch 3 | step 62/78 | loss = 0.3027 | global_step = 219/780 | 3.4832799434661865
epoch 3 | step 63/78 | loss = 0.3225 | global_step = 220/780 | 3.481332778930664
epoch 3 | step 64/78 | loss = 0.3266 | global_step = 221/780 | 3.4885365962982178
epoch 3 | step 65/78 | loss = 0.3458 | global_step = 222/780 | 3.4837887287139893
epoch 3 | step 66/78 | loss = 0.3422 | global_step = 223/780 | 3.5036978721618652
epoch 3 | step 67/78 | loss = 0.3246 | global_step = 224/780 | 3.485358238220215
epoch 3 | step 68/78 | loss = 0.2134 | global_step = 225/780 | 3.502706527709961
epoch 3 | step 69/78 | loss = 0.4234 | global_step = 226/780 | 3.483658790588379
epoch 3 | step 70/78 | loss = 0.3723 | global_step = 227/780 | 3.504249095916748
epoch 3 | step 71/78 | loss = 0.3560 | global_step = 228/780 | 3.5060863494873047
epoch 3 | step 72/78 | loss = 0.2637 | global_step = 229/780 | 3.480593204498291
epoch 3 | step 73/78 | loss = 0.4240 | global_step = 230/780 | 3.4931328296661377
epoch 3 | step 74/78 | loss = 0.2493 | global_step = 231/780 | 3.4844136238098145
epoch 3 | step 75/78 | loss = 0.2740 | global_step = 232/780 | 3.5126187801361084
epoch 3 | step 76/78 | loss = 0.3325 | global_step = 233/780 | 3.5374553203582764
epoch 3 | step 77/78 | loss = 0.3528 | global_step = 234/780 | 3.483924388885498
epoch 4 | step 0/78 | loss = 0.2840 | global_step = 235/780 | 3.506283760070801
epoch 4 | step 1/78 | loss = 0.2595 | global_step = 236/780 | 3.4821019172668457
epoch 4 | step 2/78 | loss = 0.2402 | global_step = 237/780 | 3.492079496383667
epoch 4 | step 3/78 | loss = 0.3591 | global_step = 238/780 | 3.4999821186065674
epoch 4 | step 4/78 | loss = 0.2755 | global_step = 239/780 | 3.5554986000061035
epoch 4 | step 5/78 | loss = 0.2254 | global_step = 240/780 | 3.485619306564331
epoch 4 | step 6/78 | loss = 0.3408 | global_step = 241/780 | 3.4820234775543213
epoch 4 | step 7/78 | loss = 0.2566 | global_step = 242/780 | 3.505422830581665
epoch 4 | step 8/78 | loss = 0.2015 | global_step = 243/780 | 3.472538471221924
epoch 4 | step 9/78 | loss = 0.1276 | global_step = 244/780 | 3.4857211112976074
epoch 4 | step 10/78 | loss = 0.2606 | global_step = 245/780 | 3.5321977138519287
epoch 4 | step 11/78 | loss = 0.2760 | global_step = 246/780 | 3.5050206184387207
epoch 4 | step 12/78 | loss = 0.2189 | global_step = 247/780 | 3.48457932472229
epoch 4 | step 13/78 | loss = 0.1391 | global_step = 248/780 | 3.4908690452575684
epoch 4 | step 14/78 | loss = 0.2459 | global_step = 249/780 | 3.494595527648926
epoch 4 | step 15/78 | loss = 0.2998 | global_step = 250/780 | 3.5470612049102783
epoch 4 | step 16/78 | loss = 0.3353 | global_step = 251/780 | 3.4877068996429443
epoch 4 | step 17/78 | loss = 0.4263 | global_step = 252/780 | 3.5115015506744385
epoch 4 | step 18/78 | loss = 0.3843 | global_step = 253/780 | 3.477534055709839
epoch 4 | step 19/78 | loss = 0.2030 | global_step = 254/780 | 3.4797730445861816
epoch 4 | step 20/78 | loss = 0.2058 | global_step = 255/780 | 3.471217155456543
epoch 4 | step 21/78 | loss = 0.2276 | global_step = 256/780 | 3.4836184978485107
epoch 4 | step 22/78 | loss = 0.2479 | global_step = 257/780 | 3.50883412361145
epoch 4 | step 23/78 | loss = 0.4267 | global_step = 258/780 | 3.4740986824035645
epoch 4 | step 24/78 | loss = 0.2429 | global_step = 259/780 | 3.4842653274536133
epoch 4 | step 25/78 | loss = 0.3027 | global_step = 260/780 | 3.5094802379608154
epoch 4 | step 26/78 | loss = 0.1649 | global_step = 261/780 | 3.472832679748535
epoch 4 | step 27/78 | loss = 0.2424 | global_step = 262/780 | 3.5811352729797363
epoch 4 | step 28/78 | loss = 0.1863 | global_step = 263/780 | 3.508971691131592
epoch 4 | step 29/78 | loss = 0.2707 | global_step = 264/780 | 3.55804443359375
epoch 4 | step 30/78 | loss = 0.2214 | global_step = 265/780 | 3.512037992477417
epoch 4 | step 31/78 | loss = 0.1903 | global_step = 266/780 | 3.5268561840057373
epoch 4 | step 32/78 | loss = 0.2973 | global_step = 267/780 | 3.496025323867798
epoch 4 | step 33/78 | loss = 0.1917 | global_step = 268/780 | 3.4895942211151123
epoch 4 | step 34/78 | loss = 0.1268 | global_step = 269/780 | 3.475052833557129
epoch 4 | step 35/78 | loss = 0.4090 | global_step = 270/780 | 3.480109691619873
epoch 4 | step 36/78 | loss = 0.1877 | global_step = 271/780 | 3.491241931915283
epoch 4 | step 37/78 | loss = 0.3095 | global_step = 272/780 | 3.4782376289367676
epoch 4 | step 38/78 | loss = 0.2454 | global_step = 273/780 | 3.504462957382202
epoch 4 | step 39/78 | loss = 0.3660 | global_step = 274/780 | 3.5111944675445557
epoch 4 | step 40/78 | loss = 0.3064 | global_step = 275/780 | 3.5122733116149902
epoch 4 | step 41/78 | loss = 0.1755 | global_step = 276/780 | 3.5033884048461914
epoch 4 | step 42/78 | loss = 0.3844 | global_step = 277/780 | 3.489682197570801
epoch 4 | step 43/78 | loss = 0.1611 | global_step = 278/780 | 3.555952310562134
epoch 4 | step 44/78 | loss = 0.1643 | global_step = 279/780 | 3.646946430206299
epoch 4 | step 45/78 | loss = 0.1990 | global_step = 280/780 | 3.5420424938201904
epoch 4 | step 46/78 | loss = 0.2473 | global_step = 281/780 | 3.5121910572052
epoch 4 | step 47/78 | loss = 0.1384 | global_step = 282/780 | 3.4757137298583984
epoch 4 | step 48/78 | loss = 0.2027 | global_step = 283/780 | 3.4837143421173096
epoch 4 | step 49/78 | loss = 0.2290 | global_step = 284/780 | 3.4930341243743896
epoch 4 | step 50/78 | loss = 0.2654 | global_step = 285/780 | 3.51918363571167
epoch 4 | step 51/78 | loss = 0.2566 | global_step = 286/780 | 3.496368885040283
epoch 4 | step 52/78 | loss = 0.2909 | global_step = 287/780 | 3.484994888305664
epoch 4 | step 53/78 | loss = 0.1880 | global_step = 288/780 | 3.50419282913208
epoch 4 | step 54/78 | loss = 0.1775 | global_step = 289/780 | 3.4940848350524902
epoch 4 | step 55/78 | loss = 0.2271 | global_step = 290/780 | 3.4867281913757324
epoch 4 | step 56/78 | loss = 0.1261 | global_step = 291/780 | 3.480947971343994
epoch 4 | step 57/78 | loss = 0.3034 | global_step = 292/780 | 3.540048122406006
epoch 4 | step 58/78 | loss = 0.1783 | global_step = 293/780 | 3.462944746017456
epoch 4 | step 59/78 | loss = 0.2972 | global_step = 294/780 | 3.5065298080444336
epoch 4 | step 60/78 | loss = 0.1696 | global_step = 295/780 | 3.547268867492676
epoch 4 | step 61/78 | loss = 0.3012 | global_step = 296/780 | 3.497246026992798
epoch 4 | step 62/78 | loss = 0.2600 | global_step = 297/780 | 3.498689651489258
epoch 4 | step 63/78 | loss = 0.1905 | global_step = 298/780 | 3.510019540786743
epoch 4 | step 64/78 | loss = 0.4267 | global_step = 299/780 | 3.491208791732788
epoch 4 | step 65/78 | loss = 0.3721 | global_step = 300/780 | 3.5073235034942627
epoch 4 | step 66/78 | loss = 0.3333 | global_step = 301/780 | 3.5073280334472656
epoch 4 | step 67/78 | loss = 0.2458 | global_step = 302/780 | 3.4918150901794434
epoch 4 | step 68/78 | loss = 0.1857 | global_step = 303/780 | 3.475933074951172
epoch 4 | step 69/78 | loss = 0.4350 | global_step = 304/780 | 3.4931323528289795
epoch 4 | step 70/78 | loss = 0.1978 | global_step = 305/780 | 3.488640785217285
epoch 4 | step 71/78 | loss = 0.1502 | global_step = 306/780 | 3.501014232635498
epoch 4 | step 72/78 | loss = 0.2683 | global_step = 307/780 | 3.4841606616973877
epoch 4 | step 73/78 | loss = 0.4313 | global_step = 308/780 | 3.4955456256866455
epoch 4 | step 74/78 | loss = 0.1838 | global_step = 309/780 | 3.5050065517425537
epoch 4 | step 75/78 | loss = 0.3101 | global_step = 310/780 | 3.4949421882629395
epoch 4 | step 76/78 | loss = 0.2769 | global_step = 311/780 | 3.4940452575683594
epoch 4 | step 77/78 | loss = 0.1652 | global_step = 312/780 | 3.49991774559021
epoch 5 | step 0/78 | loss = 0.1537 | global_step = 313/780 | 3.4864091873168945
epoch 5 | step 1/78 | loss = 0.1605 | global_step = 314/780 | 3.508897304534912
epoch 5 | step 2/78 | loss = 0.2205 | global_step = 315/780 | 3.5151610374450684
epoch 5 | step 3/78 | loss = 0.1988 | global_step = 316/780 | 3.5011117458343506
epoch 5 | step 4/78 | loss = 0.2442 | global_step = 317/780 | 3.497711420059204
epoch 5 | step 5/78 | loss = 0.1673 | global_step = 318/780 | 3.4771902561187744
epoch 5 | step 6/78 | loss = 0.2578 | global_step = 319/780 | 3.525343656539917
epoch 5 | step 7/78 | loss = 0.2587 | global_step = 320/780 | 3.474846124649048
epoch 5 | step 8/78 | loss = 0.1431 | global_step = 321/780 | 3.4743363857269287
epoch 5 | step 9/78 | loss = 0.1195 | global_step = 322/780 | 3.489804983139038
epoch 5 | step 10/78 | loss = 0.1527 | global_step = 323/780 | 3.4693527221679688
epoch 5 | step 11/78 | loss = 0.1094 | global_step = 324/780 | 3.534609794616699
epoch 5 | step 12/78 | loss = 0.1327 | global_step = 325/780 | 3.4913330078125
epoch 5 | step 13/78 | loss = 0.2566 | global_step = 326/780 | 3.474458932876587
epoch 5 | step 14/78 | loss = 0.1228 | global_step = 327/780 | 3.500701427459717
epoch 5 | step 15/78 | loss = 0.1294 | global_step = 328/780 | 3.475837230682373
epoch 5 | step 16/78 | loss = 0.2313 | global_step = 329/780 | 3.477935552597046
epoch 5 | step 17/78 | loss = 0.1734 | global_step = 330/780 | 3.471857786178589
epoch 5 | step 18/78 | loss = 0.1151 | global_step = 331/780 | 3.4960577487945557
epoch 5 | step 19/78 | loss = 0.1069 | global_step = 332/780 | 3.519329309463501
epoch 5 | step 20/78 | loss = 0.1840 | global_step = 333/780 | 3.4881577491760254
epoch 5 | step 21/78 | loss = 0.2724 | global_step = 334/780 | 3.479543447494507
epoch 5 | step 22/78 | loss = 0.2752 | global_step = 335/780 | 3.4942874908447266
epoch 5 | step 23/78 | loss = 0.2750 | global_step = 336/780 | 3.482454538345337
epoch 5 | step 24/78 | loss = 0.1276 | global_step = 337/780 | 3.4858860969543457
epoch 5 | step 25/78 | loss = 0.2161 | global_step = 338/780 | 3.4851763248443604
epoch 5 | step 26/78 | loss = 0.1651 | global_step = 339/780 | 3.4917333126068115
epoch 5 | step 27/78 | loss = 0.1965 | global_step = 340/780 | 3.476616859436035
epoch 5 | step 28/78 | loss = 0.1164 | global_step = 341/780 | 3.4784138202667236
epoch 5 | step 29/78 | loss = 0.1145 | global_step = 342/780 | 3.4821345806121826
epoch 5 | step 30/78 | loss = 0.1621 | global_step = 343/780 | 3.4848194122314453
epoch 5 | step 31/78 | loss = 0.1372 | global_step = 344/780 | 3.4785594940185547
epoch 5 | step 32/78 | loss = 0.2118 | global_step = 345/780 | 3.4745945930480957
epoch 5 | step 33/78 | loss = 0.2401 | global_step = 346/780 | 3.513953685760498
epoch 5 | step 34/78 | loss = 0.2201 | global_step = 347/780 | 3.472520112991333
epoch 5 | step 35/78 | loss = 0.2220 | global_step = 348/780 | 3.466671943664551
epoch 5 | step 36/78 | loss = 0.2543 | global_step = 349/780 | 3.5231564044952393
epoch 5 | step 37/78 | loss = 0.2104 | global_step = 350/780 | 3.4783875942230225
epoch 5 | step 38/78 | loss = 0.2433 | global_step = 351/780 | 3.478253126144409
epoch 5 | step 39/78 | loss = 0.1403 | global_step = 352/780 | 3.4785895347595215
epoch 5 | step 40/78 | loss = 0.0563 | global_step = 353/780 | 3.469693899154663
epoch 5 | step 41/78 | loss = 0.1940 | global_step = 354/780 | 3.4821033477783203
epoch 5 | step 42/78 | loss = 0.1417 | global_step = 355/780 | 3.484379291534424
epoch 5 | step 43/78 | loss = 0.2574 | global_step = 356/780 | 3.5202152729034424
epoch 5 | step 44/78 | loss = 0.1030 | global_step = 357/780 | 3.4816665649414062
epoch 5 | step 45/78 | loss = 0.2084 | global_step = 358/780 | 3.4817252159118652
epoch 5 | step 46/78 | loss = 0.2426 | global_step = 359/780 | 3.4771039485931396
epoch 5 | step 47/78 | loss = 0.0948 | global_step = 360/780 | 3.470015287399292
epoch 5 | step 48/78 | loss = 0.1629 | global_step = 361/780 | 3.4738614559173584
epoch 5 | step 49/78 | loss = 0.1601 | global_step = 362/780 | 3.473904848098755
epoch 5 | step 50/78 | loss = 0.2531 | global_step = 363/780 | 3.503117561340332
epoch 5 | step 51/78 | loss = 0.1860 | global_step = 364/780 | 3.472336530685425
epoch 5 | step 52/78 | loss = 0.1208 | global_step = 365/780 | 3.4851362705230713
epoch 5 | step 53/78 | loss = 0.1026 | global_step = 366/780 | 3.4748542308807373
epoch 5 | step 54/78 | loss = 0.0863 | global_step = 367/780 | 3.473792791366577
epoch 5 | step 55/78 | loss = 0.1063 | global_step = 368/780 | 3.467761754989624
epoch 5 | step 56/78 | loss = 0.1875 | global_step = 369/780 | 3.4676496982574463
epoch 5 | step 57/78 | loss = 0.1114 | global_step = 370/780 | 3.532803535461426
epoch 5 | step 58/78 | loss = 0.0922 | global_step = 371/780 | 3.456017255783081
epoch 5 | step 59/78 | loss = 0.0630 | global_step = 372/780 | 3.4617440700531006
epoch 5 | step 60/78 | loss = 0.1489 | global_step = 373/780 | 3.473824977874756
epoch 5 | step 61/78 | loss = 0.3075 | global_step = 374/780 | 3.472172260284424
epoch 5 | step 62/78 | loss = 0.1215 | global_step = 375/780 | 3.481534481048584
epoch 5 | step 63/78 | loss = 0.2922 | global_step = 376/780 | 3.4694576263427734
epoch 5 | step 64/78 | loss = 0.2979 | global_step = 377/780 | 3.4797723293304443
epoch 5 | step 65/78 | loss = 0.2443 | global_step = 378/780 | 3.4764232635498047
epoch 5 | step 66/78 | loss = 0.0844 | global_step = 379/780 | 3.479576826095581
epoch 5 | step 67/78 | loss = 0.1618 | global_step = 380/780 | 3.460848093032837
epoch 5 | step 68/78 | loss = 0.1365 | global_step = 381/780 | 3.4692790508270264
epoch 5 | step 69/78 | loss = 0.1468 | global_step = 382/780 | 3.4775032997131348
epoch 5 | step 70/78 | loss = 0.1117 | global_step = 383/780 | 3.501849889755249
epoch 5 | step 71/78 | loss = 0.2008 | global_step = 384/780 | 3.4620485305786133
epoch 5 | step 72/78 | loss = 0.1432 | global_step = 385/780 | 3.465240240097046
epoch 5 | step 73/78 | loss = 0.0772 | global_step = 386/780 | 3.4766125679016113
epoch 5 | step 74/78 | loss = 0.2059 | global_step = 387/780 | 3.4897029399871826
epoch 5 | step 75/78 | loss = 0.1798 | global_step = 388/780 | 3.4662067890167236
epoch 5 | step 76/78 | loss = 0.2824 | global_step = 389/780 | 3.467299699783325
epoch 5 | step 77/78 | loss = 0.2417 | global_step = 390/780 | 3.4767332077026367
epoch 6 | step 0/78 | loss = 0.1050 | global_step = 391/780 | 3.446139335632324
epoch 6 | step 1/78 | loss = 0.0900 | global_step = 392/780 | 3.471740961074829
epoch 6 | step 2/78 | loss = 0.1000 | global_step = 393/780 | 3.4670796394348145
epoch 6 | step 3/78 | loss = 0.1220 | global_step = 394/780 | 3.4722118377685547
epoch 6 | step 4/78 | loss = 0.2289 | global_step = 395/780 | 3.4676718711853027
epoch 6 | step 5/78 | loss = 0.2152 | global_step = 396/780 | 3.4852917194366455
epoch 6 | step 6/78 | loss = 0.2192 | global_step = 397/780 | 3.490454912185669
epoch 6 | step 7/78 | loss = 0.1385 | global_step = 398/780 | 3.4811713695526123
epoch 6 | step 8/78 | loss = 0.0519 | global_step = 399/780 | 3.4878718852996826
epoch 6 | step 9/78 | loss = 0.0952 | global_step = 400/780 | 3.508089780807495
epoch 6 | step 10/78 | loss = 0.0848 | global_step = 401/780 | 3.4641759395599365
epoch 6 | step 11/78 | loss = 0.0919 | global_step = 402/780 | 3.472503662109375
epoch 6 | step 12/78 | loss = 0.1216 | global_step = 403/780 | 3.4833476543426514
epoch 6 | step 13/78 | loss = 0.1338 | global_step = 404/780 | 3.466038942337036
epoch 6 | step 14/78 | loss = 0.1473 | global_step = 405/780 | 3.4632551670074463
epoch 6 | step 15/78 | loss = 0.0840 | global_step = 406/780 | 3.471738576889038
epoch 6 | step 16/78 | loss = 0.1409 | global_step = 407/780 | 3.4810478687286377
epoch 6 | step 17/78 | loss = 0.0997 | global_step = 408/780 | 3.462918519973755
epoch 6 | step 18/78 | loss = 0.1337 | global_step = 409/780 | 3.4556093215942383
epoch 6 | step 19/78 | loss = 0.1156 | global_step = 410/780 | 3.465484380722046
epoch 6 | step 20/78 | loss = 0.1369 | global_step = 411/780 | 3.4692506790161133
epoch 6 | step 21/78 | loss = 0.1599 | global_step = 412/780 | 3.4949183464050293
epoch 6 | step 22/78 | loss = 0.1158 | global_step = 413/780 | 3.487137794494629
epoch 6 | step 23/78 | loss = 0.1077 | global_step = 414/780 | 3.4903645515441895
epoch 6 | step 24/78 | loss = 0.0871 | global_step = 415/780 | 3.4868381023406982
epoch 6 | step 25/78 | loss = 0.1646 | global_step = 416/780 | 3.485291004180908
epoch 6 | step 26/78 | loss = 0.0721 | global_step = 417/780 | 3.5058889389038086
epoch 6 | step 27/78 | loss = 0.0614 | global_step = 418/780 | 3.4704837799072266
epoch 6 | step 28/78 | loss = 0.1858 | global_step = 419/780 | 3.487247943878174
epoch 6 | step 29/78 | loss = 0.0997 | global_step = 420/780 | 3.4962239265441895
epoch 6 | step 30/78 | loss = 0.1611 | global_step = 421/780 | 3.46447491645813
epoch 6 | step 31/78 | loss = 0.2002 | global_step = 422/780 | 3.6296942234039307
epoch 6 | step 32/78 | loss = 0.0748 | global_step = 423/780 | 3.5316104888916016
epoch 6 | step 33/78 | loss = 0.0835 | global_step = 424/780 | 3.4693105220794678
epoch 6 | step 34/78 | loss = 0.1472 | global_step = 425/780 | 3.5119175910949707
epoch 6 | step 35/78 | loss = 0.0523 | global_step = 426/780 | 3.489452362060547
epoch 6 | step 36/78 | loss = 0.0913 | global_step = 427/780 | 3.482041358947754
epoch 6 | step 37/78 | loss = 0.0700 | global_step = 428/780 | 3.492983102798462
epoch 6 | step 38/78 | loss = 0.1139 | global_step = 429/780 | 3.459475517272949
epoch 6 | step 39/78 | loss = 0.0603 | global_step = 430/780 | 3.462759256362915
epoch 6 | step 40/78 | loss = 0.0882 | global_step = 431/780 | 3.485079050064087
epoch 6 | step 41/78 | loss = 0.1661 | global_step = 432/780 | 3.6619629859924316
epoch 6 | step 42/78 | loss = 0.1056 | global_step = 433/780 | 3.451335906982422
epoch 6 | step 43/78 | loss = 0.0773 | global_step = 434/780 | 3.484450340270996
epoch 6 | step 44/78 | loss = 0.1001 | global_step = 435/780 | 3.4764771461486816
epoch 6 | step 45/78 | loss = 0.0750 | global_step = 436/780 | 3.4577133655548096
epoch 6 | step 46/78 | loss = 0.0814 | global_step = 437/780 | 3.4697952270507812
epoch 6 | step 47/78 | loss = 0.0974 | global_step = 438/780 | 3.4632010459899902
epoch 6 | step 48/78 | loss = 0.1677 | global_step = 439/780 | 3.570142984390259
epoch 6 | step 49/78 | loss = 0.0715 | global_step = 440/780 | 3.5114877223968506
epoch 6 | step 50/78 | loss = 0.1732 | global_step = 441/780 | 3.478304624557495
epoch 6 | step 51/78 | loss = 0.1492 | global_step = 442/780 | 3.4974217414855957
epoch 6 | step 52/78 | loss = 0.1647 | global_step = 443/780 | 3.4796104431152344
epoch 6 | step 53/78 | loss = 0.1319 | global_step = 444/780 | 3.4832587242126465
epoch 6 | step 54/78 | loss = 0.0783 | global_step = 445/780 | 3.471919536590576
epoch 6 | step 55/78 | loss = 0.1978 | global_step = 446/780 | 3.46543550491333
epoch 6 | step 56/78 | loss = 0.0674 | global_step = 447/780 | 3.4812746047973633
epoch 6 | step 57/78 | loss = 0.1423 | global_step = 448/780 | 3.466552734375
epoch 6 | step 58/78 | loss = 0.0411 | global_step = 449/780 | 3.4735567569732666
epoch 6 | step 59/78 | loss = 0.0652 | global_step = 450/780 | 3.495512008666992
epoch 6 | step 60/78 | loss = 0.0958 | global_step = 451/780 | 3.474853277206421
epoch 6 | step 61/78 | loss = 0.1765 | global_step = 452/780 | 3.4852025508880615
epoch 6 | step 62/78 | loss = 0.1439 | global_step = 453/780 | 3.487337827682495
epoch 6 | step 63/78 | loss = 0.0537 | global_step = 454/780 | 3.469412326812744
epoch 6 | step 64/78 | loss = 0.0804 | global_step = 455/780 | 3.4736368656158447
epoch 6 | step 65/78 | loss = 0.1162 | global_step = 456/780 | 3.474759578704834
epoch 6 | step 66/78 | loss = 0.0574 | global_step = 457/780 | 3.4762461185455322
epoch 6 | step 67/78 | loss = 0.0804 | global_step = 458/780 | 3.481745481491089
epoch 6 | step 68/78 | loss = 0.0482 | global_step = 459/780 | 3.4734771251678467
epoch 6 | step 69/78 | loss = 0.0816 | global_step = 460/780 | 3.5035886764526367
epoch 6 | step 70/78 | loss = 0.1376 | global_step = 461/780 | 3.473903179168701
epoch 6 | step 71/78 | loss = 0.1392 | global_step = 462/780 | 3.4820494651794434
epoch 6 | step 72/78 | loss = 0.1444 | global_step = 463/780 | 3.493649482727051
epoch 6 | step 73/78 | loss = 0.1994 | global_step = 464/780 | 3.478682518005371
epoch 6 | step 74/78 | loss = 0.0967 | global_step = 465/780 | 3.4921681880950928
epoch 6 | step 75/78 | loss = 0.1549 | global_step = 466/780 | 3.502619981765747
epoch 6 | step 76/78 | loss = 0.1593 | global_step = 467/780 | 3.472390651702881
epoch 6 | step 77/78 | loss = 0.1766 | global_step = 468/780 | 3.460259199142456
epoch 7 | step 0/78 | loss = 0.1320 | global_step = 469/780 | 3.5043537616729736
epoch 7 | step 1/78 | loss = 0.1289 | global_step = 470/780 | 3.510869026184082
epoch 7 | step 2/78 | loss = 0.1178 | global_step = 471/780 | 3.4821979999542236
epoch 7 | step 3/78 | loss = 0.0991 | global_step = 472/780 | 3.4577744007110596
epoch 7 | step 4/78 | loss = 0.0565 | global_step = 473/780 | 3.4725496768951416
epoch 7 | step 5/78 | loss = 0.0705 | global_step = 474/780 | 3.4835755825042725
epoch 7 | step 6/78 | loss = 0.1087 | global_step = 475/780 | 3.4899332523345947
epoch 7 | step 7/78 | loss = 0.1201 | global_step = 476/780 | 3.4805638790130615
epoch 7 | step 8/78 | loss = 0.0998 | global_step = 477/780 | 3.4731156826019287
epoch 7 | step 9/78 | loss = 0.1022 | global_step = 478/780 | 3.4523489475250244
epoch 7 | step 10/78 | loss = 0.0674 | global_step = 479/780 | 3.4865903854370117
epoch 7 | step 11/78 | loss = 0.1398 | global_step = 480/780 | 3.4626429080963135
epoch 7 | step 12/78 | loss = 0.1349 | global_step = 481/780 | 3.471585750579834
epoch 7 | step 13/78 | loss = 0.1178 | global_step = 482/780 | 3.4815175533294678
epoch 7 | step 14/78 | loss = 0.0652 | global_step = 483/780 | 3.462935209274292
epoch 7 | step 15/78 | loss = 0.0630 | global_step = 484/780 | 3.4834203720092773
epoch 7 | step 16/78 | loss = 0.0588 | global_step = 485/780 | 3.477638006210327
epoch 7 | step 17/78 | loss = 0.1129 | global_step = 486/780 | 3.460930585861206
epoch 7 | step 18/78 | loss = 0.1874 | global_step = 487/780 | 3.4652910232543945
epoch 7 | step 19/78 | loss = 0.0785 | global_step = 488/780 | 3.4741523265838623
epoch 7 | step 20/78 | loss = 0.1269 | global_step = 489/780 | 3.49191951751709
epoch 7 | step 21/78 | loss = 0.1064 | global_step = 490/780 | 3.462820053100586
epoch 7 | step 22/78 | loss = 0.0663 | global_step = 491/780 | 3.4725468158721924
epoch 7 | step 23/78 | loss = 0.1608 | global_step = 492/780 | 3.4696905612945557
epoch 7 | step 24/78 | loss = 0.0598 | global_step = 493/780 | 3.4632675647735596
epoch 7 | step 25/78 | loss = 0.0718 | global_step = 494/780 | 3.4636600017547607
epoch 7 | step 26/78 | loss = 0.0659 | global_step = 495/780 | 3.470879077911377
epoch 7 | step 27/78 | loss = 0.0819 | global_step = 496/780 | 3.4814388751983643
epoch 7 | step 28/78 | loss = 0.1120 | global_step = 497/780 | 3.473085403442383
epoch 7 | step 29/78 | loss = 0.0861 | global_step = 498/780 | 3.4698102474212646
epoch 7 | step 30/78 | loss = 0.0502 | global_step = 499/780 | 3.490818977355957
epoch 7 | step 31/78 | loss = 0.0716 | global_step = 500/780 | 3.4889471530914307
epoch 7 | step 32/78 | loss = 0.0817 | global_step = 501/780 | 3.4666671752929688
epoch 7 | step 33/78 | loss = 0.0774 | global_step = 502/780 | 3.4455106258392334
epoch 7 | step 34/78 | loss = 0.0406 | global_step = 503/780 | 3.4746923446655273
epoch 7 | step 35/78 | loss = 0.1375 | global_step = 504/780 | 3.4747393131256104
epoch 7 | step 36/78 | loss = 0.0560 | global_step = 505/780 | 3.4802091121673584
epoch 7 | step 37/78 | loss = 0.0497 | global_step = 506/780 | 3.460963487625122
epoch 7 | step 38/78 | loss = 0.1208 | global_step = 507/780 | 3.465254068374634
epoch 7 | step 39/78 | loss = 0.1397 | global_step = 508/780 | 3.4581820964813232
epoch 7 | step 40/78 | loss = 0.0648 | global_step = 509/780 | 3.478264093399048
epoch 7 | step 41/78 | loss = 0.0297 | global_step = 510/780 | 3.4699366092681885
epoch 7 | step 42/78 | loss = 0.0788 | global_step = 511/780 | 3.461332082748413
epoch 7 | step 43/78 | loss = 0.0452 | global_step = 512/780 | 3.4725708961486816
epoch 7 | step 44/78 | loss = 0.0384 | global_step = 513/780 | 3.459033966064453
epoch 7 | step 45/78 | loss = 0.0512 | global_step = 514/780 | 3.480994701385498
epoch 7 | step 46/78 | loss = 0.0640 | global_step = 515/780 | 3.471799373626709
epoch 7 | step 47/78 | loss = 0.0917 | global_step = 516/780 | 3.4645957946777344
epoch 7 | step 48/78 | loss = 0.0835 | global_step = 517/780 | 3.4846861362457275
epoch 7 | step 49/78 | loss = 0.1047 | global_step = 518/780 | 3.4639174938201904
epoch 7 | step 50/78 | loss = 0.2116 | global_step = 519/780 | 3.4745571613311768
epoch 7 | step 51/78 | loss = 0.1067 | global_step = 520/780 | 3.4645204544067383
epoch 7 | step 52/78 | loss = 0.0394 | global_step = 521/780 | 3.4761850833892822
epoch 7 | step 53/78 | loss = 0.1057 | global_step = 522/780 | 3.483227252960205
epoch 7 | step 54/78 | loss = 0.0783 | global_step = 523/780 | 3.467256546020508
epoch 7 | step 55/78 | loss = 0.0691 | global_step = 524/780 | 3.47306752204895
epoch 7 | step 56/78 | loss = 0.0786 | global_step = 525/780 | 3.4735586643218994
epoch 7 | step 57/78 | loss = 0.0402 | global_step = 526/780 | 3.4867310523986816
epoch 7 | step 58/78 | loss = 0.0709 | global_step = 527/780 | 3.4705989360809326
epoch 7 | step 59/78 | loss = 0.0723 | global_step = 528/780 | 3.4652373790740967
epoch 7 | step 60/78 | loss = 0.1049 | global_step = 529/780 | 3.476553440093994
epoch 7 | step 61/78 | loss = 0.0917 | global_step = 530/780 | 3.481259346008301
epoch 7 | step 62/78 | loss = 0.0224 | global_step = 531/780 | 3.4825034141540527
epoch 7 | step 63/78 | loss = 0.0871 | global_step = 532/780 | 3.469738483428955
epoch 7 | step 64/78 | loss = 0.0282 | global_step = 533/780 | 3.4822826385498047
epoch 7 | step 65/78 | loss = 0.0432 | global_step = 534/780 | 3.480722665786743
epoch 7 | step 66/78 | loss = 0.0786 | global_step = 535/780 | 3.461747884750366
epoch 7 | step 67/78 | loss = 0.1348 | global_step = 536/780 | 3.4634671211242676
epoch 7 | step 68/78 | loss = 0.0696 | global_step = 537/780 | 3.4745712280273438
epoch 7 | step 69/78 | loss = 0.0387 | global_step = 538/780 | 3.469994068145752
epoch 7 | step 70/78 | loss = 0.1202 | global_step = 539/780 | 3.4735324382781982
epoch 7 | step 71/78 | loss = 0.0497 | global_step = 540/780 | 3.47489595413208
epoch 7 | step 72/78 | loss = 0.0704 | global_step = 541/780 | 3.486705780029297
epoch 7 | step 73/78 | loss = 0.1146 | global_step = 542/780 | 3.492269277572632
epoch 7 | step 74/78 | loss = 0.1044 | global_step = 543/780 | 3.4988749027252197
epoch 7 | step 75/78 | loss = 0.0651 | global_step = 544/780 | 3.488178014755249
epoch 7 | step 76/78 | loss = 0.1008 | global_step = 545/780 | 3.4708337783813477
epoch 7 | step 77/78 | loss = 0.0784 | global_step = 546/780 | 3.467681884765625
epoch 8 | step 0/78 | loss = 0.0269 | global_step = 547/780 | 3.4798882007598877
epoch 8 | step 1/78 | loss = 0.0500 | global_step = 548/780 | 3.4678475856781006
epoch 8 | step 2/78 | loss = 0.0315 | global_step = 549/780 | 3.4860692024230957
epoch 8 | step 3/78 | loss = 0.0414 | global_step = 550/780 | 3.4593920707702637
epoch 8 | step 4/78 | loss = 0.0725 | global_step = 551/780 | 3.4607062339782715
epoch 8 | step 5/78 | loss = 0.0457 | global_step = 552/780 | 3.475076198577881
epoch 8 | step 6/78 | loss = 0.0651 | global_step = 553/780 | 3.4699513912200928
epoch 8 | step 7/78 | loss = 0.0842 | global_step = 554/780 | 3.487863540649414
epoch 8 | step 8/78 | loss = 0.0519 | global_step = 555/780 | 3.4816014766693115
epoch 8 | step 9/78 | loss = 0.0736 | global_step = 556/780 | 3.473325729370117
epoch 8 | step 10/78 | loss = 0.0552 | global_step = 557/780 | 3.4713404178619385
epoch 8 | step 11/78 | loss = 0.0286 | global_step = 558/780 | 3.464068651199341
epoch 8 | step 12/78 | loss = 0.0428 | global_step = 559/780 | 3.4656643867492676
epoch 8 | step 13/78 | loss = 0.0552 | global_step = 560/780 | 3.455435276031494
epoch 8 | step 14/78 | loss = 0.0929 | global_step = 561/780 | 3.450360059738159
epoch 8 | step 15/78 | loss = 0.0610 | global_step = 562/780 | 3.4618427753448486
epoch 8 | step 16/78 | loss = 0.1171 | global_step = 563/780 | 3.4658641815185547
epoch 8 | step 17/78 | loss = 0.0946 | global_step = 564/780 | 3.483942747116089
epoch 8 | step 18/78 | loss = 0.0385 | global_step = 565/780 | 3.4599547386169434
epoch 8 | step 19/78 | loss = 0.0274 | global_step = 566/780 | 3.4834470748901367
epoch 8 | step 20/78 | loss = 0.0227 | global_step = 567/780 | 3.49796724319458
epoch 8 | step 21/78 | loss = 0.0214 | global_step = 568/780 | 3.455130100250244
epoch 8 | step 22/78 | loss = 0.0240 | global_step = 569/780 | 3.4931282997131348
epoch 8 | step 23/78 | loss = 0.0541 | global_step = 570/780 | 3.4723458290100098
epoch 8 | step 24/78 | loss = 0.0608 | global_step = 571/780 | 3.4645071029663086
epoch 8 | step 25/78 | loss = 0.0579 | global_step = 572/780 | 3.455994129180908
epoch 8 | step 26/78 | loss = 0.0576 | global_step = 573/780 | 3.477786064147949
epoch 8 | step 27/78 | loss = 0.0937 | global_step = 574/780 | 3.469332695007324
epoch 8 | step 28/78 | loss = 0.0568 | global_step = 575/780 | 3.458533525466919
epoch 8 | step 29/78 | loss = 0.1088 | global_step = 576/780 | 3.469674587249756
epoch 8 | step 30/78 | loss = 0.1231 | global_step = 577/780 | 3.47595477104187
epoch 8 | step 31/78 | loss = 0.0588 | global_step = 578/780 | 3.4638149738311768
epoch 8 | step 32/78 | loss = 0.0268 | global_step = 579/780 | 3.466003894805908
epoch 8 | step 33/78 | loss = 0.0733 | global_step = 580/780 | 3.4946320056915283
epoch 8 | step 34/78 | loss = 0.0419 | global_step = 581/780 | 3.4824674129486084
epoch 8 | step 35/78 | loss = 0.0540 | global_step = 582/780 | 3.4565343856811523
epoch 8 | step 36/78 | loss = 0.0527 | global_step = 583/780 | 3.4589321613311768
epoch 8 | step 37/78 | loss = 0.0523 | global_step = 584/780 | 3.461104154586792
epoch 8 | step 38/78 | loss = 0.0327 | global_step = 585/780 | 3.4706926345825195
epoch 8 | step 39/78 | loss = 0.0644 | global_step = 586/780 | 3.488623857498169
epoch 8 | step 40/78 | loss = 0.0743 | global_step = 587/780 | 3.4591715335845947
epoch 8 | step 41/78 | loss = 0.0452 | global_step = 588/780 | 3.4685351848602295
epoch 8 | step 42/78 | loss = 0.0779 | global_step = 589/780 | 3.481699228286743
epoch 8 | step 43/78 | loss = 0.0491 | global_step = 590/780 | 3.468313455581665
epoch 8 | step 44/78 | loss = 0.0609 | global_step = 591/780 | 3.452519655227661
epoch 8 | step 45/78 | loss = 0.0603 | global_step = 592/780 | 3.4513540267944336
epoch 8 | step 46/78 | loss = 0.0840 | global_step = 593/780 | 3.4730989933013916
epoch 8 | step 47/78 | loss = 0.0516 | global_step = 594/780 | 3.4576990604400635
epoch 8 | step 48/78 | loss = 0.1309 | global_step = 595/780 | 3.4448413848876953
epoch 8 | step 49/78 | loss = 0.0769 | global_step = 596/780 | 3.458629608154297
epoch 8 | step 50/78 | loss = 0.0523 | global_step = 597/780 | 3.466381549835205
epoch 8 | step 51/78 | loss = 0.0422 | global_step = 598/780 | 3.459623098373413
epoch 8 | step 52/78 | loss = 0.0179 | global_step = 599/780 | 3.465893507003784
epoch 8 | step 53/78 | loss = 0.1027 | global_step = 600/780 | 3.4677438735961914
epoch 8 | step 54/78 | loss = 0.0401 | global_step = 601/780 | 3.4700822830200195
epoch 8 | step 55/78 | loss = 0.0387 | global_step = 602/780 | 3.457348585128784
epoch 8 | step 56/78 | loss = 0.1095 | global_step = 603/780 | 3.463224411010742
epoch 8 | step 57/78 | loss = 0.0557 | global_step = 604/780 | 3.4555845260620117
epoch 8 | step 58/78 | loss = 0.1009 | global_step = 605/780 | 3.474116086959839
epoch 8 | step 59/78 | loss = 0.1017 | global_step = 606/780 | 3.4688682556152344
epoch 8 | step 60/78 | loss = 0.0449 | global_step = 607/780 | 3.4607014656066895
epoch 8 | step 61/78 | loss = 0.0135 | global_step = 608/780 | 3.4922289848327637
epoch 8 | step 62/78 | loss = 0.0297 | global_step = 609/780 | 3.478109836578369
epoch 8 | step 63/78 | loss = 0.0167 | global_step = 610/780 | 3.4721927642822266
epoch 8 | step 64/78 | loss = 0.0539 | global_step = 611/780 | 3.479757070541382
epoch 8 | step 65/78 | loss = 0.0370 | global_step = 612/780 | 3.45115327835083
epoch 8 | step 66/78 | loss = 0.0503 | global_step = 613/780 | 3.477006435394287
epoch 8 | step 67/78 | loss = 0.0542 | global_step = 614/780 | 3.4684090614318848
epoch 8 | step 68/78 | loss = 0.0227 | global_step = 615/780 | 3.4711315631866455
epoch 8 | step 69/78 | loss = 0.0757 | global_step = 616/780 | 3.4756112098693848
epoch 8 | step 70/78 | loss = 0.1210 | global_step = 617/780 | 3.4666755199432373
epoch 8 | step 71/78 | loss = 0.0581 | global_step = 618/780 | 3.4678761959075928
epoch 8 | step 72/78 | loss = 0.0261 | global_step = 619/780 | 3.4734842777252197
epoch 8 | step 73/78 | loss = 0.0404 | global_step = 620/780 | 3.4650962352752686
epoch 8 | step 74/78 | loss = 0.0413 | global_step = 621/780 | 3.4461669921875
epoch 8 | step 75/78 | loss = 0.0907 | global_step = 622/780 | 3.4616777896881104
epoch 8 | step 76/78 | loss = 0.0387 | global_step = 623/780 | 3.4634132385253906
epoch 8 | step 77/78 | loss = 0.0463 | global_step = 624/780 | 3.4549996852874756
epoch 9 | step 0/78 | loss = 0.0378 | global_step = 625/780 | 3.4598517417907715
epoch 9 | step 1/78 | loss = 0.0349 | global_step = 626/780 | 3.4513845443725586
epoch 9 | step 2/78 | loss = 0.0126 | global_step = 627/780 | 3.448791265487671
epoch 9 | step 3/78 | loss = 0.0279 | global_step = 628/780 | 3.4710702896118164
epoch 9 | step 4/78 | loss = 0.0349 | global_step = 629/780 | 3.453134775161743
epoch 9 | step 5/78 | loss = 0.0248 | global_step = 630/780 | 3.4586212635040283
epoch 9 | step 6/78 | loss = 0.0271 | global_step = 631/780 | 3.460217237472534
epoch 9 | step 7/78 | loss = 0.0412 | global_step = 632/780 | 3.474795341491699
epoch 9 | step 8/78 | loss = 0.0130 | global_step = 633/780 | 3.487471103668213
epoch 9 | step 9/78 | loss = 0.0292 | global_step = 634/780 | 3.467156171798706
epoch 9 | step 10/78 | loss = 0.0200 | global_step = 635/780 | 3.476088285446167
epoch 9 | step 11/78 | loss = 0.0192 | global_step = 636/780 | 3.466198205947876
epoch 9 | step 12/78 | loss = 0.0123 | global_step = 637/780 | 3.4754703044891357
epoch 9 | step 13/78 | loss = 0.0270 | global_step = 638/780 | 3.465327262878418
epoch 9 | step 14/78 | loss = 0.0240 | global_step = 639/780 | 3.4738543033599854
epoch 9 | step 15/78 | loss = 0.0275 | global_step = 640/780 | 3.4604761600494385
epoch 9 | step 16/78 | loss = 0.0342 | global_step = 641/780 | 3.4854073524475098
epoch 9 | step 17/78 | loss = 0.0598 | global_step = 642/780 | 3.4736697673797607
epoch 9 | step 18/78 | loss = 0.0468 | global_step = 643/780 | 3.472839832305908
epoch 9 | step 19/78 | loss = 0.0511 | global_step = 644/780 | 3.4561989307403564
epoch 9 | step 20/78 | loss = 0.0416 | global_step = 645/780 | 3.458163261413574
epoch 9 | step 21/78 | loss = 0.0223 | global_step = 646/780 | 3.4517054557800293
epoch 9 | step 22/78 | loss = 0.0610 | global_step = 647/780 | 3.4712862968444824
epoch 9 | step 23/78 | loss = 0.0402 | global_step = 648/780 | 3.496396064758301
epoch 9 | step 24/78 | loss = 0.0416 | global_step = 649/780 | 3.4713058471679688
epoch 9 | step 25/78 | loss = 0.0371 | global_step = 650/780 | 3.479147434234619
epoch 9 | step 26/78 | loss = 0.0390 | global_step = 651/780 | 3.4679195880889893
epoch 9 | step 27/78 | loss = 0.0288 | global_step = 652/780 | 3.4940924644470215
epoch 9 | step 28/78 | loss = 0.0231 | global_step = 653/780 | 3.452829122543335
epoch 9 | step 29/78 | loss = 0.0223 | global_step = 654/780 | 3.4726078510284424
epoch 9 | step 30/78 | loss = 0.0284 | global_step = 655/780 | 3.4818296432495117
epoch 9 | step 31/78 | loss = 0.0544 | global_step = 656/780 | 3.4649667739868164
epoch 9 | step 32/78 | loss = 0.0302 | global_step = 657/780 | 3.482813596725464
epoch 9 | step 33/78 | loss = 0.0349 | global_step = 658/780 | 3.461261034011841
epoch 9 | step 34/78 | loss = 0.0741 | global_step = 659/780 | 3.476869821548462
epoch 9 | step 35/78 | loss = 0.0446 | global_step = 660/780 | 3.461581230163574
epoch 9 | step 36/78 | loss = 0.0208 | global_step = 661/780 | 3.4660494327545166
epoch 9 | step 37/78 | loss = 0.0413 | global_step = 662/780 | 3.455305576324463
epoch 9 | step 38/78 | loss = 0.0189 | global_step = 663/780 | 3.454597234725952
epoch 9 | step 39/78 | loss = 0.0147 | global_step = 664/780 | 3.482168197631836
epoch 9 | step 40/78 | loss = 0.0451 | global_step = 665/780 | 3.4619269371032715
epoch 9 | step 41/78 | loss = 0.0663 | global_step = 666/780 | 3.4628989696502686
epoch 9 | step 42/78 | loss = 0.0271 | global_step = 667/780 | 3.4585020542144775
epoch 9 | step 43/78 | loss = 0.0292 | global_step = 668/780 | 3.477363109588623
epoch 9 | step 44/78 | loss = 0.0262 | global_step = 669/780 | 3.4637022018432617
epoch 9 | step 45/78 | loss = 0.0509 | global_step = 670/780 | 3.4563467502593994
epoch 9 | step 46/78 | loss = 0.0320 | global_step = 671/780 | 3.4315378665924072
epoch 9 | step 47/78 | loss = 0.0209 | global_step = 672/780 | 3.4652111530303955
epoch 9 | step 48/78 | loss = 0.0355 | global_step = 673/780 | 3.4673197269439697
epoch 9 | step 49/78 | loss = 0.0404 | global_step = 674/780 | 3.480161190032959
epoch 9 | step 50/78 | loss = 0.0235 | global_step = 675/780 | 3.454911947250366
epoch 9 | step 51/78 | loss = 0.0346 | global_step = 676/780 | 3.479966640472412
epoch 9 | step 52/78 | loss = 0.0204 | global_step = 677/780 | 3.4715521335601807
epoch 9 | step 53/78 | loss = 0.0494 | global_step = 678/780 | 3.457855463027954
epoch 9 | step 54/78 | loss = 0.0208 | global_step = 679/780 | 3.4616658687591553
epoch 9 | step 55/78 | loss = 0.0291 | global_step = 680/780 | 3.4641122817993164
epoch 9 | step 56/78 | loss = 0.0432 | global_step = 681/780 | 3.4507060050964355
epoch 9 | step 57/78 | loss = 0.0233 | global_step = 682/780 | 3.4630610942840576
epoch 9 | step 58/78 | loss = 0.0750 | global_step = 683/780 | 3.4758846759796143
epoch 9 | step 59/78 | loss = 0.0767 | global_step = 684/780 | 3.473606586456299
epoch 9 | step 60/78 | loss = 0.0243 | global_step = 685/780 | 3.4610135555267334
epoch 9 | step 61/78 | loss = 0.0463 | global_step = 686/780 | 3.45371150970459
epoch 9 | step 62/78 | loss = 0.0366 | global_step = 687/780 | 3.471918821334839
epoch 9 | step 63/78 | loss = 0.0255 | global_step = 688/780 | 3.44562029838562
epoch 9 | step 64/78 | loss = 0.0267 | global_step = 689/780 | 3.463677406311035
epoch 9 | step 65/78 | loss = 0.0568 | global_step = 690/780 | 3.470172882080078
epoch 9 | step 66/78 | loss = 0.0275 | global_step = 691/780 | 3.4847099781036377
epoch 9 | step 67/78 | loss = 0.0384 | global_step = 692/780 | 3.4647152423858643
epoch 9 | step 68/78 | loss = 0.0216 | global_step = 693/780 | 3.4653360843658447
epoch 9 | step 69/78 | loss = 0.0294 | global_step = 694/780 | 3.4774839878082275
epoch 9 | step 70/78 | loss = 0.0701 | global_step = 695/780 | 3.4529294967651367
epoch 9 | step 71/78 | loss = 0.0373 | global_step = 696/780 | 3.4661078453063965
epoch 9 | step 72/78 | loss = 0.0406 | global_step = 697/780 | 3.4547173976898193
epoch 9 | step 73/78 | loss = 0.0137 | global_step = 698/780 | 3.4702234268188477
epoch 9 | step 74/78 | loss = 0.0324 | global_step = 699/780 | 3.4643187522888184
epoch 9 | step 75/78 | loss = 0.0117 | global_step = 700/780 | 3.4805593490600586
epoch 9 | step 76/78 | loss = 0.0461 | global_step = 701/780 | 3.4591121673583984
epoch 9 | step 77/78 | loss = 0.0702 | global_step = 702/780 | 3.463253974914551
epoch 10 | step 0/78 | loss = 0.0585 | global_step = 703/780 | 3.4520103931427
epoch 10 | step 1/78 | loss = 0.0215 | global_step = 704/780 | 3.445197105407715
epoch 10 | step 2/78 | loss = 0.0278 | global_step = 705/780 | 3.469744920730591
epoch 10 | step 3/78 | loss = 0.0094 | global_step = 706/780 | 3.4571046829223633
epoch 10 | step 4/78 | loss = 0.0430 | global_step = 707/780 | 3.4596059322357178
epoch 10 | step 5/78 | loss = 0.0156 | global_step = 708/780 | 3.471987247467041
epoch 10 | step 6/78 | loss = 0.0271 | global_step = 709/780 | 3.4629318714141846
epoch 10 | step 7/78 | loss = 0.0401 | global_step = 710/780 | 3.4636318683624268
epoch 10 | step 8/78 | loss = 0.0137 | global_step = 711/780 | 3.4587128162384033
epoch 10 | step 9/78 | loss = 0.0343 | global_step = 712/780 | 3.4670135974884033
epoch 10 | step 10/78 | loss = 0.0089 | global_step = 713/780 | 3.4666895866394043
epoch 10 | step 11/78 | loss = 0.0219 | global_step = 714/780 | 3.4701504707336426
epoch 10 | step 12/78 | loss = 0.0245 | global_step = 715/780 | 3.4589641094207764
epoch 10 | step 13/78 | loss = 0.0151 | global_step = 716/780 | 3.4657371044158936
epoch 10 | step 14/78 | loss = 0.0388 | global_step = 717/780 | 3.473802089691162
epoch 10 | step 15/78 | loss = 0.0106 | global_step = 718/780 | 3.473618984222412
epoch 10 | step 16/78 | loss = 0.0118 | global_step = 719/780 | 3.4951870441436768
epoch 10 | step 17/78 | loss = 0.0123 | global_step = 720/780 | 3.4650256633758545
epoch 10 | step 18/78 | loss = 0.0152 | global_step = 721/780 | 3.4584860801696777
epoch 10 | step 19/78 | loss = 0.0251 | global_step = 722/780 | 3.460111618041992
epoch 10 | step 20/78 | loss = 0.0243 | global_step = 723/780 | 3.447437047958374
epoch 10 | step 21/78 | loss = 0.0150 | global_step = 724/780 | 3.4654033184051514
epoch 10 | step 22/78 | loss = 0.0237 | global_step = 725/780 | 3.4666404724121094
epoch 10 | step 23/78 | loss = 0.0123 | global_step = 726/780 | 3.475382089614868
epoch 10 | step 24/78 | loss = 0.0108 | global_step = 727/780 | 3.45444917678833
epoch 10 | step 25/78 | loss = 0.0175 | global_step = 728/780 | 3.466353178024292
epoch 10 | step 26/78 | loss = 0.0215 | global_step = 729/780 | 3.4584531784057617
epoch 10 | step 27/78 | loss = 0.0556 | global_step = 730/780 | 3.4543557167053223
epoch 10 | step 28/78 | loss = 0.0512 | global_step = 731/780 | 3.4727725982666016
epoch 10 | step 29/78 | loss = 0.0185 | global_step = 732/780 | 3.4565274715423584
epoch 10 | step 30/78 | loss = 0.0170 | global_step = 733/780 | 3.475343704223633
epoch 10 | step 31/78 | loss = 0.0424 | global_step = 734/780 | 3.4495272636413574
epoch 10 | step 32/78 | loss = 0.0105 | global_step = 735/780 | 3.4597373008728027
epoch 10 | step 33/78 | loss = 0.0156 | global_step = 736/780 | 3.457233428955078
epoch 10 | step 34/78 | loss = 0.0271 | global_step = 737/780 | 3.4638826847076416
epoch 10 | step 35/78 | loss = 0.0201 | global_step = 738/780 | 3.470489025115967
epoch 10 | step 36/78 | loss = 0.0133 | global_step = 739/780 | 3.4794864654541016
epoch 10 | step 37/78 | loss = 0.0137 | global_step = 740/780 | 3.462902307510376
epoch 10 | step 38/78 | loss = 0.0127 | global_step = 741/780 | 3.459970712661743
epoch 10 | step 39/78 | loss = 0.0382 | global_step = 742/780 | 3.4639110565185547
epoch 10 | step 40/78 | loss = 0.0220 | global_step = 743/780 | 3.455336093902588
epoch 10 | step 41/78 | loss = 0.0168 | global_step = 744/780 | 3.4692490100860596
epoch 10 | step 42/78 | loss = 0.0147 | global_step = 745/780 | 3.461972713470459
epoch 10 | step 43/78 | loss = 0.0215 | global_step = 746/780 | 3.4585814476013184
epoch 10 | step 44/78 | loss = 0.0297 | global_step = 747/780 | 3.4849302768707275
epoch 10 | step 45/78 | loss = 0.0229 | global_step = 748/780 | 3.4753661155700684
epoch 10 | step 46/78 | loss = 0.0177 | global_step = 749/780 | 3.4610164165496826
epoch 10 | step 47/78 | loss = 0.0157 | global_step = 750/780 | 3.464209794998169
epoch 10 | step 48/78 | loss = 0.0410 | global_step = 751/780 | 3.4694206714630127
epoch 10 | step 49/78 | loss = 0.0358 | global_step = 752/780 | 3.463209629058838
epoch 10 | step 50/78 | loss = 0.0822 | global_step = 753/780 | 3.468005895614624
epoch 10 | step 51/78 | loss = 0.0343 | global_step = 754/780 | 3.475189447402954
epoch 10 | step 52/78 | loss = 0.0288 | global_step = 755/780 | 3.4684975147247314
epoch 10 | step 53/78 | loss = 0.0349 | global_step = 756/780 | 3.4721999168395996
epoch 10 | step 54/78 | loss = 0.0153 | global_step = 757/780 | 3.4771008491516113
epoch 10 | step 55/78 | loss = 0.0193 | global_step = 758/780 | 3.4747538566589355
epoch 10 | step 56/78 | loss = 0.0118 | global_step = 759/780 | 3.4767820835113525
epoch 10 | step 57/78 | loss = 0.0125 | global_step = 760/780 | 3.4692087173461914
epoch 10 | step 58/78 | loss = 0.0134 | global_step = 761/780 | 3.4754931926727295
epoch 10 | step 59/78 | loss = 0.0495 | global_step = 762/780 | 3.450272798538208
epoch 10 | step 60/78 | loss = 0.0260 | global_step = 763/780 | 3.468649387359619
epoch 10 | step 61/78 | loss = 0.0224 | global_step = 764/780 | 3.472984552383423
epoch 10 | step 62/78 | loss = 0.0338 | global_step = 765/780 | 3.4722156524658203
epoch 10 | step 63/78 | loss = 0.0251 | global_step = 766/780 | 3.4850597381591797
epoch 10 | step 64/78 | loss = 0.0314 | global_step = 767/780 | 3.4566569328308105
epoch 10 | step 65/78 | loss = 0.0340 | global_step = 768/780 | 3.4697225093841553
epoch 10 | step 66/78 | loss = 0.0251 | global_step = 769/780 | 3.4597465991973877
epoch 10 | step 67/78 | loss = 0.0106 | global_step = 770/780 | 3.460063934326172
epoch 10 | step 68/78 | loss = 0.0353 | global_step = 771/780 | 3.474515438079834
epoch 10 | step 69/78 | loss = 0.0162 | global_step = 772/780 | 3.4845073223114014
epoch 10 | step 70/78 | loss = 0.0353 | global_step = 773/780 | 3.466524839401245
epoch 10 | step 71/78 | loss = 0.0281 | global_step = 774/780 | 3.455137252807617
epoch 10 | step 72/78 | loss = 0.0189 | global_step = 775/780 | 3.443986177444458
epoch 10 | step 73/78 | loss = 0.0125 | global_step = 776/780 | 3.4622364044189453
epoch 10 | step 74/78 | loss = 0.0078 | global_step = 777/780 | 3.464630603790283
epoch 10 | step 75/78 | loss = 0.0713 | global_step = 778/780 | 3.468701124191284
epoch 10 | step 76/78 | loss = 0.0497 | global_step = 779/780 | 3.454469680786133
epoch 10 | step 77/78 | loss = 0.0986 | global_step = 780/780 | 3.4657094478607178
