Resolving data files: 100%|████████████████████████████████████████████████████████████████████████████████████████████████████████████| 2000/2000 [00:00<00:00, 242957.92it/s]
Resolving data files: 100%|██████████████████████████████████████████████████████████████████████████████████████████████████████████████| 200/200 [00:00<00:00, 901032.01it/s]
Starting MobilePipe training...
===== STARTING CONFIG TEST 1
===== STARTING CONFIG TEST 2
===== STARTING CONFIG TEST 3
1 2.455167293548584
2 1.6004453500111897
3 1.2518572012583415
Selected: 3
Starting main training...
epoch 1 | step 0/62 | loss = 1.4242 | global_step = 1/62 | 0.9852819442749023
epoch 1 | step 1/62 | loss = 1.4307 | global_step = 2/62 | 1.0023181438446045
epoch 1 | step 2/62 | loss = 1.4497 | global_step = 3/62 | 0.9857838153839111
epoch 1 | step 3/62 | loss = 1.2933 | global_step = 4/62 | 0.9381413459777832
epoch 1 | step 4/62 | loss = 1.3480 | global_step = 5/62 | 0.9551177024841309
epoch 1 | step 5/62 | loss = 1.3966 | global_step = 6/62 | 0.9575159549713135
epoch 1 | step 6/62 | loss = 1.3559 | global_step = 7/62 | 0.9612607955932617
epoch 1 | step 7/62 | loss = 1.3218 | global_step = 8/62 | 0.9616129398345947
epoch 1 | step 8/62 | loss = 1.2767 | global_step = 9/62 | 1.0424211025238037
epoch 1 | step 9/62 | loss = 1.2965 | global_step = 10/62 | 1.1079072952270508
epoch 1 | step 10/62 | loss = 1.4569 | global_step = 11/62 | 1.0798630714416504
epoch 1 | step 11/62 | loss = 1.2029 | global_step = 12/62 | 1.0777688026428223
epoch 1 | step 12/62 | loss = 1.2354 | global_step = 13/62 | 1.347762107849121
epoch 1 | step 13/62 | loss = 1.2942 | global_step = 14/62 | 0.9971961975097656
epoch 1 | step 14/62 | loss = 1.1901 | global_step = 15/62 | 0.9728796482086182
epoch 1 | step 15/62 | loss = 1.1384 | global_step = 16/62 | 1.054699182510376
epoch 1 | step 16/62 | loss = 1.1805 | global_step = 17/62 | 0.9484169483184814
epoch 1 | step 17/62 | loss = 1.2343 | global_step = 18/62 | 0.9849839210510254
epoch 1 | step 18/62 | loss = 1.2313 | global_step = 19/62 | 1.0406019687652588
epoch 1 | step 19/62 | loss = 1.0834 | global_step = 20/62 | 1.0479552745819092
epoch 1 | step 20/62 | loss = 1.2902 | global_step = 21/62 | 1.031177282333374
epoch 1 | step 21/62 | loss = 1.1590 | global_step = 22/62 | 1.0649099349975586
epoch 1 | step 22/62 | loss = 1.1962 | global_step = 23/62 | 0.9993600845336914
epoch 1 | step 23/62 | loss = 1.1032 | global_step = 24/62 | 0.9946849346160889
epoch 1 | step 24/62 | loss = 1.1607 | global_step = 25/62 | 0.905444860458374
epoch 1 | step 25/62 | loss = 1.1268 | global_step = 26/62 | 1.042207956314087
epoch 1 | step 26/62 | loss = 1.1967 | global_step = 27/62 | 0.9793121814727783
epoch 1 | step 27/62 | loss = 1.0631 | global_step = 28/62 | 0.9733960628509521
epoch 1 | step 28/62 | loss = 0.9856 | global_step = 29/62 | 1.0441920757293701
epoch 1 | step 29/62 | loss = 1.1871 | global_step = 30/62 | 1.02774977684021
epoch 1 | step 30/62 | loss = 1.0219 | global_step = 31/62 | 1.0069620609283447
epoch 1 | step 31/62 | loss = 1.1153 | global_step = 32/62 | 1.0013427734375
epoch 1 | step 32/62 | loss = 1.0027 | global_step = 33/62 | 0.9778890609741211
epoch 1 | step 33/62 | loss = 1.0026 | global_step = 34/62 | 1.0445761680603027
epoch 1 | step 34/62 | loss = 1.0737 | global_step = 35/62 | 0.9862449169158936
epoch 1 | step 35/62 | loss = 1.0535 | global_step = 36/62 | 1.0064740180969238
epoch 1 | step 36/62 | loss = 0.9385 | global_step = 37/62 | 0.982921838760376
epoch 1 | step 37/62 | loss = 1.0439 | global_step = 38/62 | 0.9352989196777344
epoch 1 | step 38/62 | loss = 1.0451 | global_step = 39/62 | 0.9448230266571045
epoch 1 | step 39/62 | loss = 1.0272 | global_step = 40/62 | 0.8954823017120361
epoch 1 | step 40/62 | loss = 0.9885 | global_step = 41/62 | 0.9548938274383545
epoch 1 | step 41/62 | loss = 1.1297 | global_step = 42/62 | 0.895686149597168
epoch 1 | step 42/62 | loss = 1.1273 | global_step = 43/62 | 0.9413361549377441
epoch 1 | step 43/62 | loss = 0.9075 | global_step = 44/62 | 0.9969849586486816
epoch 1 | step 44/62 | loss = 0.9021 | global_step = 45/62 | 0.9551849365234375
epoch 1 | step 45/62 | loss = 1.0253 | global_step = 46/62 | 0.9214539527893066
epoch 1 | step 46/62 | loss = 0.9680 | global_step = 47/62 | 0.9384078979492188
epoch 1 | step 47/62 | loss = 0.7751 | global_step = 48/62 | 1.0073039531707764
epoch 1 | step 48/62 | loss = 1.0389 | global_step = 49/62 | 0.9826598167419434
epoch 1 | step 49/62 | loss = 0.9461 | global_step = 50/62 | 1.0231249332427979
epoch 1 | step 50/62 | loss = 1.0305 | global_step = 51/62 | 0.9864490032196045
epoch 1 | step 51/62 | loss = 0.8242 | global_step = 52/62 | 1.0009448528289795
epoch 1 | step 52/62 | loss = 0.8998 | global_step = 53/62 | 0.9815380573272705
epoch 1 | step 53/62 | loss = 0.7712 | global_step = 54/62 | 0.9870700836181641
epoch 1 | step 54/62 | loss = 0.9435 | global_step = 55/62 | 1.037477970123291
epoch 1 | step 55/62 | loss = 0.8325 | global_step = 56/62 | 0.9533748626708984
epoch 1 | step 56/62 | loss = 0.9250 | global_step = 57/62 | 1.0340747833251953
epoch 1 | step 57/62 | loss = 0.7617 | global_step = 58/62 | 1.0356249809265137
epoch 1 | step 58/62 | loss = 0.8599 | global_step = 59/62 | 0.99599289894104
epoch 1 | step 59/62 | loss = 0.8495 | global_step = 60/62 | 1.0021049976348877
epoch 1 | step 60/62 | loss = 0.8012 | global_step = 61/62 | 0.9334521293640137
epoch 1 | step 61/62 | loss = 0.7939 | global_step = 62/62 | 0.9615309238433838

