MICROBATCH_SIZE: 8
Resolving data files: 100%|██████████████████████████████████████████████████████| 2000/2000 [00:00<00:00, 56748.80it/s]
Resolving data files: 100%|███████████████████████████████████████████████████████| 200/200 [00:00<00:00, 843924.35it/s]
Starting MobilePipe training...
===== STARTING CONFIG TEST 1
===== STARTING CONFIG TEST 2
===== STARTING CONFIG TEST 3
1 7.906270265579224
2 4.770056327184041
3 4.409200986226399
Selected: 3
Starting main training...
epoch 1 | step 0/15 | loss = 1.4936 | global_step = 1/15 | 3.991513967514038
epoch 1 | step 1/15 | loss = 1.3874 | global_step = 2/15 | 3.9926259517669678
epoch 1 | step 2/15 | loss = 1.3309 | global_step = 3/15 | 3.8711438179016113
epoch 1 | step 3/15 | loss = 1.2371 | global_step = 4/15 | 4.008865118026733
epoch 1 | step 4/15 | loss = 1.2064 | global_step = 5/15 | 4.019176959991455
epoch 1 | step 5/15 | loss = 1.1587 | global_step = 6/15 | 4.0048229694366455
epoch 1 | step 6/15 | loss = 1.1344 | global_step = 7/15 | 3.850270986557007
epoch 1 | step 7/15 | loss = 1.0540 | global_step = 8/15 | 3.874099016189575
epoch 1 | step 8/15 | loss = 1.0248 | global_step = 9/15 | 3.881697177886963
epoch 1 | step 9/15 | loss = 0.9010 | global_step = 10/15 | 3.9294378757476807
epoch 1 | step 10/15 | loss = 1.0382 | global_step = 11/15 | 3.8576292991638184
epoch 1 | step 11/15 | loss = 0.8771 | global_step = 12/15 | 3.9521870613098145
epoch 1 | step 12/15 | loss = 0.9440 | global_step = 13/15 | 3.825309991836548
epoch 1 | step 13/15 | loss = 0.8984 | global_step = 14/15 | 3.7861433029174805
epoch 1 | step 14/15 | loss = 0.8011 | global_step = 15/15 | 3.9616219997406006

