MICROBATCH_SIZE: 16
NOF MICROBATCHES: 8
Resolving data files: 100%|██████████████████████████████████████████████████████| 2000/2000 [00:00<00:00, 86733.54it/s]
Resolving data files: 100%|███████████████████████████████████████████████████████| 200/200 [00:00<00:00, 179320.39it/s]
Starting MobilePipe training...
===== STARTING CONFIG TEST 1
===== STARTING CONFIG TEST 2
===== STARTING CONFIG TEST 3
1 8.295960426330566
2 7.436918179194133
3 9.841689666112265
Selected: 2
Starting main training...
epoch 1 | step 0/15 | loss = 1.6049 | global_step = 1/15 | 7.230304956436157
epoch 1 | step 1/15 | loss = 1.3407 | global_step = 2/15 | 7.137966871261597
epoch 1 | step 2/15 | loss = 1.3008 | global_step = 3/15 | 7.101539134979248
epoch 1 | step 3/15 | loss = 1.2695 | global_step = 4/15 | 7.129136800765991
epoch 1 | step 4/15 | loss = 1.1779 | global_step = 5/15 | 7.044826984405518
epoch 1 | step 5/15 | loss = 1.1419 | global_step = 6/15 | 7.274837970733643
epoch 1 | step 6/15 | loss = 1.1054 | global_step = 7/15 | 7.209929943084717
epoch 1 | step 7/15 | loss = 1.0645 | global_step = 8/15 | 7.126441955566406
epoch 1 | step 8/15 | loss = 0.9447 | global_step = 9/15 | 7.2641518115997314
epoch 1 | step 9/15 | loss = 1.0236 | global_step = 10/15 | 7.125881671905518
epoch 1 | step 10/15 | loss = 0.9350 | global_step = 11/15 | 7.095476865768433
epoch 1 | step 11/15 | loss = 0.9140 | global_step = 12/15 | 7.1529130935668945
epoch 1 | step 12/15 | loss = 0.8803 | global_step = 13/15 | 7.214094877243042
epoch 1 | step 13/15 | loss = 0.8151 | global_step = 14/15 | 7.091468811035156
epoch 1 | step 14/15 | loss = 0.7959 | global_step = 15/15 | 7.102069139480591

