MICROBATCH_SIZE 4
NOF MICROBATCHS 16
Resolving data files: 100%|██████████████████████████████████████| 2000/2000 [00:00<00:00, 19015.10it/s]
Resolving data files: 100%|████████████████████████████████████████| 200/200 [00:00<00:00, 39987.64it/s]
Starting MobilePipe training...
===== STARTING CONFIG TEST 1
===== STARTING CONFIG TEST 2
===== STARTING CONFIG TEST 3
1 4.850805441538493
2 4.280365943908691
3 6.239383776982625
Selected: 2
Starting main training...
epoch 1 | step 0/31 | loss = 1.4150 | global_step = 1/31 | 3.321721076965332
epoch 1 | step 1/31 | loss = 1.5097 | global_step = 2/31 | 3.341665029525757
epoch 1 | step 2/31 | loss = 1.4696 | global_step = 3/31 | 3.352879285812378
epoch 1 | step 3/31 | loss = 1.3974 | global_step = 4/31 | 3.341769218444824
epoch 1 | step 4/31 | loss = 1.3731 | global_step = 5/31 | 3.389138698577881
epoch 1 | step 5/31 | loss = 1.3738 | global_step = 6/31 | 3.3707821369171143
epoch 1 | step 6/31 | loss = 1.2667 | global_step = 7/31 | 3.3776650428771973
epoch 1 | step 7/31 | loss = 1.3664 | global_step = 8/31 | 3.369492530822754
epoch 1 | step 8/31 | loss = 1.4459 | global_step = 9/31 | 3.382723569869995
epoch 1 | step 9/31 | loss = 1.2809 | global_step = 10/31 | 3.3684535026550293
epoch 1 | step 10/31 | loss = 1.2366 | global_step = 11/31 | 3.376394510269165
epoch 1 | step 11/31 | loss = 1.1756 | global_step = 12/31 | 3.372164726257324
epoch 1 | step 12/31 | loss = 1.2303 | global_step = 13/31 | 3.3617398738861084
epoch 1 | step 13/31 | loss = 1.1639 | global_step = 14/31 | 3.3698995113372803
epoch 1 | step 14/31 | loss = 1.1833 | global_step = 15/31 | 3.3746628761291504
epoch 1 | step 15/31 | loss = 1.1880 | global_step = 16/31 | 3.3768229484558105
epoch 1 | step 16/31 | loss = 1.1523 | global_step = 17/31 | 3.377075672149658
epoch 1 | step 17/31 | loss = 1.1125 | global_step = 18/31 | 3.370382308959961
epoch 1 | step 18/31 | loss = 1.0563 | global_step = 19/31 | 3.35341477394104
epoch 1 | step 19/31 | loss = 1.1431 | global_step = 20/31 | 3.3537445068359375
epoch 1 | step 20/31 | loss = 1.0713 | global_step = 21/31 | 3.3341121673583984
epoch 1 | step 21/31 | loss = 0.9700 | global_step = 22/31 | 3.3746166229248047
epoch 1 | step 22/31 | loss = 1.0195 | global_step = 23/31 | 3.3824965953826904
epoch 1 | step 23/31 | loss = 1.0419 | global_step = 24/31 | 3.3747947216033936
epoch 1 | step 24/31 | loss = 0.9068 | global_step = 25/31 | 3.3382835388183594
epoch 1 | step 25/31 | loss = 0.9242 | global_step = 26/31 | 3.325817346572876
epoch 1 | step 26/31 | loss = 1.0581 | global_step = 27/31 | 3.354670524597168
epoch 1 | step 27/31 | loss = 1.0321 | global_step = 28/31 | 3.3831913471221924
epoch 1 | step 28/31 | loss = 0.9256 | global_step = 29/31 | 3.373674154281616
epoch 1 | step 29/31 | loss = 0.9596 | global_step = 30/31 | 3.353304386138916
epoch 1 | step 30/31 | loss = 0.9714 | global_step = 31/31 | 3.437281608581543

