Resolving data files: 100%|█████████████████████████████████████| 2000/2000 [00:00<00:00, 124910.40it/s]
Resolving data files: 100%|████████████████████████████████████████| 200/200 [00:00<00:00, 27779.61it/s]
Starting MobilePipe training...
===== STARTING CONFIG TEST 1
===== STARTING CONFIG TEST 2
===== STARTING CONFIG TEST 3
1 5.0024871826171875
2 4.508943875630696
3 6.319846312204997
Selected: 2
Starting main training...
epoch 1 | step 0/31 | loss = 1.6149 | global_step = 1/31 | 3.519054651260376
epoch 1 | step 1/31 | loss = 1.3723 | global_step = 2/31 | 3.472526788711548
epoch 1 | step 2/31 | loss = 1.3061 | global_step = 3/31 | 3.495490789413452
epoch 1 | step 3/31 | loss = 1.3415 | global_step = 4/31 | 3.5025837421417236
epoch 1 | step 4/31 | loss = 1.2291 | global_step = 5/31 | 3.4797909259796143
epoch 1 | step 5/31 | loss = 1.3342 | global_step = 6/31 | 3.516493320465088
epoch 1 | step 6/31 | loss = 1.2586 | global_step = 7/31 | 3.493457078933716
epoch 1 | step 7/31 | loss = 1.1705 | global_step = 8/31 | 3.5017471313476562
epoch 1 | step 8/31 | loss = 1.1455 | global_step = 9/31 | 3.4916741847991943
epoch 1 | step 9/31 | loss = 1.1129 | global_step = 10/31 | 3.469968557357788
epoch 1 | step 10/31 | loss = 1.0849 | global_step = 11/31 | 3.4859507083892822
epoch 1 | step 11/31 | loss = 1.1846 | global_step = 12/31 | 3.4842488765716553
epoch 1 | step 12/31 | loss = 1.0499 | global_step = 13/31 | 3.4991061687469482
epoch 1 | step 13/31 | loss = 1.1191 | global_step = 14/31 | 3.492426872253418
epoch 1 | step 14/31 | loss = 0.9872 | global_step = 15/31 | 3.4531850814819336
epoch 1 | step 15/31 | loss = 1.0778 | global_step = 16/31 | 3.4834163188934326
epoch 1 | step 16/31 | loss = 1.0685 | global_step = 17/31 | 3.467848300933838
epoch 1 | step 17/31 | loss = 0.8793 | global_step = 18/31 | 3.4869461059570312
epoch 1 | step 18/31 | loss = 0.9846 | global_step = 19/31 | 3.4953949451446533
epoch 1 | step 19/31 | loss = 0.9121 | global_step = 20/31 | 3.50058913230896
epoch 1 | step 20/31 | loss = 0.9160 | global_step = 21/31 | 3.4861624240875244
epoch 1 | step 21/31 | loss = 0.9953 | global_step = 22/31 | 3.4693658351898193
epoch 1 | step 22/31 | loss = 0.8701 | global_step = 23/31 | 3.47493314743042
epoch 1 | step 23/31 | loss = 0.9143 | global_step = 24/31 | 3.4782378673553467
epoch 1 | step 24/31 | loss = 0.8046 | global_step = 25/31 | 3.503282070159912
epoch 1 | step 25/31 | loss = 0.9065 | global_step = 26/31 | 3.474788188934326
epoch 1 | step 26/31 | loss = 0.7937 | global_step = 27/31 | 3.485337734222412
epoch 1 | step 27/31 | loss = 0.9177 | global_step = 28/31 | 3.4710161685943604
epoch 1 | step 28/31 | loss = 0.8760 | global_step = 29/31 | 3.4934778213500977
epoch 1 | step 29/31 | loss = 0.6988 | global_step = 30/31 | 3.458583354949951
epoch 1 | step 30/31 | loss = 0.8870 | global_step = 31/31 | 3.4876134395599365

