Resolving data files: 100%|██████████████████████████████████████████████████████| 2000/2000 [00:00<00:00, 65675.05it/s]
Resolving data files: 100%|███████████████████████████████████████████████████████| 200/200 [00:00<00:00, 934143.43it/s]
Starting MobilePipe training...
===== STARTING CONFIG TEST 1
===== STARTING CONFIG TEST 2
===== STARTING CONFIG TEST 3
1 8.727442105611166
2 6.825591007868449
3 8.97651195526123
Selected: 2
Starting main training...
epoch 1 | step 0/15 | loss = 1.6800 | global_step = 1/15 | 6.414094924926758
epoch 1 | step 1/15 | loss = 1.4842 | global_step = 2/15 | 6.173568964004517
epoch 1 | step 2/15 | loss = 1.3973 | global_step = 3/15 | 6.262964963912964
epoch 1 | step 3/15 | loss = 1.3434 | global_step = 4/15 | 6.468938827514648
epoch 1 | step 4/15 | loss = 1.2850 | global_step = 5/15 | 6.228183031082153
epoch 1 | step 5/15 | loss = 1.2982 | global_step = 6/15 | 6.437732219696045
epoch 1 | step 6/15 | loss = 1.1575 | global_step = 7/15 | 6.525696039199829
epoch 1 | step 7/15 | loss = 1.2120 | global_step = 8/15 | 6.410435676574707
epoch 1 | step 8/15 | loss = 1.1478 | global_step = 9/15 | 6.470876932144165
epoch 1 | step 9/15 | loss = 1.1936 | global_step = 10/15 | 6.455307960510254
epoch 1 | step 10/15 | loss = 1.0588 | global_step = 11/15 | 6.2524659633636475
epoch 1 | step 11/15 | loss = 1.0356 | global_step = 12/15 | 6.208088159561157
epoch 1 | step 12/15 | loss = 0.9338 | global_step = 13/15 | 6.3250932693481445
epoch 1 | step 13/15 | loss = 1.0380 | global_step = 14/15 | 6.353770971298218
epoch 1 | step 14/15 | loss = 1.0005 | global_step = 15/15 | 6.196875810623169

