Resolving data files: 100%|██████████████████████████████████████| 2000/2000 [00:00<00:00, 74002.98it/s]
Resolving data files: 100%|████████████████████████████████████████| 200/200 [00:00<00:00, 25639.12it/s]
Starting MobilePipe training...
===== STARTING CONFIG TEST 1
===== STARTING CONFIG TEST 2
===== STARTING CONFIG TEST 3
1 2.577521483103434
2 2.258474111557007
3 3.1444693406422934
Selected: 2
Starting main training...
epoch 1 | step 0/62 | loss = 1.4635 | global_step = 1/62 | 1.839024305343628
epoch 1 | step 1/62 | loss = 1.3615 | global_step = 2/62 | 1.7838201522827148
epoch 1 | step 2/62 | loss = 1.2996 | global_step = 3/62 | 1.7745001316070557
epoch 1 | step 3/62 | loss = 1.2893 | global_step = 4/62 | 1.7779688835144043
epoch 1 | step 4/62 | loss = 1.4135 | global_step = 5/62 | 1.7551238536834717
epoch 1 | step 5/62 | loss = 1.2348 | global_step = 6/62 | 1.7614715099334717
epoch 1 | step 6/62 | loss = 1.1770 | global_step = 7/62 | 1.7537541389465332
epoch 1 | step 7/62 | loss = 1.2910 | global_step = 8/62 | 1.7697553634643555
epoch 1 | step 8/62 | loss = 1.2382 | global_step = 9/62 | 1.7718327045440674
epoch 1 | step 9/62 | loss = 1.2655 | global_step = 10/62 | 1.773712158203125
epoch 1 | step 10/62 | loss = 1.1765 | global_step = 11/62 | 1.7653007507324219
epoch 1 | step 11/62 | loss = 1.1862 | global_step = 12/62 | 1.7828989028930664
epoch 1 | step 12/62 | loss = 1.0984 | global_step = 13/62 | 1.753551959991455
epoch 1 | step 13/62 | loss = 1.1848 | global_step = 14/62 | 1.7853610515594482
epoch 1 | step 14/62 | loss = 1.1934 | global_step = 15/62 | 1.7541615962982178
epoch 1 | step 15/62 | loss = 1.1514 | global_step = 16/62 | 1.772756814956665
epoch 1 | step 16/62 | loss = 1.1311 | global_step = 17/62 | 1.792987585067749
epoch 1 | step 17/62 | loss = 1.0632 | global_step = 18/62 | 1.7535006999969482
epoch 1 | step 18/62 | loss = 1.1320 | global_step = 19/62 | 1.772742509841919
epoch 1 | step 19/62 | loss = 1.0892 | global_step = 20/62 | 1.7596650123596191
epoch 1 | step 20/62 | loss = 1.0314 | global_step = 21/62 | 1.7763679027557373
epoch 1 | step 21/62 | loss = 1.1885 | global_step = 22/62 | 1.7833385467529297
epoch 1 | step 22/62 | loss = 1.0174 | global_step = 23/62 | 1.77439546585083
epoch 1 | step 23/62 | loss = 1.0619 | global_step = 24/62 | 1.7679715156555176
epoch 1 | step 24/62 | loss = 1.1781 | global_step = 25/62 | 1.7755169868469238
epoch 1 | step 25/62 | loss = 1.1436 | global_step = 26/62 | 1.7920947074890137
epoch 1 | step 26/62 | loss = 0.9925 | global_step = 27/62 | 1.7674856185913086
epoch 1 | step 27/62 | loss = 0.9641 | global_step = 28/62 | 1.765859842300415
epoch 1 | step 28/62 | loss = 1.0288 | global_step = 29/62 | 1.7563245296478271
epoch 1 | step 29/62 | loss = 0.9477 | global_step = 30/62 | 1.7604849338531494
epoch 1 | step 30/62 | loss = 1.0226 | global_step = 31/62 | 1.7830543518066406
epoch 1 | step 31/62 | loss = 1.0675 | global_step = 32/62 | 1.7699220180511475
epoch 1 | step 32/62 | loss = 0.9406 | global_step = 33/62 | 1.761770486831665
epoch 1 | step 33/62 | loss = 1.0187 | global_step = 34/62 | 1.7612290382385254
epoch 1 | step 34/62 | loss = 0.8977 | global_step = 35/62 | 1.7783658504486084
epoch 1 | step 35/62 | loss = 0.9212 | global_step = 36/62 | 1.7778377532958984
epoch 1 | step 36/62 | loss = 1.0192 | global_step = 37/62 | 1.7620978355407715
epoch 1 | step 37/62 | loss = 0.9534 | global_step = 38/62 | 1.77005934715271
epoch 1 | step 38/62 | loss = 1.0696 | global_step = 39/62 | 1.7629995346069336
epoch 1 | step 39/62 | loss = 0.7143 | global_step = 40/62 | 1.7737627029418945
epoch 1 | step 40/62 | loss = 0.7871 | global_step = 41/62 | 1.760315179824829
epoch 1 | step 41/62 | loss = 0.8974 | global_step = 42/62 | 1.7666206359863281
epoch 1 | step 42/62 | loss = 0.8706 | global_step = 43/62 | 1.7808420658111572
epoch 1 | step 43/62 | loss = 0.7460 | global_step = 44/62 | 1.7895116806030273
epoch 1 | step 44/62 | loss = 0.9744 | global_step = 45/62 | 1.771423578262329
epoch 1 | step 45/62 | loss = 0.7652 | global_step = 46/62 | 1.7545201778411865
epoch 1 | step 46/62 | loss = 0.8223 | global_step = 47/62 | 1.7692527770996094
epoch 1 | step 47/62 | loss = 0.7104 | global_step = 48/62 | 1.7719483375549316
epoch 1 | step 48/62 | loss = 0.7788 | global_step = 49/62 | 1.7783353328704834
epoch 1 | step 49/62 | loss = 0.8422 | global_step = 50/62 | 1.763441562652588
epoch 1 | step 50/62 | loss = 0.9092 | global_step = 51/62 | 1.7562248706817627
epoch 1 | step 51/62 | loss = 0.9343 | global_step = 52/62 | 1.7831628322601318
epoch 1 | step 52/62 | loss = 0.8359 | global_step = 53/62 | 1.7769343852996826
epoch 1 | step 53/62 | loss = 0.6796 | global_step = 54/62 | 1.7865395545959473
epoch 1 | step 54/62 | loss = 0.6251 | global_step = 55/62 | 1.7768044471740723
epoch 1 | step 55/62 | loss = 0.8301 | global_step = 56/62 | 1.75345778465271
epoch 1 | step 56/62 | loss = 0.9425 | global_step = 57/62 | 1.763396978378296
epoch 1 | step 57/62 | loss = 0.7284 | global_step = 58/62 | 1.7490060329437256
epoch 1 | step 58/62 | loss = 0.7462 | global_step = 59/62 | 1.767488956451416
epoch 1 | step 59/62 | loss = 0.7948 | global_step = 60/62 | 1.7662444114685059
epoch 1 | step 60/62 | loss = 0.8019 | global_step = 61/62 | 1.7891645431518555
epoch 1 | step 61/62 | loss = 0.7618 | global_step = 62/62 | 1.7808425426483154

