MICROBATCH_SIZE: 8
Resolving data files: 100%|██████████████████████████████████████████████████████| 2000/2000 [00:00<00:00, 57040.14it/s]
Resolving data files: 100%|███████████████████████████████████████████████████████| 200/200 [00:00<00:00, 884874.26it/s]
Starting MobilePipe training...
===== STARTING CONFIG TEST 1
===== STARTING CONFIG TEST 2
===== STARTING CONFIG TEST 3
1 4.194208701451619
2 2.6261254151662192
3 2.1221126715342202
Selected: 3
Starting main training...
epoch 1 | step 0/31 | loss = 1.5649 | global_step = 1/31 | 2.015882968902588
epoch 1 | step 1/31 | loss = 1.3400 | global_step = 2/31 | 1.866868019104004
epoch 1 | step 2/31 | loss = 1.3384 | global_step = 3/31 | 1.9128949642181396
epoch 1 | step 3/31 | loss = 1.2338 | global_step = 4/31 | 1.9787578582763672
epoch 1 | step 4/31 | loss = 1.3240 | global_step = 5/31 | 2.0228798389434814
epoch 1 | step 5/31 | loss = 1.3438 | global_step = 6/31 | 1.8879120349884033
epoch 1 | step 6/31 | loss = 1.1884 | global_step = 7/31 | 2.026465892791748
epoch 1 | step 7/31 | loss = 1.2984 | global_step = 8/31 | 1.8766589164733887
epoch 1 | step 8/31 | loss = 1.2097 | global_step = 9/31 | 1.9818308353424072
epoch 1 | step 9/31 | loss = 1.3105 | global_step = 10/31 | 1.8332622051239014
epoch 1 | step 10/31 | loss = 1.1717 | global_step = 11/31 | 1.906445026397705
epoch 1 | step 11/31 | loss = 1.2883 | global_step = 12/31 | 1.9135849475860596
epoch 1 | step 12/31 | loss = 1.1794 | global_step = 13/31 | 1.941051721572876
epoch 1 | step 13/31 | loss = 1.1468 | global_step = 14/31 | 1.93050217628479
epoch 1 | step 14/31 | loss = 1.1213 | global_step = 15/31 | 2.000473976135254
epoch 1 | step 15/31 | loss = 1.1061 | global_step = 16/31 | 1.9267687797546387
epoch 1 | step 16/31 | loss = 1.1134 | global_step = 17/31 | 1.9683558940887451
epoch 1 | step 17/31 | loss = 0.9656 | global_step = 18/31 | 1.78908371925354
epoch 1 | step 18/31 | loss = 0.9925 | global_step = 19/31 | 1.8843319416046143
epoch 1 | step 19/31 | loss = 0.9837 | global_step = 20/31 | 1.8717501163482666
epoch 1 | step 20/31 | loss = 1.0591 | global_step = 21/31 | 1.9366919994354248
epoch 1 | step 21/31 | loss = 1.0179 | global_step = 22/31 | 1.864344835281372
epoch 1 | step 22/31 | loss = 0.9943 | global_step = 23/31 | 1.947916030883789
epoch 1 | step 23/31 | loss = 0.8963 | global_step = 24/31 | 1.9001829624176025
epoch 1 | step 24/31 | loss = 0.9845 | global_step = 25/31 | 1.9753360748291016
epoch 1 | step 25/31 | loss = 1.0430 | global_step = 26/31 | 1.8688368797302246
epoch 1 | step 26/31 | loss = 0.9422 | global_step = 27/31 | 1.8757648468017578
epoch 1 | step 27/31 | loss = 0.7673 | global_step = 28/31 | 1.8933041095733643
epoch 1 | step 28/31 | loss = 0.7758 | global_step = 29/31 | 1.889646053314209
epoch 1 | step 29/31 | loss = 0.8866 | global_step = 30/31 | 1.8894033432006836
epoch 1 | step 30/31 | loss = 0.8921 | global_step = 31/31 | 1.9709360599517822

