Starting MobilePipe training...
===== STARTING CONFIG TEST 1
===== STARTING CONFIG TEST 2
===== STARTING CONFIG TEST 3
1 5.007274150848389
2 4.4872777462005615
3 6.2707765102386475
Selected: 2
Starting main training...
epoch 1 | step 0/78 | loss = 2.6086 | global_step = 1/780 | 3.517894983291626
epoch 1 | step 1/78 | loss = 2.5475 | global_step = 2/780 | 3.4960665702819824
epoch 1 | step 2/78 | loss = 2.2519 | global_step = 3/780 | 3.476300001144409
epoch 1 | step 3/78 | loss = 2.2069 | global_step = 4/780 | 3.4755306243896484
epoch 1 | step 4/78 | loss = 2.2306 | global_step = 5/780 | 3.4908642768859863
epoch 1 | step 5/78 | loss = 2.2695 | global_step = 6/780 | 3.4913125038146973
epoch 1 | step 6/78 | loss = 2.1563 | global_step = 7/780 | 3.4869508743286133
epoch 1 | step 7/78 | loss = 2.2005 | global_step = 8/780 | 3.480560064315796
epoch 1 | step 8/78 | loss = 2.1707 | global_step = 9/780 | 3.4937703609466553
epoch 1 | step 9/78 | loss = 1.9589 | global_step = 10/780 | 3.484987735748291
epoch 1 | step 10/78 | loss = 2.0317 | global_step = 11/780 | 3.506920337677002
epoch 1 | step 11/78 | loss = 2.0671 | global_step = 12/780 | 3.4870362281799316
epoch 1 | step 12/78 | loss = 2.0118 | global_step = 13/780 | 3.477773427963257
epoch 1 | step 13/78 | loss = 1.8818 | global_step = 14/780 | 3.5003411769866943
epoch 1 | step 14/78 | loss = 1.9126 | global_step = 15/780 | 3.496886968612671
epoch 1 | step 15/78 | loss = 1.9857 | global_step = 16/780 | 3.477487087249756
epoch 1 | step 16/78 | loss = 1.8521 | global_step = 17/780 | 3.478555917739868
epoch 1 | step 17/78 | loss = 1.7832 | global_step = 18/780 | 3.4863998889923096
epoch 1 | step 18/78 | loss = 1.8091 | global_step = 19/780 | 3.48364520072937
epoch 1 | step 19/78 | loss = 1.7270 | global_step = 20/780 | 3.5081307888031006
epoch 1 | step 20/78 | loss = 1.7717 | global_step = 21/780 | 3.4945099353790283
epoch 1 | step 21/78 | loss = 1.6299 | global_step = 22/780 | 3.4794657230377197
epoch 1 | step 22/78 | loss = 1.7529 | global_step = 23/780 | 3.4797511100769043
epoch 1 | step 23/78 | loss = 1.6743 | global_step = 24/780 | 3.4748380184173584
epoch 1 | step 24/78 | loss = 1.6840 | global_step = 25/780 | 3.512848138809204
epoch 1 | step 25/78 | loss = 1.5268 | global_step = 26/780 | 3.4751319885253906
epoch 1 | step 26/78 | loss = 1.4301 | global_step = 27/780 | 3.47825288772583
epoch 1 | step 27/78 | loss = 1.5409 | global_step = 28/780 | 3.4752326011657715
epoch 1 | step 28/78 | loss = 1.6096 | global_step = 29/780 | 3.473034381866455
epoch 1 | step 29/78 | loss = 1.4022 | global_step = 30/780 | 3.4799797534942627
epoch 1 | step 30/78 | loss = 1.3865 | global_step = 31/780 | 3.4867947101593018
epoch 1 | step 31/78 | loss = 1.5483 | global_step = 32/780 | 3.510028839111328
epoch 1 | step 32/78 | loss = 1.6056 | global_step = 33/780 | 3.48174786567688
epoch 1 | step 33/78 | loss = 1.3297 | global_step = 34/780 | 3.485306978225708
epoch 1 | step 34/78 | loss = 1.3544 | global_step = 35/780 | 3.4990551471710205
epoch 1 | step 35/78 | loss = 1.2670 | global_step = 36/780 | 3.4792463779449463
epoch 1 | step 36/78 | loss = 1.3382 | global_step = 37/780 | 3.482311248779297
epoch 1 | step 37/78 | loss = 1.4232 | global_step = 38/780 | 3.4896459579467773
epoch 1 | step 38/78 | loss = 1.1715 | global_step = 39/780 | 3.4834744930267334
epoch 1 | step 39/78 | loss = 1.1744 | global_step = 40/780 | 3.482269525527954
epoch 1 | step 40/78 | loss = 1.3193 | global_step = 41/780 | 3.474116563796997
epoch 1 | step 41/78 | loss = 1.2240 | global_step = 42/780 | 3.480340003967285
epoch 1 | step 42/78 | loss = 1.2443 | global_step = 43/780 | 3.4763810634613037
epoch 1 | step 43/78 | loss = 1.1014 | global_step = 44/780 | 3.4784083366394043
epoch 1 | step 44/78 | loss = 1.0608 | global_step = 45/780 | 3.4708173274993896
epoch 1 | step 45/78 | loss = 1.3098 | global_step = 46/780 | 3.495901346206665
epoch 1 | step 46/78 | loss = 1.0136 | global_step = 47/780 | 3.4852957725524902
epoch 1 | step 47/78 | loss = 1.0809 | global_step = 48/780 | 3.495542287826538
epoch 1 | step 48/78 | loss = 0.8785 | global_step = 49/780 | 3.5087642669677734
epoch 1 | step 49/78 | loss = 1.0827 | global_step = 50/780 | 3.504611015319824
epoch 1 | step 50/78 | loss = 1.0342 | global_step = 51/780 | 3.4949581623077393
epoch 1 | step 51/78 | loss = 0.8887 | global_step = 52/780 | 3.488778829574585
epoch 1 | step 52/78 | loss = 1.0124 | global_step = 53/780 | 3.483978033065796
epoch 1 | step 53/78 | loss = 1.0332 | global_step = 54/780 | 3.489081859588623
epoch 1 | step 54/78 | loss = 1.0442 | global_step = 55/780 | 3.477382183074951
epoch 1 | step 55/78 | loss = 1.0264 | global_step = 56/780 | 3.4995858669281006
epoch 1 | step 56/78 | loss = 1.1459 | global_step = 57/780 | 3.498746633529663
epoch 1 | step 57/78 | loss = 1.1879 | global_step = 58/780 | 3.482252836227417
epoch 1 | step 58/78 | loss = 0.9135 | global_step = 59/780 | 3.4916274547576904
epoch 1 | step 59/78 | loss = 1.0371 | global_step = 60/780 | 3.5031044483184814
epoch 1 | step 60/78 | loss = 0.8481 | global_step = 61/780 | 3.471207857131958
epoch 1 | step 61/78 | loss = 0.9816 | global_step = 62/780 | 3.484931230545044
epoch 1 | step 62/78 | loss = 0.9751 | global_step = 63/780 | 3.4878737926483154
epoch 1 | step 63/78 | loss = 0.8070 | global_step = 64/780 | 3.481863498687744
epoch 1 | step 64/78 | loss = 0.7276 | global_step = 65/780 | 3.4762580394744873
epoch 1 | step 65/78 | loss = 0.9421 | global_step = 66/780 | 3.481231212615967
epoch 1 | step 66/78 | loss = 0.8682 | global_step = 67/780 | 3.476950168609619
epoch 1 | step 67/78 | loss = 0.9069 | global_step = 68/780 | 3.4789228439331055
epoch 1 | step 68/78 | loss = 0.8238 | global_step = 69/780 | 3.4880428314208984
epoch 1 | step 69/78 | loss = 0.9329 | global_step = 70/780 | 3.4746406078338623
epoch 1 | step 70/78 | loss = 0.8238 | global_step = 71/780 | 3.482522487640381
epoch 1 | step 71/78 | loss = 0.7981 | global_step = 72/780 | 3.4828991889953613
epoch 1 | step 72/78 | loss = 0.8271 | global_step = 73/780 | 3.477365493774414
epoch 1 | step 73/78 | loss = 0.9001 | global_step = 74/780 | 3.475006341934204
epoch 1 | step 74/78 | loss = 0.7694 | global_step = 75/780 | 3.473536968231201
epoch 1 | step 75/78 | loss = 0.8702 | global_step = 76/780 | 3.495039939880371
epoch 1 | step 76/78 | loss = 0.7376 | global_step = 77/780 | 3.4762425422668457
epoch 1 | step 77/78 | loss = 0.7529 | global_step = 78/780 | 3.5196423530578613
epoch 2 | step 0/78 | loss = 0.6264 | global_step = 79/780 | 3.481034755706787
epoch 2 | step 1/78 | loss = 0.7457 | global_step = 80/780 | 3.4936487674713135
epoch 2 | step 2/78 | loss = 0.7520 | global_step = 81/780 | 3.4744760990142822
epoch 2 | step 3/78 | loss = 0.6917 | global_step = 82/780 | 3.481518030166626
epoch 2 | step 4/78 | loss = 0.5777 | global_step = 83/780 | 3.4829535484313965
epoch 2 | step 5/78 | loss = 0.5871 | global_step = 84/780 | 3.467587471008301
epoch 2 | step 6/78 | loss = 0.5845 | global_step = 85/780 | 3.486269474029541
epoch 2 | step 7/78 | loss = 0.5066 | global_step = 86/780 | 3.492450714111328
epoch 2 | step 8/78 | loss = 0.6407 | global_step = 87/780 | 3.4928154945373535
epoch 2 | step 9/78 | loss = 0.6199 | global_step = 88/780 | 3.5046350955963135
epoch 2 | step 10/78 | loss = 0.6762 | global_step = 89/780 | 3.484022855758667
epoch 2 | step 11/78 | loss = 0.5925 | global_step = 90/780 | 3.4738688468933105
epoch 2 | step 12/78 | loss = 0.5336 | global_step = 91/780 | 3.4776387214660645
epoch 2 | step 13/78 | loss = 0.5018 | global_step = 92/780 | 3.496795177459717
epoch 2 | step 14/78 | loss = 0.6336 | global_step = 93/780 | 3.4738729000091553
epoch 2 | step 15/78 | loss = 0.5549 | global_step = 94/780 | 3.4739954471588135
epoch 2 | step 16/78 | loss = 0.6680 | global_step = 95/780 | 3.4653756618499756
epoch 2 | step 17/78 | loss = 0.6772 | global_step = 96/780 | 3.4885544776916504
epoch 2 | step 18/78 | loss = 0.6668 | global_step = 97/780 | 3.4875168800354004
epoch 2 | step 19/78 | loss = 0.5463 | global_step = 98/780 | 3.481715202331543
epoch 2 | step 20/78 | loss = 0.6676 | global_step = 99/780 | 3.4919819831848145
epoch 2 | step 21/78 | loss = 0.5699 | global_step = 100/780 | 3.474442958831787
epoch 2 | step 22/78 | loss = 0.6947 | global_step = 101/780 | 3.484130859375
epoch 2 | step 23/78 | loss = 0.5515 | global_step = 102/780 | 3.4835093021392822
epoch 2 | step 24/78 | loss = 0.6240 | global_step = 103/780 | 3.4812815189361572
epoch 2 | step 25/78 | loss = 0.6695 | global_step = 104/780 | 3.4810802936553955
epoch 2 | step 26/78 | loss = 0.6584 | global_step = 105/780 | 3.4991109371185303
epoch 2 | step 27/78 | loss = 0.5831 | global_step = 106/780 | 3.4541778564453125
epoch 2 | step 28/78 | loss = 0.7004 | global_step = 107/780 | 3.4806153774261475
epoch 2 | step 29/78 | loss = 0.7533 | global_step = 108/780 | 3.5021700859069824
epoch 2 | step 30/78 | loss = 0.4930 | global_step = 109/780 | 3.4882121086120605
epoch 2 | step 31/78 | loss = 0.4855 | global_step = 110/780 | 3.4838218688964844
epoch 2 | step 32/78 | loss = 0.6404 | global_step = 111/780 | 3.4851675033569336
epoch 2 | step 33/78 | loss = 0.5270 | global_step = 112/780 | 3.4820499420166016
epoch 2 | step 34/78 | loss = 0.4357 | global_step = 113/780 | 3.502382755279541
epoch 2 | step 35/78 | loss = 0.5948 | global_step = 114/780 | 3.480928897857666
epoch 2 | step 36/78 | loss = 0.6452 | global_step = 115/780 | 3.4730875492095947
epoch 2 | step 37/78 | loss = 0.4685 | global_step = 116/780 | 3.4794228076934814
epoch 2 | step 38/78 | loss = 0.5430 | global_step = 117/780 | 3.480776786804199
epoch 2 | step 39/78 | loss = 0.4802 | global_step = 118/780 | 3.483867645263672
epoch 2 | step 40/78 | loss = 0.6989 | global_step = 119/780 | 3.478620767593384
epoch 2 | step 41/78 | loss = 0.5304 | global_step = 120/780 | 3.4521090984344482
epoch 2 | step 42/78 | loss = 0.4397 | global_step = 121/780 | 3.465219497680664
epoch 2 | step 43/78 | loss = 0.4743 | global_step = 122/780 | 3.4814200401306152
epoch 2 | step 44/78 | loss = 0.6031 | global_step = 123/780 | 3.4858157634735107
epoch 2 | step 45/78 | loss = 0.3175 | global_step = 124/780 | 3.477088212966919
epoch 2 | step 46/78 | loss = 0.4996 | global_step = 125/780 | 3.4836013317108154
epoch 2 | step 47/78 | loss = 0.6265 | global_step = 126/780 | 3.4971044063568115
epoch 2 | step 48/78 | loss = 0.6579 | global_step = 127/780 | 3.4696028232574463
epoch 2 | step 49/78 | loss = 0.5592 | global_step = 128/780 | 3.480013370513916
epoch 2 | step 50/78 | loss = 0.5294 | global_step = 129/780 | 3.482170820236206
epoch 2 | step 51/78 | loss = 0.5127 | global_step = 130/780 | 3.4731481075286865
epoch 2 | step 52/78 | loss = 0.6659 | global_step = 131/780 | 3.474565267562866
epoch 2 | step 53/78 | loss = 0.4626 | global_step = 132/780 | 3.487393379211426
epoch 2 | step 54/78 | loss = 0.4901 | global_step = 133/780 | 3.485168218612671
epoch 2 | step 55/78 | loss = 0.4167 | global_step = 134/780 | 3.491424798965454
epoch 2 | step 56/78 | loss = 0.5111 | global_step = 135/780 | 3.495816946029663
epoch 2 | step 57/78 | loss = 0.5219 | global_step = 136/780 | 3.4792118072509766
epoch 2 | step 58/78 | loss = 0.4092 | global_step = 137/780 | 3.483497142791748
epoch 2 | step 59/78 | loss = 0.5894 | global_step = 138/780 | 3.485015630722046
epoch 2 | step 60/78 | loss = 0.6653 | global_step = 139/780 | 3.482106924057007
epoch 2 | step 61/78 | loss = 0.3594 | global_step = 140/780 | 3.492952823638916
epoch 2 | step 62/78 | loss = 0.8339 | global_step = 141/780 | 3.460847854614258
epoch 2 | step 63/78 | loss = 0.7926 | global_step = 142/780 | 3.483637809753418
epoch 2 | step 64/78 | loss = 0.5585 | global_step = 143/780 | 3.478956937789917
epoch 2 | step 65/78 | loss = 0.3509 | global_step = 144/780 | 3.4722671508789062
epoch 2 | step 66/78 | loss = 0.5745 | global_step = 145/780 | 3.483363389968872
epoch 2 | step 67/78 | loss = 0.4951 | global_step = 146/780 | 3.4770667552948
epoch 2 | step 68/78 | loss = 0.3281 | global_step = 147/780 | 3.489886522293091
epoch 2 | step 69/78 | loss = 0.4863 | global_step = 148/780 | 3.499257802963257
epoch 2 | step 70/78 | loss = 0.6733 | global_step = 149/780 | 3.4766383171081543
epoch 2 | step 71/78 | loss = 0.5274 | global_step = 150/780 | 3.4739773273468018
epoch 2 | step 72/78 | loss = 0.4436 | global_step = 151/780 | 3.4846558570861816
epoch 2 | step 73/78 | loss = 0.5427 | global_step = 152/780 | 3.517153024673462
epoch 2 | step 74/78 | loss = 0.4281 | global_step = 153/780 | 3.4724934101104736
epoch 2 | step 75/78 | loss = 0.4577 | global_step = 154/780 | 3.4804611206054688
epoch 2 | step 76/78 | loss = 0.4255 | global_step = 155/780 | 3.458296298980713
epoch 2 | step 77/78 | loss = 0.5966 | global_step = 156/780 | 3.475046157836914
epoch 3 | step 0/78 | loss = 0.3485 | global_step = 157/780 | 3.4781291484832764
epoch 3 | step 1/78 | loss = 0.3940 | global_step = 158/780 | 3.4846205711364746
epoch 3 | step 2/78 | loss = 0.4669 | global_step = 159/780 | 3.46873140335083
epoch 3 | step 3/78 | loss = 0.3974 | global_step = 160/780 | 3.4808971881866455
epoch 3 | step 4/78 | loss = 0.3750 | global_step = 161/780 | 3.485548496246338
epoch 3 | step 5/78 | loss = 0.4867 | global_step = 162/780 | 3.4780118465423584
epoch 3 | step 6/78 | loss = 0.3890 | global_step = 163/780 | 3.5175695419311523
epoch 3 | step 7/78 | loss = 0.3422 | global_step = 164/780 | 3.4887025356292725
epoch 3 | step 8/78 | loss = 0.4771 | global_step = 165/780 | 3.4809226989746094
epoch 3 | step 9/78 | loss = 0.3140 | global_step = 166/780 | 3.4845833778381348
epoch 3 | step 10/78 | loss = 0.4433 | global_step = 167/780 | 3.4801130294799805
epoch 3 | step 11/78 | loss = 0.3702 | global_step = 168/780 | 3.469120979309082
epoch 3 | step 12/78 | loss = 0.3445 | global_step = 169/780 | 3.474191904067993
epoch 3 | step 13/78 | loss = 0.3529 | global_step = 170/780 | 3.4771223068237305
epoch 3 | step 14/78 | loss = 0.4114 | global_step = 171/780 | 3.4699153900146484
epoch 3 | step 15/78 | loss = 0.4388 | global_step = 172/780 | 3.508216619491577
epoch 3 | step 16/78 | loss = 0.4680 | global_step = 173/780 | 3.4960031509399414
epoch 3 | step 17/78 | loss = 0.4972 | global_step = 174/780 | 3.4917869567871094
epoch 3 | step 18/78 | loss = 0.3017 | global_step = 175/780 | 3.4812302589416504
epoch 3 | step 19/78 | loss = 0.3690 | global_step = 176/780 | 3.501901865005493
epoch 3 | step 20/78 | loss = 0.2528 | global_step = 177/780 | 3.474792957305908
epoch 3 | step 21/78 | loss = 0.5094 | global_step = 178/780 | 3.495858669281006
epoch 3 | step 22/78 | loss = 0.5117 | global_step = 179/780 | 3.4783711433410645
epoch 3 | step 23/78 | loss = 0.3951 | global_step = 180/780 | 3.4734179973602295
epoch 3 | step 24/78 | loss = 0.2091 | global_step = 181/780 | 3.4785165786743164
epoch 3 | step 25/78 | loss = 0.2849 | global_step = 182/780 | 3.4867193698883057
epoch 3 | step 26/78 | loss = 0.4436 | global_step = 183/780 | 3.472987651824951
epoch 3 | step 27/78 | loss = 0.2276 | global_step = 184/780 | 3.483987331390381
epoch 3 | step 28/78 | loss = 0.2402 | global_step = 185/780 | 3.482170581817627
epoch 3 | step 29/78 | loss = 0.3059 | global_step = 186/780 | 3.471879243850708
epoch 3 | step 30/78 | loss = 0.2121 | global_step = 187/780 | 3.484973430633545
epoch 3 | step 31/78 | loss = 0.2225 | global_step = 188/780 | 3.473129987716675
epoch 3 | step 32/78 | loss = 0.4580 | global_step = 189/780 | 3.4716904163360596
epoch 3 | step 33/78 | loss = 0.2859 | global_step = 190/780 | 3.5053272247314453
epoch 3 | step 34/78 | loss = 0.3093 | global_step = 191/780 | 3.4714393615722656
epoch 3 | step 35/78 | loss = 0.4381 | global_step = 192/780 | 3.490058422088623
epoch 3 | step 36/78 | loss = 0.5644 | global_step = 193/780 | 3.4680416584014893
epoch 3 | step 37/78 | loss = 0.3329 | global_step = 194/780 | 3.4739904403686523
epoch 3 | step 38/78 | loss = 0.5845 | global_step = 195/780 | 3.481595039367676
epoch 3 | step 39/78 | loss = 0.4632 | global_step = 196/780 | 3.4764645099639893
epoch 3 | step 40/78 | loss = 0.4162 | global_step = 197/780 | 3.475797176361084
epoch 3 | step 41/78 | loss = 0.2913 | global_step = 198/780 | 3.470510959625244
epoch 3 | step 42/78 | loss = 0.2465 | global_step = 199/780 | 3.471370220184326
epoch 3 | step 43/78 | loss = 0.3487 | global_step = 200/780 | 3.4878129959106445
epoch 3 | step 44/78 | loss = 0.3021 | global_step = 201/780 | 3.484560966491699
epoch 3 | step 45/78 | loss = 0.3978 | global_step = 202/780 | 3.4867403507232666
epoch 3 | step 46/78 | loss = 0.4803 | global_step = 203/780 | 3.4831230640411377
epoch 3 | step 47/78 | loss = 0.3169 | global_step = 204/780 | 3.476534128189087
epoch 3 | step 48/78 | loss = 0.4571 | global_step = 205/780 | 3.4729132652282715
epoch 3 | step 49/78 | loss = 0.3191 | global_step = 206/780 | 3.505040407180786
epoch 3 | step 50/78 | loss = 0.2072 | global_step = 207/780 | 3.492973566055298
epoch 3 | step 51/78 | loss = 0.3926 | global_step = 208/780 | 3.4725255966186523
epoch 3 | step 52/78 | loss = 0.5254 | global_step = 209/780 | 3.4856784343719482
epoch 3 | step 53/78 | loss = 0.3767 | global_step = 210/780 | 3.4651389122009277
epoch 3 | step 54/78 | loss = 0.3904 | global_step = 211/780 | 3.479607582092285
epoch 3 | step 55/78 | loss = 0.1752 | global_step = 212/780 | 3.488097906112671
epoch 3 | step 56/78 | loss = 0.3583 | global_step = 213/780 | 3.4785027503967285
epoch 3 | step 57/78 | loss = 0.4087 | global_step = 214/780 | 3.4910552501678467
epoch 3 | step 58/78 | loss = 0.2666 | global_step = 215/780 | 3.4774205684661865
epoch 3 | step 59/78 | loss = 0.2547 | global_step = 216/780 | 3.4821231365203857
epoch 3 | step 60/78 | loss = 0.3085 | global_step = 217/780 | 3.4748377799987793
epoch 3 | step 61/78 | loss = 0.4103 | global_step = 218/780 | 3.479095697402954
epoch 3 | step 62/78 | loss = 0.2412 | global_step = 219/780 | 3.48525071144104
epoch 3 | step 63/78 | loss = 0.3402 | global_step = 220/780 | 3.5072896480560303
epoch 3 | step 64/78 | loss = 0.2608 | global_step = 221/780 | 3.477886438369751
epoch 3 | step 65/78 | loss = 0.2855 | global_step = 222/780 | 3.4755358695983887
epoch 3 | step 66/78 | loss = 0.3143 | global_step = 223/780 | 3.507209062576294
epoch 3 | step 67/78 | loss = 0.3338 | global_step = 224/780 | 3.4608867168426514
epoch 3 | step 68/78 | loss = 0.2698 | global_step = 225/780 | 3.464388370513916
epoch 3 | step 69/78 | loss = 0.3199 | global_step = 226/780 | 3.4894745349884033
epoch 3 | step 70/78 | loss = 0.4640 | global_step = 227/780 | 3.477809429168701
epoch 3 | step 71/78 | loss = 0.2454 | global_step = 228/780 | 3.4728455543518066
epoch 3 | step 72/78 | loss = 0.3211 | global_step = 229/780 | 3.478480577468872
epoch 3 | step 73/78 | loss = 0.2364 | global_step = 230/780 | 3.4577462673187256
epoch 3 | step 74/78 | loss = 0.3415 | global_step = 231/780 | 3.4718754291534424
epoch 3 | step 75/78 | loss = 0.3525 | global_step = 232/780 | 3.5034713745117188
epoch 3 | step 76/78 | loss = 0.3132 | global_step = 233/780 | 3.488610029220581
epoch 3 | step 77/78 | loss = 0.2628 | global_step = 234/780 | 3.4885826110839844
epoch 4 | step 0/78 | loss = 0.2231 | global_step = 235/780 | 3.4688374996185303
epoch 4 | step 1/78 | loss = 0.3950 | global_step = 236/780 | 3.4705209732055664
epoch 4 | step 2/78 | loss = 0.2608 | global_step = 237/780 | 3.4846487045288086
epoch 4 | step 3/78 | loss = 0.3802 | global_step = 238/780 | 3.476181745529175
epoch 4 | step 4/78 | loss = 0.3514 | global_step = 239/780 | 3.4910223484039307
epoch 4 | step 5/78 | loss = 0.2755 | global_step = 240/780 | 3.4693875312805176
epoch 4 | step 6/78 | loss = 0.3673 | global_step = 241/780 | 3.490856170654297
epoch 4 | step 7/78 | loss = 0.1589 | global_step = 242/780 | 3.4725043773651123
epoch 4 | step 8/78 | loss = 0.2408 | global_step = 243/780 | 3.4846436977386475
epoch 4 | step 9/78 | loss = 0.2285 | global_step = 244/780 | 3.4825186729431152
epoch 4 | step 10/78 | loss = 0.3023 | global_step = 245/780 | 3.49306583404541
epoch 4 | step 11/78 | loss = 0.2740 | global_step = 246/780 | 3.4803223609924316
epoch 4 | step 12/78 | loss = 0.3076 | global_step = 247/780 | 3.478137969970703
epoch 4 | step 13/78 | loss = 0.2459 | global_step = 248/780 | 3.49474835395813
epoch 4 | step 14/78 | loss = 0.2555 | global_step = 249/780 | 3.4808006286621094
epoch 4 | step 15/78 | loss = 0.2806 | global_step = 250/780 | 3.482093334197998
epoch 4 | step 16/78 | loss = 0.1350 | global_step = 251/780 | 3.472045660018921
epoch 4 | step 17/78 | loss = 0.1577 | global_step = 252/780 | 3.480963945388794
epoch 4 | step 18/78 | loss = 0.3112 | global_step = 253/780 | 3.488617181777954
epoch 4 | step 19/78 | loss = 0.2918 | global_step = 254/780 | 3.488952159881592
epoch 4 | step 20/78 | loss = 0.2488 | global_step = 255/780 | 3.472989559173584
epoch 4 | step 21/78 | loss = 0.2833 | global_step = 256/780 | 3.4711434841156006
epoch 4 | step 22/78 | loss = 0.3598 | global_step = 257/780 | 3.5150392055511475
epoch 4 | step 23/78 | loss = 0.3015 | global_step = 258/780 | 3.4812991619110107
epoch 4 | step 24/78 | loss = 0.1773 | global_step = 259/780 | 3.4867796897888184
epoch 4 | step 25/78 | loss = 0.2314 | global_step = 260/780 | 3.4810078144073486
epoch 4 | step 26/78 | loss = 0.3107 | global_step = 261/780 | 3.485750675201416
epoch 4 | step 27/78 | loss = 0.2315 | global_step = 262/780 | 3.5034918785095215
epoch 4 | step 28/78 | loss = 0.1548 | global_step = 263/780 | 3.4847075939178467
epoch 4 | step 29/78 | loss = 0.1977 | global_step = 264/780 | 3.4838407039642334
epoch 4 | step 30/78 | loss = 0.1963 | global_step = 265/780 | 3.4755361080169678
epoch 4 | step 31/78 | loss = 0.2806 | global_step = 266/780 | 3.474782705307007
epoch 4 | step 32/78 | loss = 0.1669 | global_step = 267/780 | 3.5007071495056152
epoch 4 | step 33/78 | loss = 0.2415 | global_step = 268/780 | 3.485551118850708
epoch 4 | step 34/78 | loss = 0.1840 | global_step = 269/780 | 3.4821722507476807
epoch 4 | step 35/78 | loss = 0.1799 | global_step = 270/780 | 3.4819939136505127
epoch 4 | step 36/78 | loss = 0.1856 | global_step = 271/780 | 3.506803512573242
epoch 4 | step 37/78 | loss = 0.1395 | global_step = 272/780 | 3.4726338386535645
epoch 4 | step 38/78 | loss = 0.2369 | global_step = 273/780 | 3.5036633014678955
epoch 4 | step 39/78 | loss = 0.2884 | global_step = 274/780 | 3.4781665802001953
epoch 4 | step 40/78 | loss = 0.4024 | global_step = 275/780 | 3.490652561187744
epoch 4 | step 41/78 | loss = 0.2948 | global_step = 276/780 | 3.486832857131958
epoch 4 | step 42/78 | loss = 0.2188 | global_step = 277/780 | 3.490987777709961
epoch 4 | step 43/78 | loss = 0.2373 | global_step = 278/780 | 3.485825300216675
epoch 4 | step 44/78 | loss = 0.3008 | global_step = 279/780 | 3.471184730529785
epoch 4 | step 45/78 | loss = 0.3227 | global_step = 280/780 | 3.4809837341308594
epoch 4 | step 46/78 | loss = 0.2858 | global_step = 281/780 | 3.496314525604248
epoch 4 | step 47/78 | loss = 0.2414 | global_step = 282/780 | 3.506112813949585
epoch 4 | step 48/78 | loss = 0.1508 | global_step = 283/780 | 3.482635974884033
epoch 4 | step 49/78 | loss = 0.2045 | global_step = 284/780 | 3.4914748668670654
epoch 4 | step 50/78 | loss = 0.2184 | global_step = 285/780 | 3.4688222408294678
epoch 4 | step 51/78 | loss = 0.1107 | global_step = 286/780 | 3.44309401512146
epoch 4 | step 52/78 | loss = 0.1601 | global_step = 287/780 | 3.4816322326660156
epoch 4 | step 53/78 | loss = 0.1676 | global_step = 288/780 | 3.485265016555786
epoch 4 | step 54/78 | loss = 0.2833 | global_step = 289/780 | 3.4737753868103027
epoch 4 | step 55/78 | loss = 0.2971 | global_step = 290/780 | 3.524367332458496
epoch 4 | step 56/78 | loss = 0.5088 | global_step = 291/780 | 3.482832431793213
epoch 4 | step 57/78 | loss = 0.3227 | global_step = 292/780 | 3.4897425174713135
epoch 4 | step 58/78 | loss = 0.2401 | global_step = 293/780 | 3.4614412784576416
epoch 4 | step 59/78 | loss = 0.1867 | global_step = 294/780 | 3.499326705932617
epoch 4 | step 60/78 | loss = 0.2333 | global_step = 295/780 | 3.4901678562164307
epoch 4 | step 61/78 | loss = 0.2168 | global_step = 296/780 | 3.4862942695617676
epoch 4 | step 62/78 | loss = 0.3589 | global_step = 297/780 | 3.4746928215026855
epoch 4 | step 63/78 | loss = 0.1843 | global_step = 298/780 | 3.4839420318603516
epoch 4 | step 64/78 | loss = 0.2572 | global_step = 299/780 | 3.4779279232025146
epoch 4 | step 65/78 | loss = 0.2741 | global_step = 300/780 | 3.4749562740325928
epoch 4 | step 66/78 | loss = 0.2024 | global_step = 301/780 | 3.466747283935547
epoch 4 | step 67/78 | loss = 0.3226 | global_step = 302/780 | 3.48236083984375
epoch 4 | step 68/78 | loss = 0.4014 | global_step = 303/780 | 3.4906327724456787
epoch 4 | step 69/78 | loss = 0.1689 | global_step = 304/780 | 3.5107929706573486
epoch 4 | step 70/78 | loss = 0.2784 | global_step = 305/780 | 3.483297824859619
epoch 4 | step 71/78 | loss = 0.1692 | global_step = 306/780 | 3.4815101623535156
epoch 4 | step 72/78 | loss = 0.2357 | global_step = 307/780 | 3.4830331802368164
epoch 4 | step 73/78 | loss = 0.1917 | global_step = 308/780 | 3.4818568229675293
epoch 4 | step 74/78 | loss = 0.3086 | global_step = 309/780 | 3.4804365634918213
epoch 4 | step 75/78 | loss = 0.2459 | global_step = 310/780 | 3.4838454723358154
epoch 4 | step 76/78 | loss = 0.3350 | global_step = 311/780 | 3.4861669540405273
epoch 4 | step 77/78 | loss = 0.1621 | global_step = 312/780 | 3.4727954864501953
epoch 5 | step 0/78 | loss = 0.0883 | global_step = 313/780 | 3.4816389083862305
epoch 5 | step 1/78 | loss = 0.2734 | global_step = 314/780 | 3.4836792945861816
epoch 5 | step 2/78 | loss = 0.2422 | global_step = 315/780 | 3.4745380878448486
epoch 5 | step 3/78 | loss = 0.1477 | global_step = 316/780 | 3.4773964881896973
epoch 5 | step 4/78 | loss = 0.2336 | global_step = 317/780 | 3.4617958068847656
epoch 5 | step 5/78 | loss = 0.1656 | global_step = 318/780 | 3.4762661457061768
epoch 5 | step 6/78 | loss = 0.1959 | global_step = 319/780 | 3.4929609298706055
epoch 5 | step 7/78 | loss = 0.1507 | global_step = 320/780 | 3.490718364715576
epoch 5 | step 8/78 | loss = 0.3164 | global_step = 321/780 | 3.4948654174804688
epoch 5 | step 9/78 | loss = 0.1113 | global_step = 322/780 | 3.4830374717712402
epoch 5 | step 10/78 | loss = 0.1545 | global_step = 323/780 | 3.4779794216156006
epoch 5 | step 11/78 | loss = 0.1778 | global_step = 324/780 | 3.469135284423828
epoch 5 | step 12/78 | loss = 0.1804 | global_step = 325/780 | 3.48085355758667
epoch 5 | step 13/78 | loss = 0.2722 | global_step = 326/780 | 3.488320827484131
epoch 5 | step 14/78 | loss = 0.1255 | global_step = 327/780 | 3.4870693683624268
epoch 5 | step 15/78 | loss = 0.2110 | global_step = 328/780 | 3.4832417964935303
epoch 5 | step 16/78 | loss = 0.3133 | global_step = 329/780 | 3.480638027191162
epoch 5 | step 17/78 | loss = 0.1057 | global_step = 330/780 | 3.492356061935425
epoch 5 | step 18/78 | loss = 0.1788 | global_step = 331/780 | 3.471421480178833
epoch 5 | step 19/78 | loss = 0.1559 | global_step = 332/780 | 3.467958688735962
epoch 5 | step 20/78 | loss = 0.2089 | global_step = 333/780 | 3.4784584045410156
epoch 5 | step 21/78 | loss = 0.1344 | global_step = 334/780 | 3.4785635471343994
epoch 5 | step 22/78 | loss = 0.2326 | global_step = 335/780 | 3.4787397384643555
epoch 5 | step 23/78 | loss = 0.1308 | global_step = 336/780 | 3.497404098510742
epoch 5 | step 24/78 | loss = 0.1626 | global_step = 337/780 | 3.479806900024414
epoch 5 | step 25/78 | loss = 0.1718 | global_step = 338/780 | 3.4751367568969727
epoch 5 | step 26/78 | loss = 0.1105 | global_step = 339/780 | 3.47885799407959
epoch 5 | step 27/78 | loss = 0.0823 | global_step = 340/780 | 3.4821784496307373
epoch 5 | step 28/78 | loss = 0.2196 | global_step = 341/780 | 3.4807138442993164
epoch 5 | step 29/78 | loss = 0.1698 | global_step = 342/780 | 3.4738175868988037
epoch 5 | step 30/78 | loss = 0.1216 | global_step = 343/780 | 3.480767250061035
epoch 5 | step 31/78 | loss = 0.2055 | global_step = 344/780 | 3.475362777709961
epoch 5 | step 32/78 | loss = 0.2582 | global_step = 345/780 | 3.4905333518981934
epoch 5 | step 33/78 | loss = 0.2513 | global_step = 346/780 | 3.497624158859253
epoch 5 | step 34/78 | loss = 0.1147 | global_step = 347/780 | 3.4893784523010254
epoch 5 | step 35/78 | loss = 0.1419 | global_step = 348/780 | 3.4955246448516846
epoch 5 | step 36/78 | loss = 0.1347 | global_step = 349/780 | 3.4809000492095947
epoch 5 | step 37/78 | loss = 0.2178 | global_step = 350/780 | 3.4811949729919434
epoch 5 | step 38/78 | loss = 0.2701 | global_step = 351/780 | 3.480011224746704
epoch 5 | step 39/78 | loss = 0.2761 | global_step = 352/780 | 3.493640899658203
epoch 5 | step 40/78 | loss = 0.3019 | global_step = 353/780 | 3.4768831729888916
epoch 5 | step 41/78 | loss = 0.2986 | global_step = 354/780 | 3.4974210262298584
epoch 5 | step 42/78 | loss = 0.1703 | global_step = 355/780 | 3.480586528778076
epoch 5 | step 43/78 | loss = 0.2878 | global_step = 356/780 | 3.4857232570648193
epoch 5 | step 44/78 | loss = 0.1760 | global_step = 357/780 | 3.481368064880371
epoch 5 | step 45/78 | loss = 0.2384 | global_step = 358/780 | 3.474277973175049
epoch 5 | step 46/78 | loss = 0.1550 | global_step = 359/780 | 3.4721665382385254
epoch 5 | step 47/78 | loss = 0.1442 | global_step = 360/780 | 3.476069688796997
epoch 5 | step 48/78 | loss = 0.1796 | global_step = 361/780 | 3.493760108947754
epoch 5 | step 49/78 | loss = 0.1491 | global_step = 362/780 | 3.4782702922821045
epoch 5 | step 50/78 | loss = 0.3570 | global_step = 363/780 | 3.4855284690856934
epoch 5 | step 51/78 | loss = 0.1482 | global_step = 364/780 | 3.474863290786743
epoch 5 | step 52/78 | loss = 0.2284 | global_step = 365/780 | 3.4732677936553955
epoch 5 | step 53/78 | loss = 0.1909 | global_step = 366/780 | 3.4810140132904053
epoch 5 | step 54/78 | loss = 0.1971 | global_step = 367/780 | 3.4678072929382324
epoch 5 | step 55/78 | loss = 0.1217 | global_step = 368/780 | 3.4776499271392822
epoch 5 | step 56/78 | loss = 0.1363 | global_step = 369/780 | 3.44673752784729
epoch 5 | step 57/78 | loss = 0.1215 | global_step = 370/780 | 3.475884199142456
epoch 5 | step 58/78 | loss = 0.1844 | global_step = 371/780 | 3.46156644821167
epoch 5 | step 59/78 | loss = 0.0778 | global_step = 372/780 | 3.4792351722717285
epoch 5 | step 60/78 | loss = 0.0921 | global_step = 373/780 | 3.4812307357788086
epoch 5 | step 61/78 | loss = 0.1197 | global_step = 374/780 | 3.4813907146453857
epoch 5 | step 62/78 | loss = 0.1990 | global_step = 375/780 | 3.4868645668029785
epoch 5 | step 63/78 | loss = 0.1674 | global_step = 376/780 | 3.4866926670074463
epoch 5 | step 64/78 | loss = 0.1163 | global_step = 377/780 | 3.4690139293670654
epoch 5 | step 65/78 | loss = 0.1567 | global_step = 378/780 | 3.4782934188842773
epoch 5 | step 66/78 | loss = 0.1789 | global_step = 379/780 | 3.4819281101226807
epoch 5 | step 67/78 | loss = 0.1992 | global_step = 380/780 | 3.476533889770508
epoch 5 | step 68/78 | loss = 0.1986 | global_step = 381/780 | 3.494058847427368
epoch 5 | step 69/78 | loss = 0.1351 | global_step = 382/780 | 3.4665935039520264
epoch 5 | step 70/78 | loss = 0.1593 | global_step = 383/780 | 3.4710922241210938
epoch 5 | step 71/78 | loss = 0.2098 | global_step = 384/780 | 3.4965953826904297
epoch 5 | step 72/78 | loss = 0.2755 | global_step = 385/780 | 3.4861440658569336
epoch 5 | step 73/78 | loss = 0.1940 | global_step = 386/780 | 3.4712014198303223
epoch 5 | step 74/78 | loss = 0.1761 | global_step = 387/780 | 3.486279249191284
epoch 5 | step 75/78 | loss = 0.1743 | global_step = 388/780 | 3.4850306510925293
epoch 5 | step 76/78 | loss = 0.1358 | global_step = 389/780 | 3.4655702114105225
epoch 5 | step 77/78 | loss = 0.2497 | global_step = 390/780 | 3.4809346199035645
epoch 6 | step 0/78 | loss = 0.1145 | global_step = 391/780 | 3.480943441390991
epoch 6 | step 1/78 | loss = 0.0981 | global_step = 392/780 | 3.4722795486450195
epoch 6 | step 2/78 | loss = 0.0965 | global_step = 393/780 | 3.4935946464538574
epoch 6 | step 3/78 | loss = 0.1096 | global_step = 394/780 | 3.4718194007873535
epoch 6 | step 4/78 | loss = 0.0944 | global_step = 395/780 | 3.4760024547576904
epoch 6 | step 5/78 | loss = 0.1235 | global_step = 396/780 | 3.489100694656372
epoch 6 | step 6/78 | loss = 0.0854 | global_step = 397/780 | 3.472951650619507
epoch 6 | step 7/78 | loss = 0.1456 | global_step = 398/780 | 3.483821153640747
epoch 6 | step 8/78 | loss = 0.1322 | global_step = 399/780 | 3.4878015518188477
epoch 6 | step 9/78 | loss = 0.1398 | global_step = 400/780 | 3.4997024536132812
epoch 6 | step 10/78 | loss = 0.0770 | global_step = 401/780 | 3.480062961578369
epoch 6 | step 11/78 | loss = 0.1168 | global_step = 402/780 | 3.4751384258270264
epoch 6 | step 12/78 | loss = 0.1781 | global_step = 403/780 | 3.4764740467071533
epoch 6 | step 13/78 | loss = 0.0628 | global_step = 404/780 | 3.462533712387085
epoch 6 | step 14/78 | loss = 0.0960 | global_step = 405/780 | 3.485124349594116
epoch 6 | step 15/78 | loss = 0.1565 | global_step = 406/780 | 3.478257417678833
epoch 6 | step 16/78 | loss = 0.1414 | global_step = 407/780 | 3.487309455871582
epoch 6 | step 17/78 | loss = 0.0695 | global_step = 408/780 | 3.478494644165039
epoch 6 | step 18/78 | loss = 0.0865 | global_step = 409/780 | 3.481269121170044
epoch 6 | step 19/78 | loss = 0.1064 | global_step = 410/780 | 3.484477996826172
epoch 6 | step 20/78 | loss = 0.1444 | global_step = 411/780 | 3.4702775478363037
epoch 6 | step 21/78 | loss = 0.1355 | global_step = 412/780 | 3.490115165710449
epoch 6 | step 22/78 | loss = 0.0785 | global_step = 413/780 | 3.4818646907806396
epoch 6 | step 23/78 | loss = 0.1430 | global_step = 414/780 | 3.4700896739959717
epoch 6 | step 24/78 | loss = 0.2056 | global_step = 415/780 | 3.4890081882476807
epoch 6 | step 25/78 | loss = 0.1079 | global_step = 416/780 | 3.477484703063965
epoch 6 | step 26/78 | loss = 0.0914 | global_step = 417/780 | 3.475243091583252
epoch 6 | step 27/78 | loss = 0.2011 | global_step = 418/780 | 3.4797744750976562
epoch 6 | step 28/78 | loss = 0.0805 | global_step = 419/780 | 3.466269016265869
epoch 6 | step 29/78 | loss = 0.0916 | global_step = 420/780 | 3.4805612564086914
epoch 6 | step 30/78 | loss = 0.0654 | global_step = 421/780 | 3.479726791381836
epoch 6 | step 31/78 | loss = 0.1329 | global_step = 422/780 | 3.4819252490997314
epoch 6 | step 32/78 | loss = 0.0562 | global_step = 423/780 | 3.478635549545288
epoch 6 | step 33/78 | loss = 0.1117 | global_step = 424/780 | 3.4901366233825684
epoch 6 | step 34/78 | loss = 0.1332 | global_step = 425/780 | 3.483783483505249
epoch 6 | step 35/78 | loss = 0.1736 | global_step = 426/780 | 3.4983787536621094
epoch 6 | step 36/78 | loss = 0.1082 | global_step = 427/780 | 3.4737210273742676
epoch 6 | step 37/78 | loss = 0.1678 | global_step = 428/780 | 3.483992099761963
epoch 6 | step 38/78 | loss = 0.0639 | global_step = 429/780 | 3.4800071716308594
epoch 6 | step 39/78 | loss = 0.1368 | global_step = 430/780 | 3.502107620239258
epoch 6 | step 40/78 | loss = 0.0749 | global_step = 431/780 | 3.4753615856170654
epoch 6 | step 41/78 | loss = 0.1251 | global_step = 432/780 | 3.4746668338775635
epoch 6 | step 42/78 | loss = 0.1502 | global_step = 433/780 | 3.4831135272979736
epoch 6 | step 43/78 | loss = 0.1848 | global_step = 434/780 | 3.4777672290802
epoch 6 | step 44/78 | loss = 0.1401 | global_step = 435/780 | 3.4895384311676025
epoch 6 | step 45/78 | loss = 0.0808 | global_step = 436/780 | 3.4676244258880615
epoch 6 | step 46/78 | loss = 0.1391 | global_step = 437/780 | 3.4870376586914062
epoch 6 | step 47/78 | loss = 0.1492 | global_step = 438/780 | 3.4652554988861084
epoch 6 | step 48/78 | loss = 0.1174 | global_step = 439/780 | 3.47450590133667
epoch 6 | step 49/78 | loss = 0.1794 | global_step = 440/780 | 3.4862232208251953
epoch 6 | step 50/78 | loss = 0.1443 | global_step = 441/780 | 3.4975812435150146
epoch 6 | step 51/78 | loss = 0.1034 | global_step = 442/780 | 3.4788708686828613
epoch 6 | step 52/78 | loss = 0.1076 | global_step = 443/780 | 3.4711384773254395
epoch 6 | step 53/78 | loss = 0.0723 | global_step = 444/780 | 3.4886081218719482
epoch 6 | step 54/78 | loss = 0.0777 | global_step = 445/780 | 3.447605609893799
epoch 6 | step 55/78 | loss = 0.1442 | global_step = 446/780 | 3.4691426753997803
epoch 6 | step 56/78 | loss = 0.1708 | global_step = 447/780 | 3.4848101139068604
epoch 6 | step 57/78 | loss = 0.3044 | global_step = 448/780 | 3.479923725128174
epoch 6 | step 58/78 | loss = 0.1982 | global_step = 449/780 | 3.4884872436523438
epoch 6 | step 59/78 | loss = 0.0910 | global_step = 450/780 | 3.488804817199707
epoch 6 | step 60/78 | loss = 0.1260 | global_step = 451/780 | 3.4862220287323
epoch 6 | step 61/78 | loss = 0.1090 | global_step = 452/780 | 3.491886615753174
epoch 6 | step 62/78 | loss = 0.0614 | global_step = 453/780 | 3.4801695346832275
epoch 6 | step 63/78 | loss = 0.0787 | global_step = 454/780 | 3.4798471927642822
epoch 6 | step 64/78 | loss = 0.1324 | global_step = 455/780 | 3.4773385524749756
epoch 6 | step 65/78 | loss = 0.2082 | global_step = 456/780 | 3.493285655975342
epoch 6 | step 66/78 | loss = 0.1314 | global_step = 457/780 | 3.488673210144043
epoch 6 | step 67/78 | loss = 0.1501 | global_step = 458/780 | 3.4815478324890137
epoch 6 | step 68/78 | loss = 0.1052 | global_step = 459/780 | 3.4754507541656494
epoch 6 | step 69/78 | loss = 0.0724 | global_step = 460/780 | 3.4848947525024414
epoch 6 | step 70/78 | loss = 0.1504 | global_step = 461/780 | 3.4785797595977783
epoch 6 | step 71/78 | loss = 0.1488 | global_step = 462/780 | 3.4812989234924316
epoch 6 | step 72/78 | loss = 0.0499 | global_step = 463/780 | 3.477447509765625
epoch 6 | step 73/78 | loss = 0.2000 | global_step = 464/780 | 3.4720749855041504
epoch 6 | step 74/78 | loss = 0.0763 | global_step = 465/780 | 3.5349576473236084
epoch 6 | step 75/78 | loss = 0.1141 | global_step = 466/780 | 3.457820415496826
epoch 6 | step 76/78 | loss = 0.1970 | global_step = 467/780 | 3.4901068210601807
epoch 6 | step 77/78 | loss = 0.2309 | global_step = 468/780 | 3.4949889183044434
epoch 7 | step 0/78 | loss = 0.1059 | global_step = 469/780 | 3.474813938140869
epoch 7 | step 1/78 | loss = 0.1245 | global_step = 470/780 | 3.486056089401245
epoch 7 | step 2/78 | loss = 0.1151 | global_step = 471/780 | 3.4919655323028564
epoch 7 | step 3/78 | loss = 0.0865 | global_step = 472/780 | 3.4884347915649414
epoch 7 | step 4/78 | loss = 0.0753 | global_step = 473/780 | 3.4884912967681885
epoch 7 | step 5/78 | loss = 0.0549 | global_step = 474/780 | 3.4779398441314697
epoch 7 | step 6/78 | loss = 0.1137 | global_step = 475/780 | 3.489821195602417
epoch 7 | step 7/78 | loss = 0.1118 | global_step = 476/780 | 3.4882137775421143
epoch 7 | step 8/78 | loss = 0.0813 | global_step = 477/780 | 3.487154722213745
epoch 7 | step 9/78 | loss = 0.0845 | global_step = 478/780 | 3.4836618900299072
epoch 7 | step 10/78 | loss = 0.0969 | global_step = 479/780 | 3.5017173290252686
epoch 7 | step 11/78 | loss = 0.0687 | global_step = 480/780 | 3.4763641357421875
epoch 7 | step 12/78 | loss = 0.0465 | global_step = 481/780 | 3.497612953186035
epoch 7 | step 13/78 | loss = 0.1023 | global_step = 482/780 | 3.49556565284729
epoch 7 | step 14/78 | loss = 0.0704 | global_step = 483/780 | 3.477888822555542
epoch 7 | step 15/78 | loss = 0.0599 | global_step = 484/780 | 3.4738974571228027
epoch 7 | step 16/78 | loss = 0.0448 | global_step = 485/780 | 3.4731011390686035
epoch 7 | step 17/78 | loss = 0.0771 | global_step = 486/780 | 3.492521286010742
epoch 7 | step 18/78 | loss = 0.0495 | global_step = 487/780 | 3.4839134216308594
epoch 7 | step 19/78 | loss = 0.0371 | global_step = 488/780 | 3.47869610786438
epoch 7 | step 20/78 | loss = 0.0330 | global_step = 489/780 | 3.4819257259368896
epoch 7 | step 21/78 | loss = 0.0332 | global_step = 490/780 | 3.495774984359741
epoch 7 | step 22/78 | loss = 0.0872 | global_step = 491/780 | 3.4859721660614014
epoch 7 | step 23/78 | loss = 0.0572 | global_step = 492/780 | 3.4771881103515625
epoch 7 | step 24/78 | loss = 0.0878 | global_step = 493/780 | 3.468353033065796
epoch 7 | step 25/78 | loss = 0.1045 | global_step = 494/780 | 3.4841854572296143
epoch 7 | step 26/78 | loss = 0.1102 | global_step = 495/780 | 3.478665351867676
epoch 7 | step 27/78 | loss = 0.0510 | global_step = 496/780 | 3.495833158493042
epoch 7 | step 28/78 | loss = 0.0602 | global_step = 497/780 | 3.491377830505371
epoch 7 | step 29/78 | loss = 0.0985 | global_step = 498/780 | 3.4717929363250732
epoch 7 | step 30/78 | loss = 0.0443 | global_step = 499/780 | 3.491710901260376
epoch 7 | step 31/78 | loss = 0.0964 | global_step = 500/780 | 3.4744133949279785
epoch 7 | step 32/78 | loss = 0.0895 | global_step = 501/780 | 3.494619846343994
epoch 7 | step 33/78 | loss = 0.0950 | global_step = 502/780 | 3.4780354499816895
epoch 7 | step 34/78 | loss = 0.0673 | global_step = 503/780 | 3.490379571914673
epoch 7 | step 35/78 | loss = 0.0948 | global_step = 504/780 | 3.485450506210327
epoch 7 | step 36/78 | loss = 0.2094 | global_step = 505/780 | 3.494985818862915
epoch 7 | step 37/78 | loss = 0.1271 | global_step = 506/780 | 3.4901175498962402
epoch 7 | step 38/78 | loss = 0.0936 | global_step = 507/780 | 3.476508855819702
epoch 7 | step 39/78 | loss = 0.1166 | global_step = 508/780 | 3.4718070030212402
epoch 7 | step 40/78 | loss = 0.0313 | global_step = 509/780 | 3.4707446098327637
epoch 7 | step 41/78 | loss = 0.0852 | global_step = 510/780 | 3.4769015312194824
epoch 7 | step 42/78 | loss = 0.0717 | global_step = 511/780 | 3.475832939147949
epoch 7 | step 43/78 | loss = 0.1034 | global_step = 512/780 | 3.4738283157348633
epoch 7 | step 44/78 | loss = 0.0885 | global_step = 513/780 | 3.488440990447998
epoch 7 | step 45/78 | loss = 0.1228 | global_step = 514/780 | 3.485577344894409
epoch 7 | step 46/78 | loss = 0.0811 | global_step = 515/780 | 3.4725143909454346
epoch 7 | step 47/78 | loss = 0.0679 | global_step = 516/780 | 3.475159168243408
epoch 7 | step 48/78 | loss = 0.0429 | global_step = 517/780 | 3.485865831375122
epoch 7 | step 49/78 | loss = 0.1201 | global_step = 518/780 | 3.47993540763855
epoch 7 | step 50/78 | loss = 0.0956 | global_step = 519/780 | 3.4867374897003174
epoch 7 | step 51/78 | loss = 0.1229 | global_step = 520/780 | 3.490334987640381
epoch 7 | step 52/78 | loss = 0.0282 | global_step = 521/780 | 3.495854616165161
epoch 7 | step 53/78 | loss = 0.0956 | global_step = 522/780 | 3.4819388389587402
epoch 7 | step 54/78 | loss = 0.1644 | global_step = 523/780 | 3.4961307048797607
epoch 7 | step 55/78 | loss = 0.1510 | global_step = 524/780 | 3.482445240020752
epoch 7 | step 56/78 | loss = 0.0652 | global_step = 525/780 | 3.473294734954834
epoch 7 | step 57/78 | loss = 0.0368 | global_step = 526/780 | 3.4809625148773193
epoch 7 | step 58/78 | loss = 0.0874 | global_step = 527/780 | 3.469250440597534
epoch 7 | step 59/78 | loss = 0.1207 | global_step = 528/780 | 3.462247371673584
epoch 7 | step 60/78 | loss = 0.0713 | global_step = 529/780 | 3.485790967941284
epoch 7 | step 61/78 | loss = 0.0580 | global_step = 530/780 | 3.470820426940918
epoch 7 | step 62/78 | loss = 0.2767 | global_step = 531/780 | 3.48232364654541
epoch 7 | step 63/78 | loss = 0.0881 | global_step = 532/780 | 3.4817023277282715
epoch 7 | step 64/78 | loss = 0.0497 | global_step = 533/780 | 3.467651605606079
epoch 7 | step 65/78 | loss = 0.0875 | global_step = 534/780 | 3.4963557720184326
epoch 7 | step 66/78 | loss = 0.1299 | global_step = 535/780 | 3.471735954284668
epoch 7 | step 67/78 | loss = 0.0420 | global_step = 536/780 | 3.482828378677368
epoch 7 | step 68/78 | loss = 0.0390 | global_step = 537/780 | 3.4851033687591553
epoch 7 | step 69/78 | loss = 0.0785 | global_step = 538/780 | 3.478228807449341
epoch 7 | step 70/78 | loss = 0.0548 | global_step = 539/780 | 3.482189655303955
epoch 7 | step 71/78 | loss = 0.0538 | global_step = 540/780 | 3.4849815368652344
epoch 7 | step 72/78 | loss = 0.0846 | global_step = 541/780 | 3.4434006214141846
epoch 7 | step 73/78 | loss = 0.0955 | global_step = 542/780 | 3.468508005142212
epoch 7 | step 74/78 | loss = 0.0617 | global_step = 543/780 | 3.4829399585723877
epoch 7 | step 75/78 | loss = 0.0840 | global_step = 544/780 | 3.5012588500976562
epoch 7 | step 76/78 | loss = 0.2683 | global_step = 545/780 | 3.4866230487823486
epoch 7 | step 77/78 | loss = 0.1174 | global_step = 546/780 | 3.4830541610717773
epoch 8 | step 0/78 | loss = 0.0836 | global_step = 547/780 | 3.4748337268829346
epoch 8 | step 1/78 | loss = 0.0477 | global_step = 548/780 | 3.4894626140594482
epoch 8 | step 2/78 | loss = 0.0526 | global_step = 549/780 | 3.4918057918548584
epoch 8 | step 3/78 | loss = 0.1096 | global_step = 550/780 | 3.4855854511260986
epoch 8 | step 4/78 | loss = 0.0552 | global_step = 551/780 | 3.48622465133667
epoch 8 | step 5/78 | loss = 0.0703 | global_step = 552/780 | 3.4848971366882324
epoch 8 | step 6/78 | loss = 0.0479 | global_step = 553/780 | 3.4856836795806885
epoch 8 | step 7/78 | loss = 0.0402 | global_step = 554/780 | 3.4981329441070557
epoch 8 | step 8/78 | loss = 0.0333 | global_step = 555/780 | 3.495558738708496
epoch 8 | step 9/78 | loss = 0.0601 | global_step = 556/780 | 3.482560157775879
epoch 8 | step 10/78 | loss = 0.0726 | global_step = 557/780 | 3.4916951656341553
epoch 8 | step 11/78 | loss = 0.0491 | global_step = 558/780 | 3.479471206665039
epoch 8 | step 12/78 | loss = 0.0611 | global_step = 559/780 | 3.4681670665740967
epoch 8 | step 13/78 | loss = 0.0370 | global_step = 560/780 | 3.4859673976898193
epoch 8 | step 14/78 | loss = 0.0677 | global_step = 561/780 | 3.4756925106048584
epoch 8 | step 15/78 | loss = 0.0292 | global_step = 562/780 | 3.4819583892822266
epoch 8 | step 16/78 | loss = 0.0341 | global_step = 563/780 | 3.4814205169677734
epoch 8 | step 17/78 | loss = 0.0640 | global_step = 564/780 | 3.471669912338257
epoch 8 | step 18/78 | loss = 0.0486 | global_step = 565/780 | 3.4833102226257324
epoch 8 | step 19/78 | loss = 0.1177 | global_step = 566/780 | 3.49672269821167
epoch 8 | step 20/78 | loss = 0.0829 | global_step = 567/780 | 3.5055370330810547
epoch 8 | step 21/78 | loss = 0.0377 | global_step = 568/780 | 3.4853262901306152
epoch 8 | step 22/78 | loss = 0.0937 | global_step = 569/780 | 3.4863264560699463
epoch 8 | step 23/78 | loss = 0.1489 | global_step = 570/780 | 3.4757184982299805
epoch 8 | step 24/78 | loss = 0.0921 | global_step = 571/780 | 3.4928340911865234
epoch 8 | step 25/78 | loss = 0.0883 | global_step = 572/780 | 3.480896472930908
epoch 8 | step 26/78 | loss = 0.0418 | global_step = 573/780 | 3.47279691696167
epoch 8 | step 27/78 | loss = 0.0805 | global_step = 574/780 | 3.485013008117676
epoch 8 | step 28/78 | loss = 0.0418 | global_step = 575/780 | 3.487413167953491
epoch 8 | step 29/78 | loss = 0.0593 | global_step = 576/780 | 3.487673044204712
epoch 8 | step 30/78 | loss = 0.0368 | global_step = 577/780 | 3.481402635574341
epoch 8 | step 31/78 | loss = 0.0298 | global_step = 578/780 | 3.482215166091919
epoch 8 | step 32/78 | loss = 0.0265 | global_step = 579/780 | 3.484262228012085
epoch 8 | step 33/78 | loss = 0.0227 | global_step = 580/780 | 3.4767003059387207
epoch 8 | step 34/78 | loss = 0.0496 | global_step = 581/780 | 3.4806807041168213
epoch 8 | step 35/78 | loss = 0.0573 | global_step = 582/780 | 3.489656686782837
epoch 8 | step 36/78 | loss = 0.0289 | global_step = 583/780 | 3.489175319671631
epoch 8 | step 37/78 | loss = 0.0554 | global_step = 584/780 | 3.4880495071411133
epoch 8 | step 38/78 | loss = 0.1089 | global_step = 585/780 | 3.472079038619995
epoch 8 | step 39/78 | loss = 0.0733 | global_step = 586/780 | 3.4766342639923096
epoch 8 | step 40/78 | loss = 0.0943 | global_step = 587/780 | 3.482832908630371
epoch 8 | step 41/78 | loss = 0.0857 | global_step = 588/780 | 3.496803045272827
epoch 8 | step 42/78 | loss = 0.0918 | global_step = 589/780 | 3.4905636310577393
epoch 8 | step 43/78 | loss = 0.0578 | global_step = 590/780 | 3.488131046295166
epoch 8 | step 44/78 | loss = 0.0323 | global_step = 591/780 | 3.4896605014801025
epoch 8 | step 45/78 | loss = 0.0302 | global_step = 592/780 | 3.477344274520874
epoch 8 | step 46/78 | loss = 0.0320 | global_step = 593/780 | 3.4769186973571777
epoch 8 | step 47/78 | loss = 0.0335 | global_step = 594/780 | 3.478865385055542
epoch 8 | step 48/78 | loss = 0.0584 | global_step = 595/780 | 3.4732184410095215
epoch 8 | step 49/78 | loss = 0.2923 | global_step = 596/780 | 3.4896962642669678
epoch 8 | step 50/78 | loss = 0.2859 | global_step = 597/780 | 3.5166609287261963
epoch 8 | step 51/78 | loss = 0.0982 | global_step = 598/780 | 3.4682059288024902
epoch 8 | step 52/78 | loss = 0.0587 | global_step = 599/780 | 3.4792869091033936
epoch 8 | step 53/78 | loss = 0.0668 | global_step = 600/780 | 3.4782979488372803
epoch 8 | step 54/78 | loss = 0.0361 | global_step = 601/780 | 3.4763541221618652
epoch 8 | step 55/78 | loss = 0.0319 | global_step = 602/780 | 3.4872448444366455
epoch 8 | step 56/78 | loss = 0.0391 | global_step = 603/780 | 3.4809255599975586
epoch 8 | step 57/78 | loss = 0.0339 | global_step = 604/780 | 3.4809226989746094
epoch 8 | step 58/78 | loss = 0.0686 | global_step = 605/780 | 3.4730310440063477
epoch 8 | step 59/78 | loss = 0.0692 | global_step = 606/780 | 3.486851692199707
epoch 8 | step 60/78 | loss = 0.0361 | global_step = 607/780 | 3.470287561416626
epoch 8 | step 61/78 | loss = 0.0564 | global_step = 608/780 | 3.477437973022461
epoch 8 | step 62/78 | loss = 0.0851 | global_step = 609/780 | 3.4752590656280518
epoch 8 | step 63/78 | loss = 0.0633 | global_step = 610/780 | 3.4616613388061523
epoch 8 | step 64/78 | loss = 0.1344 | global_step = 611/780 | 3.494209051132202
epoch 8 | step 65/78 | loss = 0.0580 | global_step = 612/780 | 3.4658758640289307
epoch 8 | step 66/78 | loss = 0.0237 | global_step = 613/780 | 3.4696459770202637
epoch 8 | step 67/78 | loss = 0.0606 | global_step = 614/780 | 3.478484630584717
epoch 8 | step 68/78 | loss = 0.0572 | global_step = 615/780 | 3.459130048751831
epoch 8 | step 69/78 | loss = 0.0591 | global_step = 616/780 | 3.462747573852539
epoch 8 | step 70/78 | loss = 0.0341 | global_step = 617/780 | 3.468104839324951
epoch 8 | step 71/78 | loss = 0.0619 | global_step = 618/780 | 3.4873392581939697
epoch 8 | step 72/78 | loss = 0.0226 | global_step = 619/780 | 3.469541072845459
epoch 8 | step 73/78 | loss = 0.0416 | global_step = 620/780 | 3.4702463150024414
epoch 8 | step 74/78 | loss = 0.0704 | global_step = 621/780 | 3.458716630935669
epoch 8 | step 75/78 | loss = 0.0847 | global_step = 622/780 | 3.4778690338134766
epoch 8 | step 76/78 | loss = 0.0278 | global_step = 623/780 | 3.467958688735962
epoch 8 | step 77/78 | loss = 0.0654 | global_step = 624/780 | 3.4496946334838867
epoch 9 | step 0/78 | loss = 0.0242 | global_step = 625/780 | 3.4540958404541016
epoch 9 | step 1/78 | loss = 0.0180 | global_step = 626/780 | 3.469932794570923
epoch 9 | step 2/78 | loss = 0.0249 | global_step = 627/780 | 3.4687702655792236
epoch 9 | step 3/78 | loss = 0.0589 | global_step = 628/780 | 3.4899492263793945
epoch 9 | step 4/78 | loss = 0.0407 | global_step = 629/780 | 3.464770793914795
epoch 9 | step 5/78 | loss = 0.0438 | global_step = 630/780 | 3.4630236625671387
epoch 9 | step 6/78 | loss = 0.0473 | global_step = 631/780 | 3.470546007156372
epoch 9 | step 7/78 | loss = 0.0209 | global_step = 632/780 | 3.4825921058654785
epoch 9 | step 8/78 | loss = 0.0168 | global_step = 633/780 | 3.498387575149536
epoch 9 | step 9/78 | loss = 0.0386 | global_step = 634/780 | 3.486274242401123
epoch 9 | step 10/78 | loss = 0.0360 | global_step = 635/780 | 3.478882312774658
epoch 9 | step 11/78 | loss = 0.1499 | global_step = 636/780 | 3.461214303970337
epoch 9 | step 12/78 | loss = 0.0366 | global_step = 637/780 | 3.4639055728912354
epoch 9 | step 13/78 | loss = 0.0289 | global_step = 638/780 | 3.473769187927246
epoch 9 | step 14/78 | loss = 0.0633 | global_step = 639/780 | 3.461819887161255
epoch 9 | step 15/78 | loss = 0.0912 | global_step = 640/780 | 3.464843273162842
epoch 9 | step 16/78 | loss = 0.0393 | global_step = 641/780 | 3.463254690170288
epoch 9 | step 17/78 | loss = 0.0236 | global_step = 642/780 | 3.4755020141601562
epoch 9 | step 18/78 | loss = 0.0650 | global_step = 643/780 | 3.464984655380249
epoch 9 | step 19/78 | loss = 0.0530 | global_step = 644/780 | 3.4761714935302734
epoch 9 | step 20/78 | loss = 0.0240 | global_step = 645/780 | 3.4725148677825928
epoch 9 | step 21/78 | loss = 0.0353 | global_step = 646/780 | 3.456120491027832
epoch 9 | step 22/78 | loss = 0.0186 | global_step = 647/780 | 3.4728362560272217
epoch 9 | step 23/78 | loss = 0.0345 | global_step = 648/780 | 3.480881452560425
epoch 9 | step 24/78 | loss = 0.0330 | global_step = 649/780 | 3.465313196182251
epoch 9 | step 25/78 | loss = 0.0231 | global_step = 650/780 | 3.458650588989258
epoch 9 | step 26/78 | loss = 0.0390 | global_step = 651/780 | 3.4611196517944336
epoch 9 | step 27/78 | loss = 0.1338 | global_step = 652/780 | 3.474290370941162
epoch 9 | step 28/78 | loss = 0.0629 | global_step = 653/780 | 3.4729866981506348
epoch 9 | step 29/78 | loss = 0.0260 | global_step = 654/780 | 3.4727401733398438
epoch 9 | step 30/78 | loss = 0.0275 | global_step = 655/780 | 3.470186948776245
epoch 9 | step 31/78 | loss = 0.0857 | global_step = 656/780 | 3.4747936725616455
epoch 9 | step 32/78 | loss = 0.0560 | global_step = 657/780 | 3.4718081951141357
epoch 9 | step 33/78 | loss = 0.0258 | global_step = 658/780 | 3.4908859729766846
epoch 9 | step 34/78 | loss = 0.0198 | global_step = 659/780 | 3.487952470779419
epoch 9 | step 35/78 | loss = 0.0373 | global_step = 660/780 | 3.467087984085083
epoch 9 | step 36/78 | loss = 0.0301 | global_step = 661/780 | 3.4520459175109863
epoch 9 | step 37/78 | loss = 0.0243 | global_step = 662/780 | 3.4625039100646973
epoch 9 | step 38/78 | loss = 0.0375 | global_step = 663/780 | 3.4723966121673584
epoch 9 | step 39/78 | loss = 0.0135 | global_step = 664/780 | 3.466897964477539
epoch 9 | step 40/78 | loss = 0.0166 | global_step = 665/780 | 3.464813709259033
epoch 9 | step 41/78 | loss = 0.0535 | global_step = 666/780 | 3.4565320014953613
epoch 9 | step 42/78 | loss = 0.0344 | global_step = 667/780 | 3.4621846675872803
epoch 9 | step 43/78 | loss = 0.0687 | global_step = 668/780 | 3.475454092025757
epoch 9 | step 44/78 | loss = 0.0509 | global_step = 669/780 | 3.457946300506592
epoch 9 | step 45/78 | loss = 0.0486 | global_step = 670/780 | 3.4762227535247803
epoch 9 | step 46/78 | loss = 0.0361 | global_step = 671/780 | 3.4606122970581055
epoch 9 | step 47/78 | loss = 0.0425 | global_step = 672/780 | 3.460601806640625
epoch 9 | step 48/78 | loss = 0.0458 | global_step = 673/780 | 3.4692838191986084
epoch 9 | step 49/78 | loss = 0.0220 | global_step = 674/780 | 3.5204217433929443
epoch 9 | step 50/78 | loss = 0.1000 | global_step = 675/780 | 3.4626476764678955
epoch 9 | step 51/78 | loss = 0.0700 | global_step = 676/780 | 3.532335042953491
epoch 9 | step 52/78 | loss = 0.0341 | global_step = 677/780 | 3.4650514125823975
epoch 9 | step 53/78 | loss = 0.0254 | global_step = 678/780 | 3.4692933559417725
epoch 9 | step 54/78 | loss = 0.0197 | global_step = 679/780 | 3.4744873046875
epoch 9 | step 55/78 | loss = 0.0424 | global_step = 680/780 | 3.6381776332855225
epoch 9 | step 56/78 | loss = 0.0442 | global_step = 681/780 | 3.531386613845825
epoch 9 | step 57/78 | loss = 0.0125 | global_step = 682/780 | 3.440978765487671
epoch 9 | step 58/78 | loss = 0.0467 | global_step = 683/780 | 3.4838192462921143
epoch 9 | step 59/78 | loss = 0.0108 | global_step = 684/780 | 3.4713447093963623
epoch 9 | step 60/78 | loss = 0.0497 | global_step = 685/780 | 3.472900629043579
epoch 9 | step 61/78 | loss = 0.0142 | global_step = 686/780 | 3.464313268661499
epoch 9 | step 62/78 | loss = 0.0294 | global_step = 687/780 | 3.462569236755371
epoch 9 | step 63/78 | loss = 0.0345 | global_step = 688/780 | 3.476238250732422
epoch 9 | step 64/78 | loss = 0.0289 | global_step = 689/780 | 3.4677248001098633
epoch 9 | step 65/78 | loss = 0.0425 | global_step = 690/780 | 3.4711859226226807
epoch 9 | step 66/78 | loss = 0.0558 | global_step = 691/780 | 3.463104724884033
epoch 9 | step 67/78 | loss = 0.0431 | global_step = 692/780 | 3.4751815795898438
epoch 9 | step 68/78 | loss = 0.0160 | global_step = 693/780 | 3.474975824356079
epoch 9 | step 69/78 | loss = 0.0500 | global_step = 694/780 | 3.4749739170074463
epoch 9 | step 70/78 | loss = 0.0749 | global_step = 695/780 | 3.474104642868042
epoch 9 | step 71/78 | loss = 0.0377 | global_step = 696/780 | 3.4574356079101562
epoch 9 | step 72/78 | loss = 0.0356 | global_step = 697/780 | 3.46368670463562
epoch 9 | step 73/78 | loss = 0.0117 | global_step = 698/780 | 3.461399793624878
epoch 9 | step 74/78 | loss = 0.0412 | global_step = 699/780 | 3.4768857955932617
epoch 9 | step 75/78 | loss = 0.0230 | global_step = 700/780 | 3.4604532718658447
epoch 9 | step 76/78 | loss = 0.0401 | global_step = 701/780 | 3.4472334384918213
epoch 9 | step 77/78 | loss = 0.0553 | global_step = 702/780 | 3.4681196212768555
epoch 10 | step 0/78 | loss = 0.0360 | global_step = 703/780 | 3.4556338787078857
epoch 10 | step 1/78 | loss = 0.0611 | global_step = 704/780 | 3.482187509536743
epoch 10 | step 2/78 | loss = 0.0121 | global_step = 705/780 | 3.4652888774871826
epoch 10 | step 3/78 | loss = 0.0173 | global_step = 706/780 | 3.4901602268218994
epoch 10 | step 4/78 | loss = 0.0266 | global_step = 707/780 | 3.469835042953491
epoch 10 | step 5/78 | loss = 0.0227 | global_step = 708/780 | 3.47343373298645
epoch 10 | step 6/78 | loss = 0.0191 | global_step = 709/780 | 3.4745981693267822
epoch 10 | step 7/78 | loss = 0.0174 | global_step = 710/780 | 3.4803977012634277
epoch 10 | step 8/78 | loss = 0.0189 | global_step = 711/780 | 3.4630322456359863
epoch 10 | step 9/78 | loss = 0.0324 | global_step = 712/780 | 3.458160638809204
epoch 10 | step 10/78 | loss = 0.0297 | global_step = 713/780 | 3.4779725074768066
epoch 10 | step 11/78 | loss = 0.0201 | global_step = 714/780 | 3.478476047515869
epoch 10 | step 12/78 | loss = 0.0262 | global_step = 715/780 | 3.4540390968322754
epoch 10 | step 13/78 | loss = 0.0135 | global_step = 716/780 | 3.480900287628174
epoch 10 | step 14/78 | loss = 0.0165 | global_step = 717/780 | 3.4822962284088135
epoch 10 | step 15/78 | loss = 0.0406 | global_step = 718/780 | 3.4618287086486816
epoch 10 | step 16/78 | loss = 0.0412 | global_step = 719/780 | 3.4637603759765625
epoch 10 | step 17/78 | loss = 0.0257 | global_step = 720/780 | 3.4674758911132812
epoch 10 | step 18/78 | loss = 0.0395 | global_step = 721/780 | 3.477541446685791
epoch 10 | step 19/78 | loss = 0.0171 | global_step = 722/780 | 3.4663190841674805
epoch 10 | step 20/78 | loss = 0.0228 | global_step = 723/780 | 3.4663236141204834
epoch 10 | step 21/78 | loss = 0.0489 | global_step = 724/780 | 3.4858248233795166
epoch 10 | step 22/78 | loss = 0.0215 | global_step = 725/780 | 3.4644179344177246
epoch 10 | step 23/78 | loss = 0.0265 | global_step = 726/780 | 3.4577131271362305
epoch 10 | step 24/78 | loss = 0.0177 | global_step = 727/780 | 3.4625654220581055
epoch 10 | step 25/78 | loss = 0.0298 | global_step = 728/780 | 3.4697391986846924
epoch 10 | step 26/78 | loss = 0.0278 | global_step = 729/780 | 3.4697980880737305
epoch 10 | step 27/78 | loss = 0.0112 | global_step = 730/780 | 3.466318368911743
epoch 10 | step 28/78 | loss = 0.1177 | global_step = 731/780 | 3.480710983276367
epoch 10 | step 29/78 | loss = 0.0723 | global_step = 732/780 | 3.483271837234497
epoch 10 | step 30/78 | loss = 0.0460 | global_step = 733/780 | 3.4664013385772705
epoch 10 | step 31/78 | loss = 0.0102 | global_step = 734/780 | 3.46980881690979
epoch 10 | step 32/78 | loss = 0.0129 | global_step = 735/780 | 3.454744577407837
epoch 10 | step 33/78 | loss = 0.0807 | global_step = 736/780 | 3.458878517150879
epoch 10 | step 34/78 | loss = 0.0198 | global_step = 737/780 | 3.4724948406219482
epoch 10 | step 35/78 | loss = 0.0315 | global_step = 738/780 | 3.4688568115234375
epoch 10 | step 36/78 | loss = 0.0151 | global_step = 739/780 | 3.46240234375
epoch 10 | step 37/78 | loss = 0.0458 | global_step = 740/780 | 3.467625856399536
epoch 10 | step 38/78 | loss = 0.0260 | global_step = 741/780 | 3.466714859008789
epoch 10 | step 39/78 | loss = 0.0394 | global_step = 742/780 | 3.486213445663452
epoch 10 | step 40/78 | loss = 0.0587 | global_step = 743/780 | 3.483990430831909
epoch 10 | step 41/78 | loss = 0.0662 | global_step = 744/780 | 3.4667139053344727
epoch 10 | step 42/78 | loss = 0.0214 | global_step = 745/780 | 3.4686439037323
epoch 10 | step 43/78 | loss = 0.0694 | global_step = 746/780 | 3.458629608154297
epoch 10 | step 44/78 | loss = 0.0511 | global_step = 747/780 | 3.465547800064087
epoch 10 | step 45/78 | loss = 0.0341 | global_step = 748/780 | 3.4583683013916016
epoch 10 | step 46/78 | loss = 0.0384 | global_step = 749/780 | 3.4594364166259766
epoch 10 | step 47/78 | loss = 0.0378 | global_step = 750/780 | 3.463843584060669
epoch 10 | step 48/78 | loss = 0.0380 | global_step = 751/780 | 3.473463773727417
epoch 10 | step 49/78 | loss = 0.0361 | global_step = 752/780 | 3.4625654220581055
epoch 10 | step 50/78 | loss = 0.0497 | global_step = 753/780 | 3.4816625118255615
epoch 10 | step 51/78 | loss = 0.0437 | global_step = 754/780 | 3.4996511936187744
epoch 10 | step 52/78 | loss = 0.0227 | global_step = 755/780 | 3.4632341861724854
epoch 10 | step 53/78 | loss = 0.0076 | global_step = 756/780 | 3.4572315216064453
epoch 10 | step 54/78 | loss = 0.0090 | global_step = 757/780 | 3.4591763019561768
epoch 10 | step 55/78 | loss = 0.0316 | global_step = 758/780 | 3.475998640060425
epoch 10 | step 56/78 | loss = 0.0396 | global_step = 759/780 | 3.488471269607544
epoch 10 | step 57/78 | loss = 0.0208 | global_step = 760/780 | 3.4607527256011963
epoch 10 | step 58/78 | loss = 0.0334 | global_step = 761/780 | 3.4602386951446533
epoch 10 | step 59/78 | loss = 0.0207 | global_step = 762/780 | 3.4596006870269775
epoch 10 | step 60/78 | loss = 0.0208 | global_step = 763/780 | 3.444423198699951
epoch 10 | step 61/78 | loss = 0.0053 | global_step = 764/780 | 3.462545871734619
epoch 10 | step 62/78 | loss = 0.0125 | global_step = 765/780 | 3.470226526260376
epoch 10 | step 63/78 | loss = 0.0053 | global_step = 766/780 | 3.4587321281433105
epoch 10 | step 64/78 | loss = 0.0473 | global_step = 767/780 | 3.4698638916015625
epoch 10 | step 65/78 | loss = 0.0172 | global_step = 768/780 | 3.4628117084503174
epoch 10 | step 66/78 | loss = 0.0094 | global_step = 769/780 | 3.4655253887176514
epoch 10 | step 67/78 | loss = 0.0209 | global_step = 770/780 | 3.463432788848877
epoch 10 | step 68/78 | loss = 0.0233 | global_step = 771/780 | 3.4801623821258545
epoch 10 | step 69/78 | loss = 0.0139 | global_step = 772/780 | 3.4482128620147705
epoch 10 | step 70/78 | loss = 0.0228 | global_step = 773/780 | 3.460998058319092
epoch 10 | step 71/78 | loss = 0.0398 | global_step = 774/780 | 3.463831663131714
epoch 10 | step 72/78 | loss = 0.0147 | global_step = 775/780 | 3.4567530155181885
epoch 10 | step 73/78 | loss = 0.0487 | global_step = 776/780 | 3.453502655029297
epoch 10 | step 74/78 | loss = 0.0324 | global_step = 777/780 | 3.454267740249634
epoch 10 | step 75/78 | loss = 0.0523 | global_step = 778/780 | 3.4663374423980713
epoch 10 | step 76/78 | loss = 0.0306 | global_step = 779/780 | 3.4658942222595215
epoch 10 | step 77/78 | loss = 0.0216 | global_step = 780/780 | 3.4599738121032715
